Warning[205] C:\USERS\ERDOG\ONEDRIVE\MASAüSTü\CALISMA14SAYICI0-99\SAYICI.ASM 3 : Found directive in column 1. (ORG)
Warning[205] C:\USERS\ERDOG\ONEDRIVE\MASAüSTü\CALISMA14SAYICI0-99\SAYICI.ASM 13 : Found directive in column 1. (BANKSEL)
Warning[203] C:\USERS\ERDOG\ONEDRIVE\MASAüSTü\CALISMA14SAYICI0-99\SAYICI.ASM 14 : Found opcode in column 1. (MOVLW)
Warning[203] C:\USERS\ERDOG\ONEDRIVE\MASAüSTü\CALISMA14SAYICI0-99\SAYICI.ASM 15 : Found opcode in column 1. (MOVWF)
Message[302] C:\USERS\ERDOG\ONEDRIVE\MASAüSTü\CALISMA14SAYICI0-99\SAYICI.ASM 15 : Register in operand not in bank 0.  Ensure that bank bits are correct.
Warning[203] C:\USERS\ERDOG\ONEDRIVE\MASAüSTü\CALISMA14SAYICI0-99\SAYICI.ASM 17 : Found opcode in column 1. (CLRF)
Message[302] C:\USERS\ERDOG\ONEDRIVE\MASAüSTü\CALISMA14SAYICI0-99\SAYICI.ASM 17 : Register in operand not in bank 0.  Ensure that bank bits are correct.
Warning[203] C:\USERS\ERDOG\ONEDRIVE\MASAüSTü\CALISMA14SAYICI0-99\SAYICI.ASM 18 : Found opcode in column 1. (CLRF)
Message[302] C:\USERS\ERDOG\ONEDRIVE\MASAüSTü\CALISMA14SAYICI0-99\SAYICI.ASM 18 : Register in operand not in bank 0.  Ensure that bank bits are correct.
Warning[205] C:\USERS\ERDOG\ONEDRIVE\MASAüSTü\CALISMA14SAYICI0-99\SAYICI.ASM 20 : Found directive in column 1. (BANKSEL)
Warning[203] C:\USERS\ERDOG\ONEDRIVE\MASAüSTü\CALISMA14SAYICI0-99\SAYICI.ASM 21 : Found opcode in column 1. (BSF)
Warning[203] C:\USERS\ERDOG\ONEDRIVE\MASAüSTü\CALISMA14SAYICI0-99\SAYICI.ASM 22 : Found opcode in column 1. (CLRF)
Warning[203] C:\USERS\ERDOG\ONEDRIVE\MASAüSTü\CALISMA14SAYICI0-99\SAYICI.ASM 24 : Found opcode in column 1. (MOVLW)
Warning[203] C:\USERS\ERDOG\ONEDRIVE\MASAüSTü\CALISMA14SAYICI0-99\SAYICI.ASM 25 : Found opcode in column 1. (MOVWF)
Warning[203] C:\USERS\ERDOG\ONEDRIVE\MASAüSTü\CALISMA14SAYICI0-99\SAYICI.ASM 27 : Found opcode in column 1. (MOVLW)
Warning[203] C:\USERS\ERDOG\ONEDRIVE\MASAüSTü\CALISMA14SAYICI0-99\SAYICI.ASM 28 : Found opcode in column 1. (MOVWF)
Warning[203] C:\USERS\ERDOG\ONEDRIVE\MASAüSTü\CALISMA14SAYICI0-99\SAYICI.ASM 30 : Found opcode in column 1. (MOVLW)
Warning[203] C:\USERS\ERDOG\ONEDRIVE\MASAüSTü\CALISMA14SAYICI0-99\SAYICI.ASM 31 : Found opcode in column 1. (MOVWF)
Warning[203] C:\USERS\ERDOG\ONEDRIVE\MASAüSTü\CALISMA14SAYICI0-99\SAYICI.ASM 33 : Found opcode in column 1. (MOVLW)
Warning[203] C:\USERS\ERDOG\ONEDRIVE\MASAüSTü\CALISMA14SAYICI0-99\SAYICI.ASM 34 : Found opcode in column 1. (MOVWF)
Warning[203] C:\USERS\ERDOG\ONEDRIVE\MASAüSTü\CALISMA14SAYICI0-99\SAYICI.ASM 37 : Found opcode in column 1. (BSF)
Warning[203] C:\USERS\ERDOG\ONEDRIVE\MASAüSTü\CALISMA14SAYICI0-99\SAYICI.ASM 38 : Found opcode in column 1. (BCF)
Warning[203] C:\USERS\ERDOG\ONEDRIVE\MASAüSTü\CALISMA14SAYICI0-99\SAYICI.ASM 39 : Found opcode in column 1. (INCF)
Warning[203] C:\USERS\ERDOG\ONEDRIVE\MASAüSTü\CALISMA14SAYICI0-99\SAYICI.ASM 40 : Found opcode in column 1. (MOVF)
Warning[203] C:\USERS\ERDOG\ONEDRIVE\MASAüSTü\CALISMA14SAYICI0-99\SAYICI.ASM 41 : Found opcode in column 1. (CALL)
Warning[203] C:\USERS\ERDOG\ONEDRIVE\MASAüSTü\CALISMA14SAYICI0-99\SAYICI.ASM 42 : Found opcode in column 1. (MOVWF)
Warning[203] C:\USERS\ERDOG\ONEDRIVE\MASAüSTü\CALISMA14SAYICI0-99\SAYICI.ASM 43 : Found opcode in column 1. (CALL)
Warning[203] C:\USERS\ERDOG\ONEDRIVE\MASAüSTü\CALISMA14SAYICI0-99\SAYICI.ASM 45 : Found opcode in column 1. (BCF)
Warning[203] C:\USERS\ERDOG\ONEDRIVE\MASAüSTü\CALISMA14SAYICI0-99\SAYICI.ASM 46 : Found opcode in column 1. (BSF)
Warning[203] C:\USERS\ERDOG\ONEDRIVE\MASAüSTü\CALISMA14SAYICI0-99\SAYICI.ASM 47 : Found opcode in column 1. (MOVF)
Warning[203] C:\USERS\ERDOG\ONEDRIVE\MASAüSTü\CALISMA14SAYICI0-99\SAYICI.ASM 48 : Found opcode in column 1. (CALL)
Warning[203] C:\USERS\ERDOG\ONEDRIVE\MASAüSTü\CALISMA14SAYICI0-99\SAYICI.ASM 49 : Found opcode in column 1. (MOVWF)
Warning[203] C:\USERS\ERDOG\ONEDRIVE\MASAüSTü\CALISMA14SAYICI0-99\SAYICI.ASM 50 : Found opcode in column 1. (CALL)
Warning[203] C:\USERS\ERDOG\ONEDRIVE\MASAüSTü\CALISMA14SAYICI0-99\SAYICI.ASM 51 : Found opcode in column 1. (DECFSZ)
Message[305] C:\USERS\ERDOG\ONEDRIVE\MASAüSTü\CALISMA14SAYICI0-99\SAYICI.ASM 51 : Using default destination of 1 (file).
Warning[203] C:\USERS\ERDOG\ONEDRIVE\MASAüSTü\CALISMA14SAYICI0-99\SAYICI.ASM 52 : Found opcode in column 1. (CALL)
Warning[203] C:\USERS\ERDOG\ONEDRIVE\MASAüSTü\CALISMA14SAYICI0-99\SAYICI.ASM 54 : Found opcode in column 1. (MOVLW)
Warning[203] C:\USERS\ERDOG\ONEDRIVE\MASAüSTü\CALISMA14SAYICI0-99\SAYICI.ASM 55 : Found opcode in column 1. (MOVWF)
Warning[203] C:\USERS\ERDOG\ONEDRIVE\MASAüSTü\CALISMA14SAYICI0-99\SAYICI.ASM 57 : Found opcode in column 1. (MOVLW)
Warning[203] C:\USERS\ERDOG\ONEDRIVE\MASAüSTü\CALISMA14SAYICI0-99\SAYICI.ASM 58 : Found opcode in column 1. (MOVWF)
Warning[203] C:\USERS\ERDOG\ONEDRIVE\MASAüSTü\CALISMA14SAYICI0-99\SAYICI.ASM 61 : Found opcode in column 1. (BSF)
Warning[203] C:\USERS\ERDOG\ONEDRIVE\MASAüSTü\CALISMA14SAYICI0-99\SAYICI.ASM 62 : Found opcode in column 1. (BCF)
Warning[203] C:\USERS\ERDOG\ONEDRIVE\MASAüSTü\CALISMA14SAYICI0-99\SAYICI.ASM 63 : Found opcode in column 1. (INCF)
Message[305] C:\USERS\ERDOG\ONEDRIVE\MASAüSTü\CALISMA14SAYICI0-99\SAYICI.ASM 63 : Using default destination of 1 (file).
Warning[203] C:\USERS\ERDOG\ONEDRIVE\MASAüSTü\CALISMA14SAYICI0-99\SAYICI.ASM 64 : Found opcode in column 1. (MOVF)
Warning[203] C:\USERS\ERDOG\ONEDRIVE\MASAüSTü\CALISMA14SAYICI0-99\SAYICI.ASM 65 : Found opcode in column 1. (CALL)
Warning[203] C:\USERS\ERDOG\ONEDRIVE\MASAüSTü\CALISMA14SAYICI0-99\SAYICI.ASM 66 : Found opcode in column 1. (MOVWF)
Warning[203] C:\USERS\ERDOG\ONEDRIVE\MASAüSTü\CALISMA14SAYICI0-99\SAYICI.ASM 67 : Found opcode in column 1. (CALL)
Warning[203] C:\USERS\ERDOG\ONEDRIVE\MASAüSTü\CALISMA14SAYICI0-99\SAYICI.ASM 68 : Found opcode in column 1. (DECFSZ)
Message[305] C:\USERS\ERDOG\ONEDRIVE\MASAüSTü\CALISMA14SAYICI0-99\SAYICI.ASM 68 : Using default destination of 1 (file).
Warning[203] C:\USERS\ERDOG\ONEDRIVE\MASAüSTü\CALISMA14SAYICI0-99\SAYICI.ASM 69 : Found opcode in column 1. (CALL)
Warning[203] C:\USERS\ERDOG\ONEDRIVE\MASAüSTü\CALISMA14SAYICI0-99\SAYICI.ASM 71 : Found opcode in column 1. (MOVLW)
Warning[203] C:\USERS\ERDOG\ONEDRIVE\MASAüSTü\CALISMA14SAYICI0-99\SAYICI.ASM 72 : Found opcode in column 1. (MOVWF)
Warning[203] C:\USERS\ERDOG\ONEDRIVE\MASAüSTü\CALISMA14SAYICI0-99\SAYICI.ASM 74 : Found opcode in column 1. (MOVLW)
Warning[203] C:\USERS\ERDOG\ONEDRIVE\MASAüSTü\CALISMA14SAYICI0-99\SAYICI.ASM 75 : Found opcode in column 1. (MOVWF)
Warning[203] C:\USERS\ERDOG\ONEDRIVE\MASAüSTü\CALISMA14SAYICI0-99\SAYICI.ASM 77 : Found opcode in column 1. (MOVLW)
Warning[203] C:\USERS\ERDOG\ONEDRIVE\MASAüSTü\CALISMA14SAYICI0-99\SAYICI.ASM 78 : Found opcode in column 1. (MOVWF)
Warning[203] C:\USERS\ERDOG\ONEDRIVE\MASAüSTü\CALISMA14SAYICI0-99\SAYICI.ASM 80 : Found opcode in column 1. (MOVLW)
Warning[203] C:\USERS\ERDOG\ONEDRIVE\MASAüSTü\CALISMA14SAYICI0-99\SAYICI.ASM 81 : Found opcode in column 1. (MOVWF)
Warning[203] C:\USERS\ERDOG\ONEDRIVE\MASAüSTü\CALISMA14SAYICI0-99\SAYICI.ASM 82 : Found opcode in column 1. (CALL)
Message[305] C:\USERS\ERDOG\ONEDRIVE\MASAüSTü\CALISMA14SAYICI0-99\SAYICI.ASM 93 : Using default destination of 1 (file).
Warning[203] C:\USERS\ERDOG\ONEDRIVE\MASAüSTü\CALISMA14SAYICI0-99\SAYICI.ASM 95 : Found opcode in column 1. (RETURN)
Warning[203] C:\USERS\ERDOG\ONEDRIVE\MASAüSTü\CALISMA14SAYICI0-99\SAYICI.ASM 98 : Found opcode in column 1. (ADDWF)
Warning[203] C:\USERS\ERDOG\ONEDRIVE\MASAüSTü\CALISMA14SAYICI0-99\SAYICI.ASM 109 : Found opcode in column 1. (RETURN)
Warning[205] C:\USERS\ERDOG\ONEDRIVE\MASAüSTü\CALISMA14SAYICI0-99\SAYICI.ASM 111 : Found directive in column 1. (END)
