MPASM  5.51                        SAYICI.ASM   9-17-2018  23:51:43         PAGE  1


LOC  OBJECT CODE     LINE SOURCE TEXT
  VALUE

                      00001 #INCLUDE<P16F877.INC>
                      00001         LIST
                      00002 
                      00003 ;==========================================================================
                      00004 ;  MPASM PIC16F877 processor include
                      00005 ; 
                      00006 ;  (c) Copyright 1999-2013 Microchip Technology, All rights reserved
                      00007 ;==========================================================================
                      00008 
                      00540         LIST
                      00002 ;Erdogan Canbay Tarafýndan Dizayn Edildi Fýrat Universitesi Bilgisayar Muhendisligi Ogrencisi
Warning[205]: Found directive in column 1. (ORG)
0000                  00003 ORG 0X00
                      00004 
  00000021            00005 BIRLER EQU 0X21
  00000022            00006 ONLAR EQU 0X22
  00000023            00007 SAYACB EQU 0X23
  00000024            00008 SAYACO EQU 0X24
                      00009 
  00000025            00010 GEC1 EQU 0X25
  00000026            00011 GEC2 EQU 0X26
                      00012 
Warning[205]: Found directive in column 1. (BANKSEL)
0000   1683 1303      00013 BANKSEL ADCON1
Warning[203]: Found opcode in column 1. (MOVLW)
0002   3006           00014 MOVLW 0X06
Warning[203]: Found opcode in column 1. (MOVWF)
Message[302]: Register in operand not in bank 0.  Ensure that bank bits are correct.
0003   009F           00015 MOVWF ADCON1
                      00016 
Warning[203]: Found opcode in column 1. (CLRF)
Message[302]: Register in operand not in bank 0.  Ensure that bank bits are correct.
0004   0185           00017 CLRF TRISA
Warning[203]: Found opcode in column 1. (CLRF)
Message[302]: Register in operand not in bank 0.  Ensure that bank bits are correct.
0005   0186           00018 CLRF TRISB
                      00019 
Warning[205]: Found directive in column 1. (BANKSEL)
0006   1283 1303      00020 BANKSEL PORTA
Warning[203]: Found opcode in column 1. (BSF)
0008   1485           00021 BSF PORTA,1
Warning[203]: Found opcode in column 1. (CLRF)
0009   0186           00022 CLRF PORTB
                      00023 
Warning[203]: Found opcode in column 1. (MOVLW)
000A   3000           00024 MOVLW 0X00              ;birler basamaðý 
Warning[203]: Found opcode in column 1. (MOVWF)
000B   00A1           00025 MOVWF BIRLER
                      00026 
Warning[203]: Found opcode in column 1. (MOVLW)
000C   3009           00027 MOVLW 0X09              ;birler basamaðý sayaçý
Warning[203]: Found opcode in column 1. (MOVWF)
000D   00A3           00028 MOVWF SAYACB    ;her 9 olduðunda 0 a dönmesi için 
MPASM  5.51                        SAYICI.ASM   9-17-2018  23:51:43         PAGE  2


LOC  OBJECT CODE     LINE SOURCE TEXT
  VALUE

                      00029 
Warning[203]: Found opcode in column 1. (MOVLW)
000E   3000           00030 MOVLW 0X00              ;onlar basamaðý (soldaki 7segment)
Warning[203]: Found opcode in column 1. (MOVWF)
000F   00A2           00031 MOVWF ONLAR
                      00032 
Warning[203]: Found opcode in column 1. (MOVLW)
0010   300A           00033 MOVLW 0X0A              ;onlar basamaðý sayacý 9 oldugunda 0 a dönsün
Warning[203]: Found opcode in column 1. (MOVWF)
0011   00A4           00034 MOVWF SAYACO
                      00035 
0012                  00036 DONGU1
Warning[203]: Found opcode in column 1. (BSF)
0012   1405           00037 BSF PORTA,0
Warning[203]: Found opcode in column 1. (BCF)
0013   1085           00038 BCF PORTA,1             ;porta,1 clear seçme ucuna gelen verýyý okuyacaktýr
Warning[203]: Found opcode in column 1. (INCF)
0014   0AA1           00039 INCF BIRLER,F           ;birler basamaðý 1-1 artacaktýr
Warning[203]: Found opcode in column 1. (MOVF)
0015   0821           00040 MOVF BIRLER,W   ;birler basamaðýnýn anlýk deðeri workinge yüklenip
Warning[203]: Found opcode in column 1. (CALL)
0016   2040           00041 CALL RAKAMLAR   ;rakamlardan deðer alýnacaktýr
Warning[203]: Found opcode in column 1. (MOVWF)
0017   0086           00042 MOVWF PORTB
Warning[203]: Found opcode in column 1. (CALL)
0018   2037           00043 CALL GECIKME
                      00044 
Warning[203]: Found opcode in column 1. (BCF)
0019   1005           00045 BCF PORTA,0             ;onlar basamaðý için porta,0 seçim ucu kullanýlmýþtýr
Warning[203]: Found opcode in column 1. (BSF)
001A   1485           00046 BSF PORTA,1             ;birler basamaðý set edip kapandýðýnda onlar basamaðýna yazýlacaktýr deðer
Warning[203]: Found opcode in column 1. (MOVF)
001B   0822           00047 MOVF ONLAR,W    ;lookup table dan deðer alýnacaktýr
Warning[203]: Found opcode in column 1. (CALL)
001C   2040           00048 CALL RAKAMLAR
Warning[203]: Found opcode in column 1. (MOVWF)
001D   0086           00049 MOVWF PORTB
Warning[203]: Found opcode in column 1. (CALL)
001E   2037           00050 CALL GECIKME
Warning[203]: Found opcode in column 1. (DECFSZ)
Message[305]: Using default destination of 1 (file).
001F   0BA3           00051 DECFSZ SAYACB           ;her dongude sayac birler 1-1 azalacaktýr
Warning[203]: Found opcode in column 1. (CALL)
0020   2012           00052 CALL DONGU1
                      00053 
Warning[203]: Found opcode in column 1. (MOVLW)
0021   3000           00054 MOVLW 0X00              ;sayac birler sýfýr olunca birler basamðýndaki rakam 9 olmuþ demektýr
Warning[203]: Found opcode in column 1. (MOVWF)
0022   00A1           00055 MOVWF BIRLER            ;tekrardan bu basamaðý 0 yapacaðýz 0-9 arasýnda sürekli saydýðýmýz için
                      00056 
Warning[203]: Found opcode in column 1. (MOVLW)
0023   3009           00057 MOVLW 0X09              ;birler sayacý tekrardan 9 yapýlýyor
Warning[203]: Found opcode in column 1. (MOVWF)
MPASM  5.51                        SAYICI.ASM   9-17-2018  23:51:43         PAGE  3


LOC  OBJECT CODE     LINE SOURCE TEXT
  VALUE

0024   00A3           00058 MOVWF SAYACB
                      00059 
0025                  00060 DONGU2                  ;birler basamaðý 9 olduðu zaman tekrar 0 ladýk
Warning[203]: Found opcode in column 1. (BSF)
0025   1485           00061 BSF PORTA,1             ;þimdi yapmamýz gereken soldaki rakamý yani onlar basamaðýný
Warning[203]: Found opcode in column 1. (BCF)
0026   1005           00062 BCF PORTA,0             ;1 artýrmak bu sayede 9 dan sonra 10
Warning[203]: Found opcode in column 1. (INCF)
Message[305]: Using default destination of 1 (file).
0027   0AA2           00063 INCF ONLAR              ; 19 dan sonra 20 .... 89 dan sonra 90 gelecektir
Warning[203]: Found opcode in column 1. (MOVF)
0028   0822           00064 MOVF ONLAR,W
Warning[203]: Found opcode in column 1. (CALL)
0029   2040           00065 CALL RAKAMLAR
Warning[203]: Found opcode in column 1. (MOVWF)
002A   0086           00066 MOVWF PORTB
Warning[203]: Found opcode in column 1. (CALL)
002B   2037           00067 CALL GECIKME
Warning[203]: Found opcode in column 1. (DECFSZ)
Message[305]: Using default destination of 1 (file).
002C   0BA4           00068 DECFSZ SAYACO           ;sayac onlarda sýfýr olduysa demektirki 99 sayýsýný görüyoruz þimdi bütün iþleml
                            eri baþa almamýz gerekiyor
Warning[203]: Found opcode in column 1. (CALL)
002D   2012           00069 CALL DONGU1
                      00070 
Warning[203]: Found opcode in column 1. (MOVLW)
002E   3000           00071 MOVLW 0X00              ;99 olduysa bütün deðerleri baþtan yükleyip ilk döngüye tekrar dallanýyoruz
Warning[203]: Found opcode in column 1. (MOVWF)
002F   00A1           00072 MOVWF BIRLER
                      00073 
Warning[203]: Found opcode in column 1. (MOVLW)
0030   3009           00074 MOVLW 0X09
Warning[203]: Found opcode in column 1. (MOVWF)
0031   00A3           00075 MOVWF SAYACB
                      00076 
Warning[203]: Found opcode in column 1. (MOVLW)
0032   3000           00077 MOVLW 0X00
Warning[203]: Found opcode in column 1. (MOVWF)
0033   00A2           00078 MOVWF ONLAR
                      00079 
Warning[203]: Found opcode in column 1. (MOVLW)
0034   300A           00080 MOVLW 0X0A
Warning[203]: Found opcode in column 1. (MOVWF)
0035   00A4           00081 MOVWF SAYACO
Warning[203]: Found opcode in column 1. (CALL)
0036   2012           00082 CALL DONGU1
                      00083 
0037                  00084 GECIKME
0037   30F7           00085         MOVLW 0XF7
0038   00A5           00086         MOVWF GEC1
0039                  00087 DON1
0039   3047           00088         MOVLW 0X47
003A   00A6           00089         MOVWF GEC2
MPASM  5.51                        SAYICI.ASM   9-17-2018  23:51:43         PAGE  4


LOC  OBJECT CODE     LINE SOURCE TEXT
  VALUE

003B                  00090 DON2
003B   0BA6           00091         DECFSZ GEC2,F
003C   283B           00092         GOTO DON2
Message[305]: Using default destination of 1 (file).
003D   0BA5           00093         DECFSZ GEC1
003E   2839           00094         GOTO DON1
Warning[203]: Found opcode in column 1. (RETURN)
003F   0008           00095 RETURN
                      00096 
0040                  00097 RAKAMLAR
Warning[203]: Found opcode in column 1. (ADDWF)
0040   0782           00098 ADDWF PCL,F
0041   343F           00099         RETLW h'3F'                              
0042   3406           00100         RETLW h'06'                             
0043   345B           00101         RETLW h'5B'                              
0044   344F           00102         RETLW h'4F'                             
0045   3466           00103         RETLW h'66'                             
0046   346D           00104         RETLW h'6D'                           
0047   347D           00105         RETLW h'7D'                             
0048   3407           00106         RETLW h'07'                             
0049   347F           00107         RETLW h'7F'
004A   346F           00108         RETLW h'6F'
Warning[203]: Found opcode in column 1. (RETURN)
004B   0008           00109 RETURN
                      00110                                 ;~~ www.mikroislemcim.com ~~
Warning[205]: Found directive in column 1. (END)
                      00111 END
MPASM  5.51                        SAYICI.ASM   9-17-2018  23:51:43         PAGE  5


SYMBOL TABLE
  LABEL                             VALUE 

ACKDT                             00000005
ACKEN                             00000004
ACKSTAT                           00000006
ADCON0                            0000001F
ADCON1                            0000009F
ADCS0                             00000006
ADCS1                             00000007
ADDEN                             00000003
ADFM                              00000007
ADIE                              00000006
ADIF                              00000006
ADON                              00000000
ADRESH                            0000001E
ADRESL                            0000009E
BCLIE                             00000003
BCLIF                             00000003
BF                                00000000
BIRLER                            00000021
BRGH                              00000002
C                                 00000000
CCP1CON                           00000017
CCP1IE                            00000002
CCP1IF                            00000002
CCP1M0                            00000000
CCP1M1                            00000001
CCP1M2                            00000002
CCP1M3                            00000003
CCP1X                             00000005
CCP1Y                             00000004
CCP2CON                           0000001D
CCP2IE                            00000000
CCP2IF                            00000000
CCP2M0                            00000000
CCP2M1                            00000001
CCP2M2                            00000002
CCP2M3                            00000003
CCP2X                             00000005
CCP2Y                             00000004
CCPR1                             00000015
CCPR1H                            00000016
CCPR1L                            00000015
CCPR2                             0000001B
CCPR2H                            0000001C
CCPR2L                            0000001B
CHS0                              00000003
CHS1                              00000004
CHS2                              00000005
CKE                               00000006
CKP                               00000004
CREN                              00000004
CSRC                              00000007
D                                 00000005
DATA_ADDRESS                      00000005
MPASM  5.51                        SAYICI.ASM   9-17-2018  23:51:43         PAGE  6


SYMBOL TABLE
  LABEL                             VALUE 

DC                                00000001
DON1                              00000039
DON2                              0000003B
DONGU1                            00000012
DONGU2                            00000025
D_A                               00000005
D_NOT_A                           00000005
EEADR                             0000010D
EEADRH                            0000010F
EECON1                            0000018C
EECON2                            0000018D
EEDATA                            0000010C
EEDATH                            0000010E
EEIE                              00000004
EEIF                              00000004
EEPGD                             00000007
F                                 00000001
FERR                              00000002
FSR                               00000004
GCEN                              00000007
GEC1                              00000025
GEC2                              00000026
GECIKME                           00000037
GIE                               00000007
GO                                00000002
GO_DONE                           00000002
GO_NOT_DONE                       00000002
I2C_DATA                          00000005
I2C_READ                          00000002
I2C_START                         00000003
I2C_STOP                          00000004
IBF                               00000007
IBOV                              00000005
INDF                              00000000
INTCON                            0000000B
INTE                              00000004
INTEDG                            00000006
INTF                              00000001
IRP                               00000007
NOT_A                             00000005
NOT_ADDRESS                       00000005
NOT_BO                            00000000
NOT_BOR                           00000000
NOT_DONE                          00000002
NOT_PD                            00000003
NOT_POR                           00000001
NOT_RBPU                          00000007
NOT_RC8                           00000006
NOT_T1SYNC                        00000002
NOT_TO                            00000004
NOT_TX8                           00000006
NOT_W                             00000002
NOT_WRITE                         00000002
MPASM  5.51                        SAYICI.ASM   9-17-2018  23:51:43         PAGE  7


SYMBOL TABLE
  LABEL                             VALUE 

OBF                               00000006
OERR                              00000001
ONLAR                             00000022
OPTION_REG                        00000081
P                                 00000004
PCFG0                             00000000
PCFG1                             00000001
PCFG2                             00000002
PCFG3                             00000003
PCL                               00000002
PCLATH                            0000000A
PCON                              0000008E
PEIE                              00000006
PEN                               00000002
PIE1                              0000008C
PIE2                              0000008D
PIR1                              0000000C
PIR2                              0000000D
PORTA                             00000005
PORTB                             00000006
PORTC                             00000007
PORTD                             00000008
PORTE                             00000009
PR2                               00000092
PS0                               00000000
PS1                               00000001
PS2                               00000002
PSA                               00000003
PSPIE                             00000007
PSPIF                             00000007
PSPMODE                           00000004
R                                 00000002
RA0                               00000000
RA1                               00000001
RA2                               00000002
RA3                               00000003
RA4                               00000004
RA5                               00000005
RAKAMLAR                          00000040
RB0                               00000000
RB1                               00000001
RB2                               00000002
RB3                               00000003
RB4                               00000004
RB5                               00000005
RB6                               00000006
RB7                               00000007
RBIE                              00000003
RBIF                              00000000
RC0                               00000000
RC1                               00000001
RC2                               00000002
RC3                               00000003
MPASM  5.51                        SAYICI.ASM   9-17-2018  23:51:43         PAGE  8


SYMBOL TABLE
  LABEL                             VALUE 

RC4                               00000004
RC5                               00000005
RC6                               00000006
RC7                               00000007
RC8_9                             00000006
RC9                               00000006
RCD8                              00000000
RCEN                              00000003
RCIE                              00000005
RCIF                              00000005
RCREG                             0000001A
RCSTA                             00000018
RD                                00000000
RD0                               00000000
RD1                               00000001
RD2                               00000002
RD3                               00000003
RD4                               00000004
RD5                               00000005
RD6                               00000006
RD7                               00000007
RE0                               00000000
RE1                               00000001
RE2                               00000002
READ_WRITE                        00000002
RP0                               00000005
RP1                               00000006
RSEN                              00000001
RX9                               00000006
RX9D                              00000000
R_NOT_W                           00000002
R_W                               00000002
S                                 00000003
SAYACB                            00000023
SAYACO                            00000024
SEN                               00000000
SMP                               00000007
SPBRG                             00000099
SPEN                              00000007
SREN                              00000005
SSPADD                            00000093
SSPBUF                            00000013
SSPCON                            00000014
SSPCON2                           00000091
SSPEN                             00000005
SSPIE                             00000003
SSPIF                             00000003
SSPM0                             00000000
SSPM1                             00000001
SSPM2                             00000002
SSPM3                             00000003
SSPOV                             00000006
SSPSTAT                           00000094
MPASM  5.51                        SAYICI.ASM   9-17-2018  23:51:43         PAGE  9


SYMBOL TABLE
  LABEL                             VALUE 

STATUS                            00000003
SYNC                              00000004
T0CS                              00000005
T0IE                              00000005
T0IF                              00000002
T0SE                              00000004
T1CKPS0                           00000004
T1CKPS1                           00000005
T1CON                             00000010
T1INSYNC                          00000002
T1OSCEN                           00000003
T1SYNC                            00000002
T2CKPS0                           00000000
T2CKPS1                           00000001
T2CON                             00000012
TMR0                              00000001
TMR0IE                            00000005
TMR0IF                            00000002
TMR1                              0000000E
TMR1CS                            00000001
TMR1H                             0000000F
TMR1IE                            00000000
TMR1IF                            00000000
TMR1L                             0000000E
TMR1ON                            00000000
TMR2                              00000011
TMR2IE                            00000001
TMR2IF                            00000001
TMR2ON                            00000002
TOUTPS0                           00000003
TOUTPS1                           00000004
TOUTPS2                           00000005
TOUTPS3                           00000006
TRISA                             00000085
TRISA0                            00000000
TRISA1                            00000001
TRISA2                            00000002
TRISA3                            00000003
TRISA4                            00000004
TRISA5                            00000005
TRISB                             00000086
TRISB0                            00000000
TRISB1                            00000001
TRISB2                            00000002
TRISB3                            00000003
TRISB4                            00000004
TRISB5                            00000005
TRISB6                            00000006
TRISB7                            00000007
TRISC                             00000087
TRISC0                            00000000
TRISC1                            00000001
TRISC2                            00000002
MPASM  5.51                        SAYICI.ASM   9-17-2018  23:51:43         PAGE 10


SYMBOL TABLE
  LABEL                             VALUE 

TRISC3                            00000003
TRISC4                            00000004
TRISC5                            00000005
TRISC6                            00000006
TRISC7                            00000007
TRISD                             00000088
TRISD0                            00000000
TRISD1                            00000001
TRISD2                            00000002
TRISD3                            00000003
TRISD4                            00000004
TRISD5                            00000005
TRISD6                            00000006
TRISD7                            00000007
TRISE                             00000089
TRISE0                            00000000
TRISE1                            00000001
TRISE2                            00000002
TRMT                              00000001
TX8_9                             00000006
TX9                               00000006
TX9D                              00000000
TXD8                              00000000
TXEN                              00000005
TXIE                              00000004
TXIF                              00000004
TXREG                             00000019
TXSTA                             00000098
UA                                00000001
W                                 00000000
WCOL                              00000007
WR                                00000001
WREN                              00000002
WRERR                             00000003
Z                                 00000002
_BODEN_OFF                        00003FBF
_BODEN_ON                         00003FFF
_BOREN_OFF                        00003FBF
_BOREN_ON                         00003FFF
_CONFIG                           00002007
_CPD_OFF                          00003FFF
_CPD_ON                           00003EFF
_CP_ALL                           00000FCF
_CP_HALF                          00001FDF
_CP_OFF                           00003FFF
_CP_UPPER_256                     00002FEF
_DEBUG_OFF                        00003FFF
_DEBUG_ON                         000037FF
_DEVID1                           00002006
_FOSC_EXTRC                       00003FFF
_FOSC_HS                          00003FFE
_FOSC_LP                          00003FFC
_FOSC_XT                          00003FFD
MPASM  5.51                        SAYICI.ASM   9-17-2018  23:51:43         PAGE 11


SYMBOL TABLE
  LABEL                             VALUE 

_HS_OSC                           00003FFE
_IDLOC0                           00002000
_IDLOC1                           00002001
_IDLOC2                           00002002
_IDLOC3                           00002003
_LP_OSC                           00003FFC
_LVP_OFF                          00003F7F
_LVP_ON                           00003FFF
_PWRTE_OFF                        00003FFF
_PWRTE_ON                         00003FF7
_RC_OSC                           00003FFF
_WDTE_OFF                         00003FFB
_WDTE_ON                          00003FFF
_WDT_OFF                          00003FFB
_WDT_ON                           00003FFF
_WRT_ENABLE_OFF                   00003DFF
_WRT_ENABLE_ON                    00003FFF
_WRT_OFF                          00003DFF
_WRT_ON                           00003FFF
_XT_OSC                           00003FFD
__16F877                          00000001
__DEBUG                           1


MEMORY USAGE MAP ('X' = Used,  '-' = Unused)

0000 : XXXXXXXXXXXXXXXX XXXXXXXXXXXXXXXX XXXXXXXXXXXXXXXX XXXXXXXXXXXXXXXX
0040 : XXXXXXXXXXXX---- ---------------- ---------------- ----------------

All other memory blocks unused.

Program Memory Words Used:    76
Program Memory Words Free:  8116


Errors   :     0
Warnings :    58 reported,     0 suppressed
Messages :     7 reported,     0 suppressed

