MPASM 5.81                NEWASMTEMPLATE.ASM   12-10-2018  21:36:54         PAGE  1


LOC  OBJECT CODE     LINE SOURCE TEXT
  VALUE

                      00001     LIST P=16F877A
                      00002     #INCLUDE <P16F877A.INC>
                      00001         LIST
                      00002 
                      00003 ;==========================================================================
                      00004 ; Build date : Jul 23 2018
                      00005 ;  MPASM PIC16F877A processor include
                      00006 ; 
                      00007 ;  (c) Copyright 1999-2018 Microchip Technology, All rights reserved
                      00008 ;==========================================================================
                      00009 
                      00567         LIST
2007   3F31           00003     __CONFIG H'3F31'
Warning[207]: Found label after column 1. (SAYAC)
  00000020            00004     SAYAC EQU 0X20
Warning[207]: Found label after column 1. (BEKLE)
  00000022            00005     BEKLE EQU 0X22
Warning[207]: Found label after column 1. (BEKLE2)
  00000023            00006     BEKLE2 EQU 0X23 
Warning[207]: Found label after column 1. (TEMP)
  00000024            00007     TEMP EQU 0X24
                      00008     ORG 0X00
0000   2???           00009     GOTO MAIN
                      00010     ORG 0X04
0004                  00011 KESME
0004   1283 1303      00012     BANKSEL RCREG
0006   081A           00013     MOVFW RCREG ;BAK
0007   2???           00014     CALL DATAWRITE
0008   0009           00015     RETFIE
0009                  00016 MAIN
0009   1683 1303      00017     BANKSEL TRISB
Message[302]: Register in operand not in bank 0.  Ensure that bank bits are correct.
000B   0186           00018     CLRF TRISB
Message[302]: Register in operand not in bank 0.  Ensure that bank bits are correct.
000C   0188           00019     CLRF TRISD
Message[302]: Register in operand not in bank 0.  Ensure that bank bits are correct.
000D   1787           00020     BSF TRISC,7
000E   1283 1303      00021     BANKSEL PORTB
0010   0186           00022     CLRF PORTB
0011   0188           00023     CLRF PORTD
                      00024     
0012   2???           00025     CALL LCDREADY
                      00026     
0013   1506           00027     BSF PORTB,2
0014   1186           00028     BCF PORTB,3
0015   1683 1303      00029     BANKSEL SPBRG
0017   3019           00030     MOVLW B'00011001'   ;BAK    BAUD RATE:25
Message[302]: Register in operand not in bank 0.  Ensure that bank bits are correct.
0018   0099           00031     MOVWF SPBRG
0019   1683 1303      00032     BANKSEL TXSTA
001B   3004           00033     MOVLW B'00000100'   ;BAK
Message[302]: Register in operand not in bank 0.  Ensure that bank bits are correct.
001C   0098           00034     MOVWF TXSTA
MPASM 5.81                NEWASMTEMPLATE.ASM   12-10-2018  21:36:54         PAGE  2


LOC  OBJECT CODE     LINE SOURCE TEXT
  VALUE

001D   1283 1303      00035     BANKSEL RCSTA
001F   3090           00036     MOVLW B'10010000'   ;BAK
0020   0098           00037     MOVWF RCSTA
0021   1283 1303      00038     BANKSEL INTCON
0023   178B           00039     BSF INTCON,GIE
0024   170B           00040     BSF INTCON,PEIE
0025   1683 1303      00041     BANKSEL PIE1
Message[302]: Register in operand not in bank 0.  Ensure that bank bits are correct.
0027   168C           00042     BSF PIE1,RCIE       ;BAK
0028                  00043 DONGU 
0028   2???           00044     GOTO DONGU
0029                  00045 LCDREADY
0029   3002           00046     MOVLW 0X02
002A   2???           00047     CALL CMDWRITE
002B   3028           00048     MOVLW 0X28          ;BAK
002C   2???           00049     CALL CMDWRITE
002D   300C           00050     MOVLW 0X0C
002E   2???           00051     CALL CMDWRITE
002F   30C0           00052     MOVLW 0XC0
0030   2???           00053     CALL CMDWRITE
0031   0008           00054     RETURN
0032                  00055 CMDWRITE
0032   00A4           00056     MOVWF TEMP
0033   0E24           00057     SWAPF TEMP,W
0034   2???           00058     CALL CMDSEND
0035   0824           00059     MOVF TEMP,W
0036   2???           00060     CALL CMDSEND
0037   0008           00061     RETURN
0038                  00062 CMDSEND
0038   390F           00063     ANDLW 0X0F
0039   1283 1303      00064     BANKSEL PORTB
003B   0086           00065     MOVWF PORTB
003C   1283 1303      00066     BANKSEL PORTB
003E   1206           00067     BCF PORTB,4
003F   1686           00068     BSF PORTB,5
0040   2???           00069     CALL BEKLEME
0041   1286           00070     BCF PORTB,5
0042   0008           00071     RETURN
0043                  00072 DATAWRITE
0043   00A4           00073     MOVWF TEMP
0044   0E24           00074     SWAPF TEMP,W
0045   2???           00075     CALL DATASEND
0046   0824           00076     MOVF TEMP,W
0047   2???           00077     CALL DATASEND
0048   0008           00078     RETURN
0049                  00079 DATASEND
0049   390F           00080     ANDLW 0X0F
                      00081 
004A   1283 1303      00082     BANKSEL PORTB
004C   0086           00083     MOVWF PORTB
004D   1283 1303      00084     BANKSEL PORTB
004F   1606           00085     BSF PORTB,4
0050   1686           00086     BSF PORTB,5
MPASM 5.81                NEWASMTEMPLATE.ASM   12-10-2018  21:36:54         PAGE  3


LOC  OBJECT CODE     LINE SOURCE TEXT
  VALUE

0051   2???           00087     CALL BEKLEME
0052   1286           00088     BCF PORTB,5
0053   0008           00089     RETURN 
0054                  00090 BEKLEME
0054   3030           00091     MOVLW 0X30
0055   00A2           00092     MOVWF BEKLE
0056                  00093 BEKLEME2
0056   3080           00094     MOVLW 0X80
0057   00A3           00095     MOVWF BEKLE2
0058                  00096 BEKLEMEDONGU
0058   0BA3           00097     DECFSZ BEKLE2,F
0059   2???           00098     GOTO BEKLEMEDONGU
005A   0BA2           00099     DECFSZ BEKLE,F
005B   2???           00100     GOTO BEKLEME2
005C   0008           00101     RETURN    
3F31                  00102     END
MPASM 5.81                NEWASMTEMPLATE.ASM   12-10-2018  21:36:54         PAGE  4


SYMBOL TABLE
  LABEL                             VALUE 

ACKDT                             00000005
ACKEN                             00000004
ACKSTAT                           00000006
ADCON0                            0000001F
ADCON1                            0000009F
ADCS0                             00000006
ADCS1                             00000007
ADCS2                             00000006
ADDEN                             00000003
ADFM                              00000007
ADIE                              00000006
ADIF                              00000006
ADON                              00000000
ADRESH                            0000001E
ADRESL                            0000009E
BCLIE                             00000003
BCLIF                             00000003
BEKLE                             00000022
BEKLE2                            00000023
BEKLEME                           00000054
BEKLEME2                          00000056
BEKLEMEDONGU                      00000058
BF                                00000000
BRGH                              00000002
C                                 00000000
C1INV                             00000004
C1OUT                             00000006
C2INV                             00000005
C2OUT                             00000007
CCP1CON                           00000017
CCP1IE                            00000002
CCP1IF                            00000002
CCP1M0                            00000000
CCP1M1                            00000001
CCP1M2                            00000002
CCP1M3                            00000003
CCP1X                             00000005
CCP1Y                             00000004
CCP2CON                           0000001D
CCP2IE                            00000000
CCP2IF                            00000000
CCP2M0                            00000000
CCP2M1                            00000001
CCP2M2                            00000002
CCP2M3                            00000003
CCP2X                             00000005
CCP2Y                             00000004
CCPR1                             00000015
CCPR1H                            00000016
CCPR1L                            00000015
CCPR2                             0000001B
CCPR2H                            0000001C
CCPR2L                            0000001B
MPASM 5.81                NEWASMTEMPLATE.ASM   12-10-2018  21:36:54         PAGE  5


SYMBOL TABLE
  LABEL                             VALUE 

CHS0                              00000003
CHS1                              00000004
CHS2                              00000005
CIS                               00000003
CKE                               00000006
CKP                               00000004
CM0                               00000000
CM1                               00000001
CM2                               00000002
CMCON                             0000009C
CMDSEND                           00000038
CMDWRITE                          00000032
CMIE                              00000006
CMIF                              00000006
CREN                              00000004
CSRC                              00000007
CVR0                              00000000
CVR1                              00000001
CVR2                              00000002
CVR3                              00000003
CVRCON                            0000009D
CVREN                             00000007
CVROE                             00000006
CVRR                              00000005
D                                 00000005
DATASEND                          00000049
DATAWRITE                         00000043
DATA_ADDRESS                      00000005
DC                                00000001
DONGU                             00000028
D_A                               00000005
D_NOT_A                           00000005
EEADR                             0000010D
EEADRH                            0000010F
EECON1                            0000018C
EECON2                            0000018D
EEDATA                            0000010C
EEDATH                            0000010E
EEIE                              00000004
EEIF                              00000004
EEPGD                             00000007
F                                 00000001
FERR                              00000002
FSR                               00000004
GCEN                              00000007
GIE                               00000007
GO                                00000002
GO_DONE                           00000002
GO_NOT_DONE                       00000002
I2C_DATA                          00000005
I2C_READ                          00000002
I2C_START                         00000003
I2C_STOP                          00000004
MPASM 5.81                NEWASMTEMPLATE.ASM   12-10-2018  21:36:54         PAGE  6


SYMBOL TABLE
  LABEL                             VALUE 

IBF                               00000007
IBOV                              00000005
INDF                              00000000
INTCON                            0000000B
INTE                              00000004
INTEDG                            00000006
INTF                              00000001
IRP                               00000007
KESME                             00000004
LCDREADY                          00000029
MAIN                              00000009
NOT_A                             00000005
NOT_ADDRESS                       00000005
NOT_BO                            00000000
NOT_BOR                           00000000
NOT_DONE                          00000002
NOT_PD                            00000003
NOT_POR                           00000001
NOT_RBPU                          00000007
NOT_RC8                           00000006
NOT_T1SYNC                        00000002
NOT_TO                            00000004
NOT_TX8                           00000006
NOT_W                             00000002
NOT_WRITE                         00000002
OBF                               00000006
OERR                              00000001
OPTION_REG                        00000081
P                                 00000004
PCFG0                             00000000
PCFG1                             00000001
PCFG2                             00000002
PCFG3                             00000003
PCL                               00000002
PCLATH                            0000000A
PCON                              0000008E
PEIE                              00000006
PEN                               00000002
PIE1                              0000008C
PIE2                              0000008D
PIR1                              0000000C
PIR2                              0000000D
PORTA                             00000005
PORTB                             00000006
PORTC                             00000007
PORTD                             00000008
PORTE                             00000009
PR2                               00000092
PS0                               00000000
PS1                               00000001
PS2                               00000002
PSA                               00000003
PSPIE                             00000007
MPASM 5.81                NEWASMTEMPLATE.ASM   12-10-2018  21:36:54         PAGE  7


SYMBOL TABLE
  LABEL                             VALUE 

PSPIF                             00000007
PSPMODE                           00000004
R                                 00000002
RA0                               00000000
RA1                               00000001
RA2                               00000002
RA3                               00000003
RA4                               00000004
RA5                               00000005
RB0                               00000000
RB1                               00000001
RB2                               00000002
RB3                               00000003
RB4                               00000004
RB5                               00000005
RB6                               00000006
RB7                               00000007
RBIE                              00000003
RBIF                              00000000
RC0                               00000000
RC1                               00000001
RC2                               00000002
RC3                               00000003
RC4                               00000004
RC5                               00000005
RC6                               00000006
RC7                               00000007
RC8_9                             00000006
RC9                               00000006
RCD8                              00000000
RCEN                              00000003
RCIE                              00000005
RCIF                              00000005
RCREG                             0000001A
RCSTA                             00000018
RD                                00000000
RD0                               00000000
RD1                               00000001
RD2                               00000002
RD3                               00000003
RD4                               00000004
RD5                               00000005
RD6                               00000006
RD7                               00000007
RE0                               00000000
RE1                               00000001
RE2                               00000002
READ_WRITE                        00000002
RP0                               00000005
RP1                               00000006
RSEN                              00000001
RX9                               00000006
RX9D                              00000000
MPASM 5.81                NEWASMTEMPLATE.ASM   12-10-2018  21:36:54         PAGE  8


SYMBOL TABLE
  LABEL                             VALUE 

R_NOT_W                           00000002
R_W                               00000002
S                                 00000003
SAYAC                             00000020
SEN                               00000000
SMP                               00000007
SPBRG                             00000099
SPEN                              00000007
SREN                              00000005
SSPADD                            00000093
SSPBUF                            00000013
SSPCON                            00000014
SSPCON2                           00000091
SSPEN                             00000005
SSPIE                             00000003
SSPIF                             00000003
SSPM0                             00000000
SSPM1                             00000001
SSPM2                             00000002
SSPM3                             00000003
SSPOV                             00000006
SSPSTAT                           00000094
STATUS                            00000003
SYNC                              00000004
T0CS                              00000005
T0IE                              00000005
T0IF                              00000002
T0SE                              00000004
T1CKPS0                           00000004
T1CKPS1                           00000005
T1CON                             00000010
T1INSYNC                          00000002
T1OSCEN                           00000003
T1SYNC                            00000002
T2CKPS0                           00000000
T2CKPS1                           00000001
T2CON                             00000012
TEMP                              00000024
TMR0                              00000001
TMR0IE                            00000005
TMR0IF                            00000002
TMR1                              0000000E
TMR1CS                            00000001
TMR1H                             0000000F
TMR1IE                            00000000
TMR1IF                            00000000
TMR1L                             0000000E
TMR1ON                            00000000
TMR2                              00000011
TMR2IE                            00000001
TMR2IF                            00000001
TMR2ON                            00000002
TOUTPS0                           00000003
MPASM 5.81                NEWASMTEMPLATE.ASM   12-10-2018  21:36:54         PAGE  9


SYMBOL TABLE
  LABEL                             VALUE 

TOUTPS1                           00000004
TOUTPS2                           00000005
TOUTPS3                           00000006
TRISA                             00000085
TRISA0                            00000000
TRISA1                            00000001
TRISA2                            00000002
TRISA3                            00000003
TRISA4                            00000004
TRISA5                            00000005
TRISB                             00000086
TRISB0                            00000000
TRISB1                            00000001
TRISB2                            00000002
TRISB3                            00000003
TRISB4                            00000004
TRISB5                            00000005
TRISB6                            00000006
TRISB7                            00000007
TRISC                             00000087
TRISC0                            00000000
TRISC1                            00000001
TRISC2                            00000002
TRISC3                            00000003
TRISC4                            00000004
TRISC5                            00000005
TRISC6                            00000006
TRISC7                            00000007
TRISD                             00000088
TRISD0                            00000000
TRISD1                            00000001
TRISD2                            00000002
TRISD3                            00000003
TRISD4                            00000004
TRISD5                            00000005
TRISD6                            00000006
TRISD7                            00000007
TRISE                             00000089
TRISE0                            00000000
TRISE1                            00000001
TRISE2                            00000002
TRMT                              00000001
TX8_9                             00000006
TX9                               00000006
TX9D                              00000000
TXD8                              00000000
TXEN                              00000005
TXIE                              00000004
TXIF                              00000004
TXREG                             00000019
TXSTA                             00000098
UA                                00000001
W                                 00000000
MPASM 5.81                NEWASMTEMPLATE.ASM   12-10-2018  21:36:54         PAGE 10


SYMBOL TABLE
  LABEL                             VALUE 

WCOL                              00000007
WR                                00000001
WREN                              00000002
WRERR                             00000003
Z                                 00000002
_BODEN_OFF                        00003FBF
_BODEN_ON                         00003FFF
_BOREN_OFF                        00003FBF
_BOREN_ON                         00003FFF
_CONFIG                           00002007
_CPD_OFF                          00003FFF
_CPD_ON                           00003EFF
_CP_ALL                           00001FFF
_CP_OFF                           00003FFF
_CP_ON                            00001FFF
_DEBUG_OFF                        00003FFF
_DEBUG_ON                         000037FF
_DEVID1                           00002006
_FOSC_EXTRC                       00003FFF
_FOSC_HS                          00003FFE
_FOSC_LP                          00003FFC
_FOSC_XT                          00003FFD
_HS_OSC                           00003FFE
_IDLOC0                           00002000
_IDLOC1                           00002001
_IDLOC2                           00002002
_IDLOC3                           00002003
_LP_OSC                           00003FFC
_LVP_OFF                          00003F7F
_LVP_ON                           00003FFF
_PWRTE_OFF                        00003FFF
_PWRTE_ON                         00003FF7
_RC_OSC                           00003FFF
_WDTE_OFF                         00003FFB
_WDTE_ON                          00003FFF
_WDT_OFF                          00003FFB
_WDT_ON                           00003FFF
_WRT_1FOURTH                      00003BFF
_WRT_256                          00003DFF
_WRT_HALF                         000039FF
_WRT_OFF                          00003FFF
_XT_OSC                           00003FFD
__16F877A                         00000001

Errors   :     0
Warnings :     4 reported,     0 suppressed
Messages :     6 reported,     0 suppressed

