MPASM 5.81                         ODEV3.ASM   11-4-2018  13:22:21         PAGE  1


LOC  OBJECT CODE     LINE SOURCE TEXT
  VALUE

                      00001     LIST P=16F877A
                      00002     #INCLUDE <P16F877A.INC>
                      00001         LIST
                      00002 
                      00003 ;==========================================================================
                      00004 ; Build date : Jul 23 2018
                      00005 ;  MPASM PIC16F877A processor include
                      00006 ; 
                      00007 ;  (c) Copyright 1999-2018 Microchip Technology, All rights reserved
                      00008 ;==========================================================================
                      00009 
                      00567         LIST
2007   3F31           00003     __CONFIG H'3F31'
Warning[207]: Found label after column 1. (SAYAC)
  00000020            00004     SAYAC EQU 0X20
Warning[207]: Found label after column 1. (SAYAC_BIRLER)
  00000021            00005     SAYAC_BIRLER EQU 0X21
Warning[207]: Found label after column 1. (SAYAC_ONLAR)
  00000022            00006     SAYAC_ONLAR EQU 0X22
Warning[207]: Found label after column 1. (SAYAC_KESME)
  00000025            00007     SAYAC_KESME EQU 0X25
Warning[207]: Found label after column 1. (BEKLE)
  00000023            00008     BEKLE EQU 0X23
Warning[207]: Found label after column 1. (BEKLE2)
  00000024            00009     BEKLE2 EQU 0X24
                      00010     ORG 0X00
0000   2???           00011     GOTO MAIN
                      00012     ORG 0X04
0004                  00013 KESME
0004   1283 1303      00014     BANKSEL PIR1
0006   100C           00015     BCF PIR1,TMR1IF
0007   1283 1303      00016     BANKSEL TMR1H
0009   303C           00017     MOVLW H'3C'
000A   008F           00018     MOVWF TMR1H
000B   30B0           00019     MOVLW H'B0'
000C   008E           00020     MOVWF TMR1L
000D   0BA0           00021     DECFSZ SAYAC,F
000E   0009           00022     RETFIE
000F   300A           00023     MOVLW D'10'
0010   00A0           00024     MOVWF SAYAC 
Message[305]: Using default destination of 1 (file).
0011   0AA1           00025     INCF SAYAC_BIRLER
0012   0009           00026     RETFIE
0013                  00027 MAIN
0013   1683 1303      00028     BANKSEL TRISB
Message[302]: Register in operand not in bank 0.  Ensure that bank bits are correct.
0015   0186           00029     CLRF TRISB 
0016   1683 1303      00030     BANKSEL TRISA
Message[302]: Register in operand not in bank 0.  Ensure that bank bits are correct.
0018   0185           00031     CLRF TRISA 
0019   3006           00032     MOVLW 0X06
Message[302]: Register in operand not in bank 0.  Ensure that bank bits are correct.
001A   009F           00033     MOVWF ADCON1
MPASM 5.81                         ODEV3.ASM   11-4-2018  13:22:21         PAGE  2


LOC  OBJECT CODE     LINE SOURCE TEXT
  VALUE

001B   1283 1303      00034     BANKSEL PORTB
001D   0186           00035     CLRF PORTB
001E   1283 1303      00036     BANKSEL PORTA
0020   0185           00037     CLRF PORTA
0021   300A           00038     MOVLW D'10'
0022   00A0           00039     MOVWF SAYAC
0023   01A1           00040     CLRF SAYAC_BIRLER
0024   01A2           00041     CLRF SAYAC_ONLAR
0025   1283 1303      00042     BANKSEL TMR1H
0027   303C           00043     MOVLW H'3C'
0028   008F           00044     MOVWF TMR1H
0029   30B0           00045     MOVLW H'B0'
002A   008E           00046     MOVWF TMR1L
002B   1283 1303      00047     BANKSEL INTCON
002D   30C0           00048     MOVLW B'11000000'
002E   008B           00049     MOVWF INTCON
002F   1683 1303      00050     BANKSEL PIE1
Message[302]: Register in operand not in bank 0.  Ensure that bank bits are correct.
0031   140C           00051     BSF PIE1,TMR1IE
0032   1283 1303      00052     BANKSEL T1CON
0034   1290           00053     BCF T1CON,T1CKPS1
0035   1610           00054     BSF T1CON,T1CKPS0
0036   1410           00055     BSF T1CON,TMR1ON
0037                  00056 KONTROL
0037   0822           00057     MOVFW SAYAC_ONLAR
0038   3C06           00058     SUBLW D'6'
0039   1903           00059     BTFSC STATUS,Z
003A   01A2           00060     CLRF SAYAC_ONLAR
003B   2???           00061     CALL YAZDIR
003C   0821           00062     MOVFW SAYAC_BIRLER
003D   3C0A           00063     SUBLW D'10'
003E   1D03           00064     BTFSS STATUS,Z
003F   2???           00065     GOTO KONTROL
0040   01A1           00066     CLRF SAYAC_BIRLER
Message[305]: Using default destination of 1 (file).
0041   0AA2           00067     INCF SAYAC_ONLAR
0042   2???           00068     GOTO KONTROL
0043                  00069 YAZDIR
0043   1085           00070     BCF PORTA,1    
0044   1405           00071     BSF PORTA,0
0045   0822           00072     MOVFW SAYAC_ONLAR
0046   2???           00073     CALL LOOKUP_RAKAMLAR
0047   0086           00074     MOVWF PORTB
0048   2???           00075     CALL BEKLEME
0049   1485           00076     BSF PORTA,1    
004A   1005           00077     BCF PORTA,0
004B   0821           00078     MOVFW SAYAC_BIRLER
004C   2???           00079     CALL LOOKUP_RAKAMLAR
004D   0086           00080     MOVWF PORTB
004E   2???           00081     CALL BEKLEME
004F   0008           00082     RETURN
0050                  00083 LOOKUP_RAKAMLAR
0050   0782           00084     ADDWF PCL,F
MPASM 5.81                         ODEV3.ASM   11-4-2018  13:22:21         PAGE  3


LOC  OBJECT CODE     LINE SOURCE TEXT
  VALUE

0051   34C0           00085     RETLW B'11000000' ;0
0052   34F9           00086     RETLW B'11111001' ;1                            
0053   34A4           00087     RETLW B'10100100' ;2    
0054   34B0           00088     RETLW B'10110000' ;3
0055   3499           00089     RETLW B'10011001' ;4
0056   3492           00090     RETLW B'10010010' ;5
0057   3482           00091     RETLW B'10000010' ;6
0058   34F8           00092     RETLW B'11111000' ;7
0059   3480           00093     RETLW B'10000000' ;8    
005A   3490           00094     RETLW B'10010000' ;9
005B   0008           00095     RETURN
005C                  00096 BEKLEME
005C   302A           00097     MOVLW 0X2A
005D   00A3           00098     MOVWF BEKLE
005E                  00099 BEKLEME2
005E   30FF           00100     MOVLW 0XFF
005F   00A4           00101     MOVWF BEKLE2  
0060                  00102 BEKLEMEDONGU
0060   0BA4           00103     DECFSZ BEKLE2,F
0061   2???           00104     GOTO BEKLEMEDONGU
0062   0BA3           00105     DECFSZ BEKLE,F
0063   2???           00106     GOTO BEKLEME2
0064   0008           00107     RETURN 
3F31                  00108     END
MPASM 5.81                         ODEV3.ASM   11-4-2018  13:22:21         PAGE  4


SYMBOL TABLE
  LABEL                             VALUE 

ACKDT                             00000005
ACKEN                             00000004
ACKSTAT                           00000006
ADCON0                            0000001F
ADCON1                            0000009F
ADCS0                             00000006
ADCS1                             00000007
ADCS2                             00000006
ADDEN                             00000003
ADFM                              00000007
ADIE                              00000006
ADIF                              00000006
ADON                              00000000
ADRESH                            0000001E
ADRESL                            0000009E
BCLIE                             00000003
BCLIF                             00000003
BEKLE                             00000023
BEKLE2                            00000024
BEKLEME                           0000005C
BEKLEME2                          0000005E
BEKLEMEDONGU                      00000060
BF                                00000000
BRGH                              00000002
C                                 00000000
C1INV                             00000004
C1OUT                             00000006
C2INV                             00000005
C2OUT                             00000007
CCP1CON                           00000017
CCP1IE                            00000002
CCP1IF                            00000002
CCP1M0                            00000000
CCP1M1                            00000001
CCP1M2                            00000002
CCP1M3                            00000003
CCP1X                             00000005
CCP1Y                             00000004
CCP2CON                           0000001D
CCP2IE                            00000000
CCP2IF                            00000000
CCP2M0                            00000000
CCP2M1                            00000001
CCP2M2                            00000002
CCP2M3                            00000003
CCP2X                             00000005
CCP2Y                             00000004
CCPR1                             00000015
CCPR1H                            00000016
CCPR1L                            00000015
CCPR2                             0000001B
CCPR2H                            0000001C
CCPR2L                            0000001B
MPASM 5.81                         ODEV3.ASM   11-4-2018  13:22:21         PAGE  5


SYMBOL TABLE
  LABEL                             VALUE 

CHS0                              00000003
CHS1                              00000004
CHS2                              00000005
CIS                               00000003
CKE                               00000006
CKP                               00000004
CM0                               00000000
CM1                               00000001
CM2                               00000002
CMCON                             0000009C
CMIE                              00000006
CMIF                              00000006
CREN                              00000004
CSRC                              00000007
CVR0                              00000000
CVR1                              00000001
CVR2                              00000002
CVR3                              00000003
CVRCON                            0000009D
CVREN                             00000007
CVROE                             00000006
CVRR                              00000005
D                                 00000005
DATA_ADDRESS                      00000005
DC                                00000001
D_A                               00000005
D_NOT_A                           00000005
EEADR                             0000010D
EEADRH                            0000010F
EECON1                            0000018C
EECON2                            0000018D
EEDATA                            0000010C
EEDATH                            0000010E
EEIE                              00000004
EEIF                              00000004
EEPGD                             00000007
F                                 00000001
FERR                              00000002
FSR                               00000004
GCEN                              00000007
GIE                               00000007
GO                                00000002
GO_DONE                           00000002
GO_NOT_DONE                       00000002
I2C_DATA                          00000005
I2C_READ                          00000002
I2C_START                         00000003
I2C_STOP                          00000004
IBF                               00000007
IBOV                              00000005
INDF                              00000000
INTCON                            0000000B
INTE                              00000004
MPASM 5.81                         ODEV3.ASM   11-4-2018  13:22:21         PAGE  6


SYMBOL TABLE
  LABEL                             VALUE 

INTEDG                            00000006
INTF                              00000001
IRP                               00000007
KESME                             00000004
KONTROL                           00000037
LOOKUP_RAKAMLAR                   00000050
MAIN                              00000013
NOT_A                             00000005
NOT_ADDRESS                       00000005
NOT_BO                            00000000
NOT_BOR                           00000000
NOT_DONE                          00000002
NOT_PD                            00000003
NOT_POR                           00000001
NOT_RBPU                          00000007
NOT_RC8                           00000006
NOT_T1SYNC                        00000002
NOT_TO                            00000004
NOT_TX8                           00000006
NOT_W                             00000002
NOT_WRITE                         00000002
OBF                               00000006
OERR                              00000001
OPTION_REG                        00000081
P                                 00000004
PCFG0                             00000000
PCFG1                             00000001
PCFG2                             00000002
PCFG3                             00000003
PCL                               00000002
PCLATH                            0000000A
PCON                              0000008E
PEIE                              00000006
PEN                               00000002
PIE1                              0000008C
PIE2                              0000008D
PIR1                              0000000C
PIR2                              0000000D
PORTA                             00000005
PORTB                             00000006
PORTC                             00000007
PORTD                             00000008
PORTE                             00000009
PR2                               00000092
PS0                               00000000
PS1                               00000001
PS2                               00000002
PSA                               00000003
PSPIE                             00000007
PSPIF                             00000007
PSPMODE                           00000004
R                                 00000002
RA0                               00000000
MPASM 5.81                         ODEV3.ASM   11-4-2018  13:22:21         PAGE  7


SYMBOL TABLE
  LABEL                             VALUE 

RA1                               00000001
RA2                               00000002
RA3                               00000003
RA4                               00000004
RA5                               00000005
RB0                               00000000
RB1                               00000001
RB2                               00000002
RB3                               00000003
RB4                               00000004
RB5                               00000005
RB6                               00000006
RB7                               00000007
RBIE                              00000003
RBIF                              00000000
RC0                               00000000
RC1                               00000001
RC2                               00000002
RC3                               00000003
RC4                               00000004
RC5                               00000005
RC6                               00000006
RC7                               00000007
RC8_9                             00000006
RC9                               00000006
RCD8                              00000000
RCEN                              00000003
RCIE                              00000005
RCIF                              00000005
RCREG                             0000001A
RCSTA                             00000018
RD                                00000000
RD0                               00000000
RD1                               00000001
RD2                               00000002
RD3                               00000003
RD4                               00000004
RD5                               00000005
RD6                               00000006
RD7                               00000007
RE0                               00000000
RE1                               00000001
RE2                               00000002
READ_WRITE                        00000002
RP0                               00000005
RP1                               00000006
RSEN                              00000001
RX9                               00000006
RX9D                              00000000
R_NOT_W                           00000002
R_W                               00000002
S                                 00000003
SAYAC                             00000020
MPASM 5.81                         ODEV3.ASM   11-4-2018  13:22:21         PAGE  8


SYMBOL TABLE
  LABEL                             VALUE 

SAYAC_BIRLER                      00000021
SAYAC_KESME                       00000025
SAYAC_ONLAR                       00000022
SEN                               00000000
SMP                               00000007
SPBRG                             00000099
SPEN                              00000007
SREN                              00000005
SSPADD                            00000093
SSPBUF                            00000013
SSPCON                            00000014
SSPCON2                           00000091
SSPEN                             00000005
SSPIE                             00000003
SSPIF                             00000003
SSPM0                             00000000
SSPM1                             00000001
SSPM2                             00000002
SSPM3                             00000003
SSPOV                             00000006
SSPSTAT                           00000094
STATUS                            00000003
SYNC                              00000004
T0CS                              00000005
T0IE                              00000005
T0IF                              00000002
T0SE                              00000004
T1CKPS0                           00000004
T1CKPS1                           00000005
T1CON                             00000010
T1INSYNC                          00000002
T1OSCEN                           00000003
T1SYNC                            00000002
T2CKPS0                           00000000
T2CKPS1                           00000001
T2CON                             00000012
TMR0                              00000001
TMR0IE                            00000005
TMR0IF                            00000002
TMR1                              0000000E
TMR1CS                            00000001
TMR1H                             0000000F
TMR1IE                            00000000
TMR1IF                            00000000
TMR1L                             0000000E
TMR1ON                            00000000
TMR2                              00000011
TMR2IE                            00000001
TMR2IF                            00000001
TMR2ON                            00000002
TOUTPS0                           00000003
TOUTPS1                           00000004
TOUTPS2                           00000005
MPASM 5.81                         ODEV3.ASM   11-4-2018  13:22:21         PAGE  9


SYMBOL TABLE
  LABEL                             VALUE 

TOUTPS3                           00000006
TRISA                             00000085
TRISA0                            00000000
TRISA1                            00000001
TRISA2                            00000002
TRISA3                            00000003
TRISA4                            00000004
TRISA5                            00000005
TRISB                             00000086
TRISB0                            00000000
TRISB1                            00000001
TRISB2                            00000002
TRISB3                            00000003
TRISB4                            00000004
TRISB5                            00000005
TRISB6                            00000006
TRISB7                            00000007
TRISC                             00000087
TRISC0                            00000000
TRISC1                            00000001
TRISC2                            00000002
TRISC3                            00000003
TRISC4                            00000004
TRISC5                            00000005
TRISC6                            00000006
TRISC7                            00000007
TRISD                             00000088
TRISD0                            00000000
TRISD1                            00000001
TRISD2                            00000002
TRISD3                            00000003
TRISD4                            00000004
TRISD5                            00000005
TRISD6                            00000006
TRISD7                            00000007
TRISE                             00000089
TRISE0                            00000000
TRISE1                            00000001
TRISE2                            00000002
TRMT                              00000001
TX8_9                             00000006
TX9                               00000006
TX9D                              00000000
TXD8                              00000000
TXEN                              00000005
TXIE                              00000004
TXIF                              00000004
TXREG                             00000019
TXSTA                             00000098
UA                                00000001
W                                 00000000
WCOL                              00000007
WR                                00000001
MPASM 5.81                         ODEV3.ASM   11-4-2018  13:22:21         PAGE 10


SYMBOL TABLE
  LABEL                             VALUE 

WREN                              00000002
WRERR                             00000003
YAZDIR                            00000043
Z                                 00000002
_BODEN_OFF                        00003FBF
_BODEN_ON                         00003FFF
_BOREN_OFF                        00003FBF
_BOREN_ON                         00003FFF
_CONFIG                           00002007
_CPD_OFF                          00003FFF
_CPD_ON                           00003EFF
_CP_ALL                           00001FFF
_CP_OFF                           00003FFF
_CP_ON                            00001FFF
_DEBUG_OFF                        00003FFF
_DEBUG_ON                         000037FF
_DEVID1                           00002006
_FOSC_EXTRC                       00003FFF
_FOSC_HS                          00003FFE
_FOSC_LP                          00003FFC
_FOSC_XT                          00003FFD
_HS_OSC                           00003FFE
_IDLOC0                           00002000
_IDLOC1                           00002001
_IDLOC2                           00002002
_IDLOC3                           00002003
_LP_OSC                           00003FFC
_LVP_OFF                          00003F7F
_LVP_ON                           00003FFF
_PWRTE_OFF                        00003FFF
_PWRTE_ON                         00003FF7
_RC_OSC                           00003FFF
_WDTE_OFF                         00003FFB
_WDTE_ON                          00003FFF
_WDT_OFF                          00003FFB
_WDT_ON                           00003FFF
_WRT_1FOURTH                      00003BFF
_WRT_256                          00003DFF
_WRT_HALF                         000039FF
_WRT_OFF                          00003FFF
_XT_OSC                           00003FFD
__16F877A                         00000001
__DEBUG                           
__MPLAB_DEBUGGER_SIMULATOR        1

Errors   :     0
Warnings :     6 reported,     0 suppressed
Messages :     6 reported,     0 suppressed

