MPASM 5.81                NEWASMTEMPLATE.ASM   7-24-2020  16:54:27         PAGE  1


LOC  OBJECT CODE     LINE SOURCE TEXT
  VALUE

                      00001     LIST P=16F877A
                      00002     INCLUDE <P16F877A.INC>
                      00001         LIST
                      00002 
                      00003 ;==========================================================================
                      00004 ; Build date : Jul 23 2018
                      00005 ;  MPASM PIC16F877A processor include
                      00006 ; 
                      00007 ;  (c) Copyright 1999-2018 Microchip Technology, All rights reserved
                      00008 ;==========================================================================
                      00009 
                      00567         LIST
2007   3F7A           00003     __CONFIG _CP_OFF &_WDT_OFF &_HS_OSC &_PWRTE_OFF &_LVP_OFF
                      00004 ;  KOD KORUMA, UYKU MODU, HS OSC SEÇ?M?, -- , LOW PROGRAMMING KAPALI
Warning[207]: Found label after column 1. (SAYAC0)
  00000020            00005  SAYAC0 EQU 0X20
Warning[207]: Found label after column 1. (SAYAC1)
  00000021            00006  SAYAC1 EQU 0X21
Warning[207]: Found label after column 1. (SAYAC2)
  00000022            00007  SAYAC2 EQU 0X22
Warning[207]: Found label after column 1. (KAYDIR)
  00000023            00008  KAYDIR EQU 0X23
Warning[207]: Found label after column 1. (BIRLER)
  00000024            00009  BIRLER EQU 0X24
Warning[207]: Found label after column 1. (ONLAR)
  00000025            00010  ONLAR  EQU 0X25
Warning[207]: Found label after column 1. (YUZLER)
  00000026            00011  YUZLER EQU 0X26
Warning[207]: Found label after column 1. (BINLER)
  00000027            00012  BINLER EQU 0X27
Warning[207]: Found label after column 1. (BIRKNT)
  00000028            00013  BIRKNT EQU 0X28
Warning[207]: Found label after column 1. (ONKNT)
  00000029            00014  ONKNT  EQU 0X29
Warning[207]: Found label after column 1. (YUZKNT)
  0000002A            00015  YUZKNT EQU 0X2A
Warning[207]: Found label after column 1. (BINKNT)
  0000002B            00016  BINKNT EQU 0X2B
Warning[207]: Found label after column 1. (ISTENEN)
  0000002C            00017  ISTENEN EQU 0X2C
Warning[207]: Found label after column 1. (ISI)
  0000002D            00018  ISI    EQU 0X2D
Warning[207]: Found label after column 1. (TEMP)
  0000002E            00019  TEMP   EQU 0X2E
Warning[207]: Found label after column 1. (TEMP1)
  0000002E            00020  TEMP1  EQU 0X2E
                      00021 ; ----------------------- BA?LANGIÇ AYARLARI //KESME ALTPROGRAMI
                      00022     ORG 0X00
0000   2???           00023     GOTO MAIN       
                      00024     
                      00025     ORG 0X04
0004   2???           00026     GOTO MAIN       
                      00027 ; ----------------------- STATUS,RP0 (BANKSEL ARASI GEÇ??)
MPASM 5.81                NEWASMTEMPLATE.ASM   7-24-2020  16:54:27         PAGE  2


LOC  OBJECT CODE     LINE SOURCE TEXT
  VALUE

                      00028 BANK0 MACRO
                      00029     BCF STATUS,5    
                      00030     ENDM
                      00031 BANK1 MACRO
                      00032     BSF STATUS,5
                      00033     ENDM
                      00034 ;---------------------- BA?LANGIÇ ALTPROGRAM VE SONSUZ DONGU    
                      00035 MAIN BANK1
0005   1683               M     BSF STATUS,5
0006   30F0           00036     MOVLW B'11110000'
Message[302]: Register in operand not in bank 0.  Ensure that bank bits are correct.
0007   0088           00037     MOVWF TRISD
Message[302]: Register in operand not in bank 0.  Ensure that bank bits are correct.
0008   0186           00038     CLRF TRISB
Message[302]: Register in operand not in bank 0.  Ensure that bank bits are correct.
0009   0187           00039     CLRF TRISC
                      00040     BANK0
000A   1283               M     BCF STATUS,5    
000B   0187           00041     CLRF PORTC
000C   0188           00042     CLRF PORTD
000D   0186           00043     CLRF PORTB 
000E   3000           00044     MOVLW 0X00
000F   00A7           00045     MOVWF BINLER    ;RB0
0010   3000           00046     MOVLW 0X00
0011   00A6           00047     MOVWF YUZLER    ;RB1
0012   3000           00048     MOVLW 0X00
0013   00A5           00049     MOVWF ONLAR     ;RB2
0014   3000           00050     MOVLW 0X00
0015   00A4           00051     MOVWF BIRLER    ;RB3
0016   3014           00052     MOVLW .20
0017   00AC           00053     MOVWF ISTENEN
0018   3017           00054     MOVLW .23
0019   00AD           00055     MOVWF ISI ;SENSORDEN GELEN
001A   0103           00056     CLRW
                      00057 
001B                  00058 LOOP
001B   2???           00059     CALL ISITSOGUT
001C   2???           00060     CALL KEYPAD ;4*1.5MS 6MS 
001D   2???           00061     CALL BASAMAKBUL
001E   2???           00062     CALL GOSTER ;6MS    
001F   2???           00063     GOTO LOOP
                      00064 
0020                  00065 BASAMAKBUL
0020   01A5           00066     CLRF ONLAR
0021   01A4           00067     CLRF BIRLER
0022   082C           00068     MOVF ISTENEN,W
0023   00AE           00069     MOVWF TEMP
0024                  00070 BASAMAKBUL1
0024   1003           00071     BCF STATUS,C
0025   1103           00072     BCF STATUS,Z
0026   300A           00073     MOVLW 0X0A
0027   022E           00074     SUBWF TEMP,W ;W=ISTENEN-ISI
0028   1903           00075     BTFSC STATUS,Z
MPASM 5.81                NEWASMTEMPLATE.ASM   7-24-2020  16:54:27         PAGE  3


LOC  OBJECT CODE     LINE SOURCE TEXT
  VALUE

0029   2???           00076     GOTO ESITLIK1
002A   1803           00077     BTFSC STATUS,C
002B   2???           00078     GOTO BUYUKLUK1
002C   082E           00079     MOVFW TEMP
002D   00A4           00080     MOVWF BIRLER
002E   0008           00081     RETURN
002F                  00082 ESITLIK1
002F   0AA5           00083     INCF ONLAR,F
0030   0008           00084     RETURN
0031                  00085 BUYUKLUK1
0031   0AA5           00086     INCF ONLAR,F
0032   300A           00087     MOVLW 0X0A
0033   02AE           00088     SUBWF TEMP,F ;W=ISTENEN-ISI
0034   2???           00089     GOTO BASAMAKBUL1
                      00090 
                      00091     
0035                  00092 ISITSOGUT
0035   1003           00093     BCF STATUS,C
0036   1103           00094     BCF STATUS,Z
0037   082D           00095     MOVFW ISI
0038   022C           00096     SUBWF ISTENEN,W ;W=ISTENEN-ISI
0039   1903           00097     BTFSC STATUS,Z
003A   2???           00098     GOTO ESITLIK
003B   1803           00099     BTFSC STATUS,C
003C   2???           00100     GOTO BUYUKLUK
003D   2???           00101     GOTO KUCUKLUK
003E   0008           00102     RETURN
003F                  00103 ESITLIK
003F   1007           00104     BCF PORTC,0
0040   1087           00105     BCF PORTC,1
0041   0008           00106     RETURN
0042                  00107 BUYUKLUK
0042   1487           00108     BSF PORTC,1 ;ISITICI
0043   1007           00109     BCF PORTC,0 ;SOGUTUCU
0044   0008           00110     RETURN
0045                  00111 KUCUKLUK
0045   1087           00112     BCF PORTC,1 ;ISITICI
0046   1407           00113     BSF PORTC,0 ;SOGUTUCU
0047   0008           00114     RETURN
                      00115     
                      00116     
0048                  00117 KEYPAD
                      00118 ;----------- 1. SATIR TARAMA BA?LADI -----------
0048   30F7           00119     MOVLW B'11110111'
0049   0088           00120     MOVWF PORTD ; 1. SATIR SEC?LD? 1234
004A   2???           00121     CALL BEKLE
004B                  00122 B1
004B   1A08           00123     BTFSC PORTD,4
004C   2???           00124     GOTO B2
004D   3000           00125     MOVLW 0X00
004E   00A5           00126     MOVWF ONLAR
004F   3001           00127     MOVLW 0X01
0050   00A4           00128     MOVWF BIRLER
MPASM 5.81                NEWASMTEMPLATE.ASM   7-24-2020  16:54:27         PAGE  4


LOC  OBJECT CODE     LINE SOURCE TEXT
  VALUE

0051   0008           00129     RETURN
0052                  00130 B2
0052   1A88           00131     BTFSC PORTD,5
0053   2???           00132     GOTO B3
                      00133     ;YUKARI BUTON
0054   0AAC           00134     INCF ISTENEN,F
0055   1103           00135     BCF STATUS,Z
0056   3021           00136     MOVLW .33
0057   022C           00137     SUBWF ISTENEN,W
0058   1903           00138     BTFSC STATUS,Z
0059   03AC           00139     DECF ISTENEN,F
005A   0008           00140     RETURN
005B                  00141 B3
005B   1B08           00142     BTFSC PORTD,6
005C   2???           00143     GOTO B4
005D   3000           00144     MOVLW 0X00
005E   00A5           00145     MOVWF ONLAR
005F   3003           00146     MOVLW 0X03
0060   00A4           00147     MOVWF BIRLER
0061   0008           00148     RETURN
0062                  00149 B4
0062   1B88           00150     BTFSC PORTD,7
0063   2???           00151     GOTO B5
0064   3000           00152     MOVLW 0X00
0065   00A5           00153     MOVWF ONLAR
0066   3004           00154     MOVLW 0X04
0067   00A4           00155     MOVWF BIRLER
0068   0008           00156     RETURN
                      00157 ;----------- 1. SATIR SON --------------
                      00158 ;----------- 2. SATIR TARAMA BA?LADI -----------
0069                  00159 B5
0069   30FB           00160     MOVLW B'11111011'
006A   0088           00161     MOVWF PORTD ; 2. SATIR SEC?LD? 1234
006B   2???           00162     CALL BEKLE
006C   1A08           00163     BTFSC PORTD,4
006D   2???           00164     GOTO B6
006E   3000           00165     MOVLW 0X00
006F   00A5           00166     MOVWF ONLAR
0070   3005           00167     MOVLW 0X05
0071   00A4           00168     MOVWF BIRLER
0072   0008           00169     RETURN
0073                  00170 B6
0073   1A88           00171     BTFSC PORTD,5
0074   2???           00172     GOTO B7
                      00173     ;ASAGI BUTON
0075   03AC           00174     DECF ISTENEN,F
0076   1103           00175     BCF STATUS,Z
0077   300F           00176     MOVLW .15
0078   022C           00177     SUBWF ISTENEN,W
0079   1903           00178     BTFSC STATUS,Z
007A   0AAC           00179     INCF ISTENEN,F    
007B   0008           00180     RETURN
007C                  00181 B7
MPASM 5.81                NEWASMTEMPLATE.ASM   7-24-2020  16:54:27         PAGE  5


LOC  OBJECT CODE     LINE SOURCE TEXT
  VALUE

007C   1B08           00182     BTFSC PORTD,6
007D   2???           00183     GOTO B8
007E   3000           00184     MOVLW 0X00
007F   00A5           00185     MOVWF ONLAR
0080   3007           00186     MOVLW 0X07
0081   00A4           00187     MOVWF BIRLER
0082   0008           00188     RETURN
0083                  00189 B8
0083   1B88           00190     BTFSC PORTD,7
0084   2???           00191     GOTO B9
0085   3000           00192     MOVLW 0X00
0086   00A5           00193     MOVWF ONLAR
0087   3008           00194     MOVLW 0X08
0088   00A4           00195     MOVWF BIRLER
0089   0008           00196     RETURN
                      00197 ;----------- 2. SATIR SON --------------
                      00198 ;----------- 3. SATIR TARAMA BA?LADI -----------
008A                  00199 B9
008A   30FD           00200     MOVLW B'11111101'
008B   0088           00201     MOVWF PORTD ; 3. SATIR SEC?LD? 1234
008C   2???           00202     CALL BEKLE
008D   1A08           00203     BTFSC PORTD,4
008E   2???           00204     GOTO B10
008F   3000           00205     MOVLW 0X00
0090   00A5           00206     MOVWF ONLAR
0091   3009           00207     MOVLW 0X09
0092   00A4           00208     MOVWF BIRLER
0093   0008           00209     RETURN
0094                  00210 B10
0094   1A88           00211     BTFSC PORTD,5
0095   2???           00212     GOTO B11
0096   3001           00213     MOVLW 0X01
0097   00A5           00214     MOVWF ONLAR
0098   3000           00215     MOVLW 0X00
0099   00A4           00216     MOVWF BIRLER
009A   0008           00217     RETURN
009B                  00218 B11
009B   1B08           00219     BTFSC PORTD,6
009C   2???           00220     GOTO B12
009D   3001           00221     MOVLW 0X01
009E   00A5           00222     MOVWF ONLAR
009F   3001           00223     MOVLW 0X01
00A0   00A4           00224     MOVWF BIRLER
00A1   0008           00225     RETURN
00A2                  00226 B12
00A2   1B88           00227     BTFSC PORTD,7
00A3   2???           00228     GOTO B13
00A4   3001           00229     MOVLW 0X01
00A5   00A5           00230     MOVWF ONLAR
00A6   3002           00231     MOVLW 0X02
00A7   00A4           00232     MOVWF BIRLER
00A8   0008           00233     RETURN
                      00234 ;----------- 3. SATIR SON -------------- 
MPASM 5.81                NEWASMTEMPLATE.ASM   7-24-2020  16:54:27         PAGE  6


LOC  OBJECT CODE     LINE SOURCE TEXT
  VALUE

                      00235 ;----------- 4. SATIR TARAMA BA?LADI -----------
00A9                  00236 B13
00A9   30FE           00237     MOVLW B'11111110'
00AA   0088           00238     MOVWF PORTD ; 4. SATIR SEC?LD? 1234
00AB   2???           00239     CALL BEKLE
00AC   1A08           00240     BTFSC PORTD,4
00AD   2???           00241     GOTO B14
00AE   3001           00242     MOVLW 0X01
00AF   00A5           00243     MOVWF ONLAR
00B0   3003           00244     MOVLW 0X03
00B1   00A4           00245     MOVWF BIRLER
00B2   0008           00246     RETURN
00B3                  00247 B14
00B3   1A88           00248     BTFSC PORTD,5
00B4   2???           00249     GOTO B15
00B5   3001           00250     MOVLW 0X01
00B6   00A5           00251     MOVWF ONLAR
00B7   3004           00252     MOVLW 0X04
00B8   00A4           00253     MOVWF BIRLER
00B9   0008           00254     RETURN
00BA                  00255 B15
00BA   1B08           00256     BTFSC PORTD,6
00BB   2???           00257     GOTO B16
00BC   3001           00258     MOVLW 0X01
00BD   00A5           00259     MOVWF ONLAR
00BE   3005           00260     MOVLW 0X05
00BF   00A4           00261     MOVWF BIRLER
00C0   0008           00262     RETURN
00C1                  00263 B16
00C1   1B88           00264     BTFSC PORTD,7
00C2   0008           00265     RETURN
00C3   3001           00266     MOVLW 0X01
00C4   00A5           00267     MOVWF ONLAR
00C5   3006           00268     MOVLW 0X06
00C6   00A4           00269     MOVWF BIRLER
00C7   0008           00270     RETURN
                      00271 ;----------- 4. SATIR SON --------------
00C8   2???           00272     GOTO KEYPAD
                      00273     
                      00274     
                      00275     
00C9                  00276 GOSTER
00C9   300F           00277     MOVLW .15
00CA   00AE           00278     MOVWF TEMP1
00CB                  00279 GOSTER1
00CB   0827           00280     MOVFW BINLER            ;BINLER BASILDI
00CC   0088           00281     MOVWF PORTD
00CD   3001           00282     MOVLW B'00000001'       ;RB0 AKT?F
00CE   0086           00283     MOVWF PORTB
00CF   2???           00284     CALL BEKLE
                      00285     
00D0   0826           00286     MOVFW YUZLER            ;YUZLER BASILDI
00D1   0088           00287     MOVWF PORTD
MPASM 5.81                NEWASMTEMPLATE.ASM   7-24-2020  16:54:27         PAGE  7


LOC  OBJECT CODE     LINE SOURCE TEXT
  VALUE

00D2   3002           00288     MOVLW B'00000010'       ;RB1 AKT?F
00D3   0086           00289     MOVWF PORTB
00D4   2???           00290     CALL BEKLE
                      00291     
00D5   0825           00292     MOVFW ONLAR             ;ONLAR BASILDI
00D6   0088           00293     MOVWF PORTD
00D7   3004           00294     MOVLW B'00000100'       ;RB2 AKT?F
00D8   0086           00295     MOVWF PORTB
00D9   2???           00296     CALL BEKLE
                      00297     
00DA   0824           00298     MOVFW BIRLER            ;BIRLER BASILDI
00DB   0088           00299     MOVWF PORTD
00DC   3008           00300     MOVLW B'00001000'       ;RB3 AKT?F
00DD   0086           00301     MOVWF PORTB
00DE   2???           00302     CALL BEKLE
00DF   0BAE           00303     DECFSZ TEMP1,F
00E0   2???           00304     GOTO GOSTER1
00E1   0186           00305     CLRF PORTB
00E2   0008           00306     RETURN
                      00307     
                      00308     
00E3                  00309 BEKLE
00E3   3002           00310     MOVLW .2      ; 2 3MS
00E4   00A0           00311     MOVWF SAYAC0
00E5                  00312 BEKLE1
00E5   3032           00313     MOVLW .50
00E6   00A1           00314     MOVWF SAYAC1
00E7                  00315 BEKLE2
00E7   3032           00316     MOVLW .50
00E8   00A2           00317     MOVWF SAYAC2
00E9                  00318 BEKLEDONGU
00E9   0BA2           00319     DECFSZ SAYAC2,F
00EA   2???           00320     GOTO BEKLEDONGU
00EB   0BA1           00321     DECFSZ SAYAC1,F
00EC   2???           00322     GOTO BEKLE2
00ED   0BA0           00323     DECFSZ SAYAC0,F
00EE   2???           00324     GOTO BEKLE1
00EF   0008           00325     RETURN
3F7A                  00326     END
MPASM 5.81                NEWASMTEMPLATE.ASM   7-24-2020  16:54:27         PAGE  8


SYMBOL TABLE
  LABEL                             VALUE 

ACKDT                             00000005
ACKEN                             00000004
ACKSTAT                           00000006
ADCON0                            0000001F
ADCON1                            0000009F
ADCS0                             00000006
ADCS1                             00000007
ADCS2                             00000006
ADDEN                             00000003
ADFM                              00000007
ADIE                              00000006
ADIF                              00000006
ADON                              00000000
ADRESH                            0000001E
ADRESL                            0000009E
B1                                0000004B
B10                               00000094
B11                               0000009B
B12                               000000A2
B13                               000000A9
B14                               000000B3
B15                               000000BA
B16                               000000C1
B2                                00000052
B3                                0000005B
B4                                00000062
B5                                00000069
B6                                00000073
B7                                0000007C
B8                                00000083
B9                                0000008A
BANK0                             
BANK1                             
BASAMAKBUL                        00000020
BASAMAKBUL1                       00000024
BCLIE                             00000003
BCLIF                             00000003
BEKLE                             000000E3
BEKLE1                            000000E5
BEKLE2                            000000E7
BEKLEDONGU                        000000E9
BF                                00000000
BINKNT                            0000002B
BINLER                            00000027
BIRKNT                            00000028
BIRLER                            00000024
BRGH                              00000002
BUYUKLUK                          00000042
BUYUKLUK1                         00000031
C                                 00000000
C1INV                             00000004
C1OUT                             00000006
C2INV                             00000005
MPASM 5.81                NEWASMTEMPLATE.ASM   7-24-2020  16:54:27         PAGE  9


SYMBOL TABLE
  LABEL                             VALUE 

C2OUT                             00000007
CCP1CON                           00000017
CCP1IE                            00000002
CCP1IF                            00000002
CCP1M0                            00000000
CCP1M1                            00000001
CCP1M2                            00000002
CCP1M3                            00000003
CCP1X                             00000005
CCP1Y                             00000004
CCP2CON                           0000001D
CCP2IE                            00000000
CCP2IF                            00000000
CCP2M0                            00000000
CCP2M1                            00000001
CCP2M2                            00000002
CCP2M3                            00000003
CCP2X                             00000005
CCP2Y                             00000004
CCPR1                             00000015
CCPR1H                            00000016
CCPR1L                            00000015
CCPR2                             0000001B
CCPR2H                            0000001C
CCPR2L                            0000001B
CHS0                              00000003
CHS1                              00000004
CHS2                              00000005
CIS                               00000003
CKE                               00000006
CKP                               00000004
CM0                               00000000
CM1                               00000001
CM2                               00000002
CMCON                             0000009C
CMIE                              00000006
CMIF                              00000006
CREN                              00000004
CSRC                              00000007
CVR0                              00000000
CVR1                              00000001
CVR2                              00000002
CVR3                              00000003
CVRCON                            0000009D
CVREN                             00000007
CVROE                             00000006
CVRR                              00000005
D                                 00000005
DATA_ADDRESS                      00000005
DC                                00000001
D_A                               00000005
D_NOT_A                           00000005
EEADR                             0000010D
MPASM 5.81                NEWASMTEMPLATE.ASM   7-24-2020  16:54:27         PAGE 10


SYMBOL TABLE
  LABEL                             VALUE 

EEADRH                            0000010F
EECON1                            0000018C
EECON2                            0000018D
EEDATA                            0000010C
EEDATH                            0000010E
EEIE                              00000004
EEIF                              00000004
EEPGD                             00000007
ESITLIK                           0000003F
ESITLIK1                          0000002F
F                                 00000001
FERR                              00000002
FSR                               00000004
GCEN                              00000007
GIE                               00000007
GO                                00000002
GOSTER                            000000C9
GOSTER1                           000000CB
GO_DONE                           00000002
GO_NOT_DONE                       00000002
I2C_DATA                          00000005
I2C_READ                          00000002
I2C_START                         00000003
I2C_STOP                          00000004
IBF                               00000007
IBOV                              00000005
INDF                              00000000
INTCON                            0000000B
INTE                              00000004
INTEDG                            00000006
INTF                              00000001
IRP                               00000007
ISI                               0000002D
ISITSOGUT                         00000035
ISTENEN                           0000002C
KAYDIR                            00000023
KEYPAD                            00000048
KUCUKLUK                          00000045
LOOP                              0000001B
MAIN                              00000005
NOT_A                             00000005
NOT_ADDRESS                       00000005
NOT_BO                            00000000
NOT_BOR                           00000000
NOT_DONE                          00000002
NOT_PD                            00000003
NOT_POR                           00000001
NOT_RBPU                          00000007
NOT_RC8                           00000006
NOT_T1SYNC                        00000002
NOT_TO                            00000004
NOT_TX8                           00000006
NOT_W                             00000002
MPASM 5.81                NEWASMTEMPLATE.ASM   7-24-2020  16:54:27         PAGE 11


SYMBOL TABLE
  LABEL                             VALUE 

NOT_WRITE                         00000002
OBF                               00000006
OERR                              00000001
ONKNT                             00000029
ONLAR                             00000025
OPTION_REG                        00000081
P                                 00000004
PCFG0                             00000000
PCFG1                             00000001
PCFG2                             00000002
PCFG3                             00000003
PCL                               00000002
PCLATH                            0000000A
PCON                              0000008E
PEIE                              00000006
PEN                               00000002
PIE1                              0000008C
PIE2                              0000008D
PIR1                              0000000C
PIR2                              0000000D
PORTA                             00000005
PORTB                             00000006
PORTC                             00000007
PORTD                             00000008
PORTE                             00000009
PR2                               00000092
PS0                               00000000
PS1                               00000001
PS2                               00000002
PSA                               00000003
PSPIE                             00000007
PSPIF                             00000007
PSPMODE                           00000004
R                                 00000002
RA0                               00000000
RA1                               00000001
RA2                               00000002
RA3                               00000003
RA4                               00000004
RA5                               00000005
RB0                               00000000
RB1                               00000001
RB2                               00000002
RB3                               00000003
RB4                               00000004
RB5                               00000005
RB6                               00000006
RB7                               00000007
RBIE                              00000003
RBIF                              00000000
RC0                               00000000
RC1                               00000001
RC2                               00000002
MPASM 5.81                NEWASMTEMPLATE.ASM   7-24-2020  16:54:27         PAGE 12


SYMBOL TABLE
  LABEL                             VALUE 

RC3                               00000003
RC4                               00000004
RC5                               00000005
RC6                               00000006
RC7                               00000007
RC8_9                             00000006
RC9                               00000006
RCD8                              00000000
RCEN                              00000003
RCIE                              00000005
RCIF                              00000005
RCREG                             0000001A
RCSTA                             00000018
RD                                00000000
RD0                               00000000
RD1                               00000001
RD2                               00000002
RD3                               00000003
RD4                               00000004
RD5                               00000005
RD6                               00000006
RD7                               00000007
RE0                               00000000
RE1                               00000001
RE2                               00000002
READ_WRITE                        00000002
RP0                               00000005
RP1                               00000006
RSEN                              00000001
RX9                               00000006
RX9D                              00000000
R_NOT_W                           00000002
R_W                               00000002
S                                 00000003
SAYAC0                            00000020
SAYAC1                            00000021
SAYAC2                            00000022
SEN                               00000000
SMP                               00000007
SPBRG                             00000099
SPEN                              00000007
SREN                              00000005
SSPADD                            00000093
SSPBUF                            00000013
SSPCON                            00000014
SSPCON2                           00000091
SSPEN                             00000005
SSPIE                             00000003
SSPIF                             00000003
SSPM0                             00000000
SSPM1                             00000001
SSPM2                             00000002
SSPM3                             00000003
MPASM 5.81                NEWASMTEMPLATE.ASM   7-24-2020  16:54:27         PAGE 13


SYMBOL TABLE
  LABEL                             VALUE 

SSPOV                             00000006
SSPSTAT                           00000094
STATUS                            00000003
SYNC                              00000004
T0CS                              00000005
T0IE                              00000005
T0IF                              00000002
T0SE                              00000004
T1CKPS0                           00000004
T1CKPS1                           00000005
T1CON                             00000010
T1INSYNC                          00000002
T1OSCEN                           00000003
T1SYNC                            00000002
T2CKPS0                           00000000
T2CKPS1                           00000001
T2CON                             00000012
TEMP                              0000002E
TEMP1                             0000002E
TMR0                              00000001
TMR0IE                            00000005
TMR0IF                            00000002
TMR1                              0000000E
TMR1CS                            00000001
TMR1H                             0000000F
TMR1IE                            00000000
TMR1IF                            00000000
TMR1L                             0000000E
TMR1ON                            00000000
TMR2                              00000011
TMR2IE                            00000001
TMR2IF                            00000001
TMR2ON                            00000002
TOUTPS0                           00000003
TOUTPS1                           00000004
TOUTPS2                           00000005
TOUTPS3                           00000006
TRISA                             00000085
TRISA0                            00000000
TRISA1                            00000001
TRISA2                            00000002
TRISA3                            00000003
TRISA4                            00000004
TRISA5                            00000005
TRISB                             00000086
TRISB0                            00000000
TRISB1                            00000001
TRISB2                            00000002
TRISB3                            00000003
TRISB4                            00000004
TRISB5                            00000005
TRISB6                            00000006
TRISB7                            00000007
MPASM 5.81                NEWASMTEMPLATE.ASM   7-24-2020  16:54:27         PAGE 14


SYMBOL TABLE
  LABEL                             VALUE 

TRISC                             00000087
TRISC0                            00000000
TRISC1                            00000001
TRISC2                            00000002
TRISC3                            00000003
TRISC4                            00000004
TRISC5                            00000005
TRISC6                            00000006
TRISC7                            00000007
TRISD                             00000088
TRISD0                            00000000
TRISD1                            00000001
TRISD2                            00000002
TRISD3                            00000003
TRISD4                            00000004
TRISD5                            00000005
TRISD6                            00000006
TRISD7                            00000007
TRISE                             00000089
TRISE0                            00000000
TRISE1                            00000001
TRISE2                            00000002
TRMT                              00000001
TX8_9                             00000006
TX9                               00000006
TX9D                              00000000
TXD8                              00000000
TXEN                              00000005
TXIE                              00000004
TXIF                              00000004
TXREG                             00000019
TXSTA                             00000098
UA                                00000001
W                                 00000000
WCOL                              00000007
WR                                00000001
WREN                              00000002
WRERR                             00000003
YUZKNT                            0000002A
YUZLER                            00000026
Z                                 00000002
_BODEN_OFF                        00003FBF
_BODEN_ON                         00003FFF
_BOREN_OFF                        00003FBF
_BOREN_ON                         00003FFF
_CONFIG                           00002007
_CPD_OFF                          00003FFF
_CPD_ON                           00003EFF
_CP_ALL                           00001FFF
_CP_OFF                           00003FFF
_CP_ON                            00001FFF
_DEBUG_OFF                        00003FFF
_DEBUG_ON                         000037FF
MPASM 5.81                NEWASMTEMPLATE.ASM   7-24-2020  16:54:27         PAGE 15


SYMBOL TABLE
  LABEL                             VALUE 

_DEVID1                           00002006
_FOSC_EXTRC                       00003FFF
_FOSC_HS                          00003FFE
_FOSC_LP                          00003FFC
_FOSC_XT                          00003FFD
_HS_OSC                           00003FFE
_IDLOC0                           00002000
_IDLOC1                           00002001
_IDLOC2                           00002002
_IDLOC3                           00002003
_LP_OSC                           00003FFC
_LVP_OFF                          00003F7F
_LVP_ON                           00003FFF
_PWRTE_OFF                        00003FFF
_PWRTE_ON                         00003FF7
_RC_OSC                           00003FFF
_WDTE_OFF                         00003FFB
_WDTE_ON                          00003FFF
_WDT_OFF                          00003FFB
_WDT_ON                           00003FFF
_WRT_1FOURTH                      00003BFF
_WRT_256                          00003DFF
_WRT_HALF                         000039FF
_WRT_OFF                          00003FFF
_XT_OSC                           00003FFD
__16F877A                         00000001

Errors   :     0
Warnings :    16 reported,     0 suppressed
Messages :     3 reported,     0 suppressed

