MPASM  4.02 Released                                 STEP.ASM   7-24-2020  20:08:09         PAGE  1


LOC  OBJECT CODE     LINE SOURCE TEXT
  VALUE

                      00001         LIST P=16F877A
                      00002         INCLUDE <P16F877A.INC>
                      00001         LIST
                      00002 ; P16F877A.INC  Standard Header File, Version 1.00    Microchip Technology, Inc.
                      00398         LIST
2007   3F7A           00003         __CONFIG _CP_OFF &_WDT_OFF &_HS_OSC &_PWRTE_OFF &_LVP_OFF
                      00004 
  00000020            00005 SAYAC0  EQU     0x20
  00000021            00006 SAYAC1  EQU     0x21
  00000022            00007 SAYAC2  EQU     0x22
  00000023            00008 BIRLER  EQU     0x23
  00000024            00009 ONLAR   EQU     0x24
  00000025            00010 YUZLER  EQU     0x25
  00000026            00011 BINLER  EQU     0x26
  00000027            00012 ISTENEN EQU     0x27
  00000028            00013 ESIK    EQU     0x28
  00000029            00014 TEMP    EQU     0x29
  0000002A            00015 TEMP1   EQU 0x2A
  0000002B            00016 TEMP2   EQU     0x2B
                      00017 
                      00018 
                      00019 ;*****************RESET VECTOR***********
0000                  00020         ORG 0x00
0000   28B9           00021         GOTO BASLA
                      00022 
                      00023 ;*****************INTERRUPT VECTOR*******
0004                  00024         ORG     0x04
                      00025         
0004   0009           00026         RETFIE                          ; Kesme 'den don
                      00027 
                      00028 ;*****************MACRO TANIMLANABÝLÝR***
                      00029 BANK0 MACRO
                      00030           BCF STATUS,5
                      00031           ENDM
                      00032 BANK1 MACRO
                      00033           BSF STATUS,5
                      00034           ENDM
                      00035 
0005                  00036 BEKLE ; YAKLASIK 3MS GECIKME
0005   3002           00037         MOVLW .2
0006   00A0           00038         MOVWF SAYAC0
0007                  00039 AZALT1
0007   3032           00040         MOVLW .50
0008   00A1           00041         MOVWF SAYAC1
0009                  00042 AZALT2
0009   3032           00043         MOVLW .50
000A   00A2           00044         MOVWF SAYAC2
000B                  00045 AZALT3
000B   0BA2           00046         DECFSZ SAYAC2,F
000C   280B           00047         GOTO AZALT3
000D   0BA1           00048         DECFSZ SAYAC1,F
000E   2809           00049         GOTO AZALT2
000F   0BA0           00050         DECFSZ SAYAC0,F
MPASM  4.02 Released                                 STEP.ASM   7-24-2020  20:08:09         PAGE  2


LOC  OBJECT CODE     LINE SOURCE TEXT
  VALUE

0010   2807           00051         GOTO AZALT1
                      00052 
0011   0008           00053         RETURN
                      00054 
0012                  00055 BEKLE2 ; YAKLASIK 300MS GECIKME
0012   3032           00056         MOVLW .50
0013   00A0           00057         MOVWF SAYAC0
0014                  00058 AZALTT1
0014   3064           00059         MOVLW .100
0015   00A1           00060         MOVWF SAYAC1
0016                  00061 AZALTT2
0016   3064           00062         MOVLW .100
0017   00A2           00063         MOVWF SAYAC2 
0018                  00064 AZALTT3
0018   0BA2           00065         DECFSZ SAYAC2,F
0019   2818           00066         GOTO AZALTT3
001A   0BA1           00067         DECFSZ SAYAC1,F
001B   2816           00068         GOTO AZALTT2
001C   0BA0           00069         DECFSZ SAYAC0,F
001D   2814           00070         GOTO AZALTT1
                      00071 
001E   0008           00072         RETURN
                      00073 
001F                  00074 BEKLE3 ; YAKLASIK 1.5MS GECIKME
001F   082A           00075         MOVF  TEMP1,W
0020   00A0           00076         MOVWF SAYAC0
0021                  00077 AZALTTT1
0021   3032           00078         MOVLW .50
0022   00A1           00079         MOVWF SAYAC1
0023                  00080 AZALTTT2
0023   3032           00081         MOVLW .50
0024   00A2           00082         MOVWF SAYAC2
0025                  00083 AZALTTT3
0025   0BA2           00084         DECFSZ SAYAC2,F
0026   2825           00085         GOTO AZALTTT3
0027   0BA1           00086         DECFSZ SAYAC1,F
0028   2823           00087         GOTO AZALTTT2
0029   0BA0           00088         DECFSZ SAYAC0,F
002A   2821           00089         GOTO AZALTTT1
                      00090 
002B   0008           00091         RETURN
                      00092 
                      00093 
002C                  00094 GOSTER
002C   0825           00095         MOVF YUZLER,W
002D   0088           00096         MOVWF PORTD
002E   3002           00097         MOVLW B'00000010'
002F   0086           00098         MOVWF  PORTB
0030   2012           00099         CALL  BEKLE2
0031   0824           00100         MOVF  ONLAR,W
0032   0088           00101         MOVWF PORTD        ; 7448 ENTEGRESÝNE 4 TANE LED BAÐLANABÝLÝYOR.PORTDNÝN 4 PÝNÝ ÝLE VERÝYÝ, PORT
                            BNÝN 4 PÝNÝ ÝLE HANGÝ DISPLAYÝN ÇALIÞACAÐINI SEÇÝYORUZ.VERÝYÝ DÝREK DECÝMAL OLARAK GÖNDEREBÝLÝYO
0033   3004           00102         MOVLW B'00000100'
MPASM  4.02 Released                                 STEP.ASM   7-24-2020  20:08:09         PAGE  3


LOC  OBJECT CODE     LINE SOURCE TEXT
  VALUE

0034   0086           00103         MOVWF  PORTB
0035   2012           00104         CALL  BEKLE2
0036   0823           00105         MOVF  BIRLER,W
0037   0088           00106         MOVWF PORTD
0038   3008           00107         MOVLW B'00001000'
0039   0086           00108         MOVWF PORTB
003A   2012           00109         CALL  BEKLE2
003B   0186           00110         CLRF  PORTB 
003C   0008           00111         RETURN
                      00112 
003D                  00113 BASAMAKBUL        ; ÜÇ BASMAKLI SAYILAR ÝÇÝN BASAMAK DEÐERLERÝNÝ BULAN ALTPROGRAM
003D   01A3           00114         CLRF BIRLER
003E   01A4           00115         CLRF ONLAR
003F   01A5           00116         CLRF YUZLER
0040   082A           00117         MOVF TEMP1,W
0041   00A9           00118         MOVWF TEMP
0042                  00119 BASAMAKDEVAM1
0042   1003           00120         BCF STATUS,C
0043   1103           00121         BCF STATUS,Z
0044   3064           00122         MOVLW .100
0045   0229           00123         SUBWF TEMP,W   ; ISTENEN SICAKLIKTAN ODA SICAKLIÐI ÇIKARILDI.
0046   1903           00124         BTFSC STATUS,Z
0047   284B           00125         GOTO ESITLIK1
0048   1803           00126         BTFSC STATUS,C   ; ÇIKARILAN DEÐER DAHA BÜYÜKSE C BÝTÝ 0 OLUR AKSÝ HALDE 1 OLUR.
0049   284D           00127         GOTO BUYUKLUK1
004A   2850           00128         GOTO BASAMAKDEVAM2
004B                  00129 ESITLIK1
004B   0AA5           00130         INCF YUZLER,F
004C   0008           00131         RETURN
004D                  00132 BUYUKLUK1
004D   0AA5           00133         INCF YUZLER,F
004E   00A9           00134         MOVWF TEMP
004F   2842           00135         GOTO BASAMAKDEVAM1
                      00136 
0050                  00137 BASAMAKDEVAM2
0050   1003           00138         BCF STATUS,C
0051   1103           00139         BCF STATUS,Z
0052   300A           00140         MOVLW .10
0053   0229           00141         SUBWF TEMP,W   ; ISTENEN SICAKLIKTAN ODA SICAKLIÐI ÇIKARILDI.
0054   1903           00142         BTFSC STATUS,Z
0055   285B           00143         GOTO ESITLIK2
0056   1803           00144         BTFSC STATUS,C   ; ÇIKARILAN DEÐER DAHA BÜYÜKSE C BÝTÝ 0 OLUR AKSÝ HALDE 1 OLUR.
0057   285D           00145         GOTO BUYUKLUK2
0058   0829           00146         MOVF TEMP,W
0059   00A3           00147         MOVWF BIRLER
005A   0008           00148         RETURN
005B                  00149 ESITLIK2
005B   0AA4           00150         INCF ONLAR,F
005C   0008           00151         RETURN
005D                  00152 BUYUKLUK2
005D   0AA4           00153         INCF ONLAR,F
005E   00A9           00154         MOVWF TEMP
005F   2850           00155         GOTO BASAMAKDEVAM2
MPASM  4.02 Released                                 STEP.ASM   7-24-2020  20:08:09         PAGE  4


LOC  OBJECT CODE     LINE SOURCE TEXT
  VALUE

                      00156 
                      00157 
                      00158 
                      00159 
0060                  00160 YONTESPIT            ; DC MOTOR ÝLERÝ/GERÝ/ORTA DURUMUNU ALGILAMAK
0060   1003           00161         BCF STATUS,C
0061   1103           00162         BCF STATUS,Z
0062   0828           00163         MOVF ESIK,W
0063   0227           00164         SUBWF ISTENEN,W   
0064   1903           00165         BTFSC STATUS,Z
0065   2870           00166         GOTO ESITLIK
0066   1803           00167         BTFSC STATUS,C   ; ÇIKARILAN DEÐER DAHA BÜYÜKSE C BÝTÝ 0 OLUR AKSÝ HALDE 1 OLUR.
0067   2872           00168         GOTO SOLADONDUR
0068   1407           00169         BSF PORTC,0      ; RCO = 1 OLDU SAÐA DÖNME AKTÝF
0069   0827           00170         MOVF ISTENEN,W
006A   3C7F           00171         SUBLW .127
006B   00AA           00172         MOVWF TEMP1
006C   1003           00173         BCF STATUS,C
006D   0DAA           00174         RLF      TEMP1,F
006E   0AAA           00175         INCF TEMP1,F
006F   0008           00176         RETURN
                      00177 
0070                  00178 ESITLIK
0070   01AA           00179         CLRF TEMP1
0071   0008           00180         RETURN
                      00181 
0072                  00182 SOLADONDUR
0072   1007           00183         BCF PORTC,0      ; RCO = 0 OLDU SOLA DÖNME AKTÝF
0073   3080           00184         MOVLW .128
0074   0227           00185         SUBWF ISTENEN,W
0075   00AA           00186         MOVWF TEMP1
0076   1003           00187         BCF STATUS,C
0077   0DAA           00188         RLF      TEMP1,F
0078   0AAA           00189         INCF TEMP1,F
0079   0008           00190         RETURN
                      00191 
                      00192 
                      00193 
                      00194 
007A                  00195 ADCOKU
007A   3029           00196         MOVLW B'00101001'
007B   009F           00197         MOVWF ADCON0
                      00198         BANK1
007C   1683               M           BSF STATUS,5
Message[302]: Register in operand not in bank 0.  Ensure that bank bits are correct.
007D   019F           00199         CLRF ADCON1
                      00200         BANK0
007E   1283               M           BCF STATUS,5
007F   151F           00201         BSF ADCON0,2    ; GO PÝNÝ 1 YAPILDI BÖYLECE ADC ÝÞLEME BAÞLADI
0080                  00202 ADCDEVAM
0080   191F           00203         BTFSC ADCON0,2  ; GO PÝNÝ 0 OLDU ÝSE ÝÞLEM BÝTMÝÞ DEMEKTÝR. 
0081   2880           00204         GOTO ADCDEVAM
0082   081E           00205         MOVF ADRESH,W  ; DÖNÜÞTÜRME ÝÞLEMÝNÝN SONUCU ADRESH REGÝSTÝRINA YAZILDI. 
MPASM  4.02 Released                                 STEP.ASM   7-24-2020  20:08:09         PAGE  5


LOC  OBJECT CODE     LINE SOURCE TEXT
  VALUE

0083   00A7           00206         MOVWF ISTENEN
0084   019F           00207         CLRF ADCON0
                      00208         BANK1
0085   1683               M           BSF STATUS,5
0086   3006           00209         MOVLW .6
Message[302]: Register in operand not in bank 0.  Ensure that bank bits are correct.
0087   009F           00210         MOVWF ADCON1
Message[302]: Register in operand not in bank 0.  Ensure that bank bits are correct.
0088   0185           00211         CLRF TRISA
                      00212         BANK0
0089   1283               M           BCF STATUS,5
008A   0008           00213         RETURN
                      00214 
008B                  00215 SAGA
008B   300A           00216         MOVLW .10
008C   00AB           00217         MOVWF TEMP2
008D                  00218 SAGA1
008D   300A           00219         MOVLW B'00001010'    ; DEFTERDE YÖNLERÝN OLUÞMA TABLOSU VE MANTIÐI VAR.ORDAN YAPTIK.
008E   0085           00220         MOVWF PORTA
008F   201F           00221         CALL BEKLE3
0090   3006           00222         MOVLW B'00000110'
0091   0085           00223         MOVWF PORTA
0092   201F           00224         CALL BEKLE3          ; STEP MOTOR ÝÇÝN HER ADIMDA GEREKEN BEKLEMEYÝ SAÐLIYOR.
0093   3005           00225         MOVLW B'00000101'
0094   0085           00226         MOVWF PORTA
0095   201F           00227         CALL BEKLE3
0096   3009           00228         MOVLW B'00001001'
0097   0085           00229         MOVWF PORTA
0098   201F           00230         CALL BEKLE3
0099   0185           00231         CLRF PORTA
009A   0BAB           00232         DECFSZ TEMP2,F
009B   288D           00233         GOTO SAGA1
009C   0008           00234         RETURN
                      00235 
009D                  00236 SOLA
009D   300A           00237         MOVLW .10
009E   00AB           00238         MOVWF TEMP2
009F                  00239 SOLA1
009F   3009           00240         MOVLW B'00001001'
00A0   0085           00241         MOVWF PORTA
00A1   201F           00242         CALL BEKLE3
00A2   3005           00243         MOVLW B'00000101'
00A3   0085           00244         MOVWF PORTA
00A4   201F           00245         CALL BEKLE3
00A5   3006           00246         MOVLW B'00000110'
00A6   0085           00247         MOVWF PORTA
00A7   201F           00248         CALL BEKLE3
00A8   300A           00249         MOVLW B'00001010'
00A9   0085           00250         MOVWF PORTA  
00AA   201F           00251         CALL BEKLE3
00AB   0185           00252         CLRF PORTA
00AC   0BAB           00253         DECFSZ TEMP2,F
00AD   289F           00254         GOTO SOLA1
MPASM  4.02 Released                                 STEP.ASM   7-24-2020  20:08:09         PAGE  6


LOC  OBJECT CODE     LINE SOURCE TEXT
  VALUE

00AE   0008           00255         RETURN
                      00256         
                      00257 
00AF                  00258 KONTROL
00AF   1103           00259         BCF STATUS,Z
00B0   08AA           00260         MOVF TEMP1,F
00B1   1903           00261         BTFSC STATUS,Z
00B2   0008           00262         RETURN
00B3   1807           00263         BTFSC PORTC,0
00B4   28B7           00264         GOTO SOLKE
00B5   208B           00265         CALL SAGA
00B6   0008           00266         RETURN
00B7                  00267 SOLKE           
00B7   209D           00268         CALL SOLA
00B8   0008           00269         RETURN
                      00270 
                      00271 
                      00272 
                      00273 ;*****************BASLANGIC**************
                      00274 
00B9                  00275 BASLA
                      00276 
                      00277         BANK1       ; ADCON1 AYARLANACAK
00B9   1683               M           BSF STATUS,5
Message[302]: Register in operand not in bank 0.  Ensure that bank bits are correct.
00BA   0186           00278         CLRF TRISB
Message[302]: Register in operand not in bank 0.  Ensure that bank bits are correct.
00BB   0188           00279         CLRF TRISD
Message[302]: Register in operand not in bank 0.  Ensure that bank bits are correct.
00BC   0187           00280         CLRF TRISC
                      00281         BANK0 
00BD   1283               M           BCF STATUS,5
00BE   0185           00282         CLRF PORTA
00BF   0186           00283         CLRF PORTB
00C0   0188           00284         CLRF PORTD
00C1   1007           00285         BCF PORTC,0
00C2   3000           00286         MOVLW .0
00C3   00A5           00287         MOVWF YUZLER
00C4   3000           00288         MOVLW .0
00C5   00A4           00289         MOVWF ONLAR
00C6   3000           00290         MOVLW .0
00C7   00A3           00291         MOVWF BIRLER
00C8   3080           00292         MOVLW .128
00C9   00A8           00293         MOVWF ESIK         ; JOYSTIK ORTA NOKTASI ÝÇÝN EÞÝK DEÐER 
                      00294 
00CA                  00295 LOOP
00CA   207A           00296         CALL ADCOKU        ; RE0/AN5 JOYSTIK ÝLERÝ/GERÝ HAREKETÝ DÝJÝTALLEÞTÝ
00CB   2060           00297         CALL YONTESPIT  
00CC   203D           00298         CALL BASAMAKBUL
00CD   202C           00299         CALL GOSTER
00CE   20AF           00300         CALL KONTROL    
00CF   28CA           00301         GOTO LOOP
                      00302 
MPASM  4.02 Released                                 STEP.ASM   7-24-2020  20:08:09         PAGE  7


LOC  OBJECT CODE     LINE SOURCE TEXT
  VALUE

Warning[205]: Found directive in column 1. (END)
                      00303 END     
MPASM  4.02 Released                                 STEP.ASM   7-24-2020  20:08:09         PAGE  8


SYMBOL TABLE
  LABEL                             VALUE 

ACKDT                             00000005
ACKEN                             00000004
ACKSTAT                           00000006
ADCDEVAM                          00000080
ADCOKU                            0000007A
ADCON0                            0000001F
ADCON1                            0000009F
ADCS0                             00000006
ADCS1                             00000007
ADDEN                             00000003
ADFM                              00000007
ADIE                              00000006
ADIF                              00000006
ADON                              00000000
ADRESH                            0000001E
ADRESL                            0000009E
AZALT1                            00000007
AZALT2                            00000009
AZALT3                            0000000B
AZALTT1                           00000014
AZALTT2                           00000016
AZALTT3                           00000018
AZALTTT1                          00000021
AZALTTT2                          00000023
AZALTTT3                          00000025
BANK0                             
BANK1                             
BASAMAKBUL                        0000003D
BASAMAKDEVAM1                     00000042
BASAMAKDEVAM2                     00000050
BASLA                             000000B9
BCLIE                             00000003
BCLIF                             00000003
BEKLE                             00000005
BEKLE2                            00000012
BEKLE3                            0000001F
BF                                00000000
BINLER                            00000026
BIRLER                            00000023
BRGH                              00000002
BUYUKLUK1                         0000004D
BUYUKLUK2                         0000005D
C                                 00000000
C1INV                             00000004
C1OUT                             00000006
C2INV                             00000005
C2OUT                             00000007
CCP1CON                           00000017
CCP1IE                            00000002
CCP1IF                            00000002
CCP1M0                            00000000
CCP1M1                            00000001
CCP1M2                            00000002
MPASM  4.02 Released                                 STEP.ASM   7-24-2020  20:08:09         PAGE  9


SYMBOL TABLE
  LABEL                             VALUE 

CCP1M3                            00000003
CCP1X                             00000005
CCP1Y                             00000004
CCP2CON                           0000001D
CCP2IE                            00000000
CCP2IF                            00000000
CCP2M0                            00000000
CCP2M1                            00000001
CCP2M2                            00000002
CCP2M3                            00000003
CCP2X                             00000005
CCP2Y                             00000004
CCPR1H                            00000016
CCPR1L                            00000015
CCPR2H                            0000001C
CCPR2L                            0000001B
CHS0                              00000003
CHS1                              00000004
CHS2                              00000005
CIS                               00000003
CKE                               00000006
CKP                               00000004
CM0                               00000000
CM1                               00000001
CM2                               00000002
CMCON                             0000009C
CMIE                              00000006
CMIF                              00000006
CREN                              00000004
CSRC                              00000007
CVR0                              00000000
CVR1                              00000001
CVR2                              00000002
CVR3                              00000003
CVRCON                            0000009D
CVREN                             00000007
CVROE                             00000006
CVRR                              00000005
D                                 00000005
DATA_ADDRESS                      00000005
DC                                00000001
D_A                               00000005
EEADR                             0000010D
EEADRH                            0000010F
EECON1                            0000018C
EECON2                            0000018D
EEDATA                            0000010C
EEDATH                            0000010E
EEIE                              00000004
EEIF                              00000004
EEPGD                             00000007
ESIK                              00000028
ESITLIK                           00000070
MPASM  4.02 Released                                 STEP.ASM   7-24-2020  20:08:09         PAGE 10


SYMBOL TABLE
  LABEL                             VALUE 

ESITLIK1                          0000004B
ESITLIK2                          0000005B
F                                 00000001
FERR                              00000002
FSR                               00000004
GCEN                              00000007
GIE                               00000007
GO                                00000002
GOSTER                            0000002C
GO_DONE                           00000002
I2C_DATA                          00000005
I2C_READ                          00000002
I2C_START                         00000003
I2C_STOP                          00000004
IBF                               00000007
IBOV                              00000005
INDF                              00000000
INTCON                            0000000B
INTE                              00000004
INTEDG                            00000006
INTF                              00000001
IRP                               00000007
ISTENEN                           00000027
KONTROL                           000000AF
LOOP                              000000CA
NOT_A                             00000005
NOT_ADDRESS                       00000005
NOT_BO                            00000000
NOT_BOR                           00000000
NOT_DONE                          00000002
NOT_PD                            00000003
NOT_POR                           00000001
NOT_RBPU                          00000007
NOT_RC8                           00000006
NOT_T1SYNC                        00000002
NOT_TO                            00000004
NOT_TX8                           00000006
NOT_W                             00000002
NOT_WRITE                         00000002
OBF                               00000006
OERR                              00000001
ONLAR                             00000024
OPTION_REG                        00000081
P                                 00000004
PCFG0                             00000000
PCFG1                             00000001
PCFG2                             00000002
PCFG3                             00000003
PCL                               00000002
PCLATH                            0000000A
PCON                              0000008E
PEIE                              00000006
PEN                               00000002
MPASM  4.02 Released                                 STEP.ASM   7-24-2020  20:08:09         PAGE 11


SYMBOL TABLE
  LABEL                             VALUE 

PIE1                              0000008C
PIE2                              0000008D
PIR1                              0000000C
PIR2                              0000000D
PORTA                             00000005
PORTB                             00000006
PORTC                             00000007
PORTD                             00000008
PORTE                             00000009
PR2                               00000092
PS0                               00000000
PS1                               00000001
PS2                               00000002
PSA                               00000003
PSPIE                             00000007
PSPIF                             00000007
PSPMODE                           00000004
R                                 00000002
RBIE                              00000003
RBIF                              00000000
RC8_9                             00000006
RC9                               00000006
RCD8                              00000000
RCEN                              00000003
RCIE                              00000005
RCIF                              00000005
RCREG                             0000001A
RCSTA                             00000018
RD                                00000000
READ_WRITE                        00000002
RP0                               00000005
RP1                               00000006
RSEN                              00000001
RX9                               00000006
RX9D                              00000000
R_W                               00000002
S                                 00000003
SAGA                              0000008B
SAGA1                             0000008D
SAYAC0                            00000020
SAYAC1                            00000021
SAYAC2                            00000022
SEN                               00000000
SMP                               00000007
SOLA                              0000009D
SOLA1                             0000009F
SOLADONDUR                        00000072
SOLKE                             000000B7
SPBRG                             00000099
SPEN                              00000007
SREN                              00000005
SSPADD                            00000093
SSPBUF                            00000013
MPASM  4.02 Released                                 STEP.ASM   7-24-2020  20:08:09         PAGE 12


SYMBOL TABLE
  LABEL                             VALUE 

SSPCON                            00000014
SSPCON2                           00000091
SSPEN                             00000005
SSPIE                             00000003
SSPIF                             00000003
SSPM0                             00000000
SSPM1                             00000001
SSPM2                             00000002
SSPM3                             00000003
SSPOV                             00000006
SSPSTAT                           00000094
STATUS                            00000003
SYNC                              00000004
T0CS                              00000005
T0IE                              00000005
T0IF                              00000002
T0SE                              00000004
T1CKPS0                           00000004
T1CKPS1                           00000005
T1CON                             00000010
T1INSYNC                          00000002
T1OSCEN                           00000003
T1SYNC                            00000002
T2CKPS0                           00000000
T2CKPS1                           00000001
T2CON                             00000012
TEMP                              00000029
TEMP1                             0000002A
TEMP2                             0000002B
TMR0                              00000001
TMR0IE                            00000005
TMR0IF                            00000002
TMR1CS                            00000001
TMR1H                             0000000F
TMR1IE                            00000000
TMR1IF                            00000000
TMR1L                             0000000E
TMR1ON                            00000000
TMR2                              00000011
TMR2IE                            00000001
TMR2IF                            00000001
TMR2ON                            00000002
TOUTPS0                           00000003
TOUTPS1                           00000004
TOUTPS2                           00000005
TOUTPS3                           00000006
TRISA                             00000085
TRISB                             00000086
TRISC                             00000087
TRISD                             00000088
TRISE                             00000089
TRISE0                            00000000
TRISE1                            00000001
MPASM  4.02 Released                                 STEP.ASM   7-24-2020  20:08:09         PAGE 13


SYMBOL TABLE
  LABEL                             VALUE 

TRISE2                            00000002
TRMT                              00000001
TX8_9                             00000006
TX9                               00000006
TX9D                              00000000
TXD8                              00000000
TXEN                              00000005
TXIE                              00000004
TXIF                              00000004
TXREG                             00000019
TXSTA                             00000098
UA                                00000001
W                                 00000000
WCOL                              00000007
WR                                00000001
WREN                              00000002
WRERR                             00000003
YONTESPIT                         00000060
YUZLER                            00000025
Z                                 00000002
_BODEN_OFF                        00003FBF
_BODEN_ON                         00003FFF
_CPD_OFF                          00003FFF
_CPD_ON                           00003EFF
_CP_ALL                           00001FFF
_CP_OFF                           00003FFF
_DEBUG_OFF                        00003FFF
_DEBUG_ON                         000037FF
_HS_OSC                           00003FFE
_LP_OSC                           00003FFC
_LVP_OFF                          00003F7F
_LVP_ON                           00003FFF
_PWRTE_OFF                        00003FFF
_PWRTE_ON                         00003FF7
_RC_OSC                           00003FFF
_WDT_OFF                          00003FFB
_WDT_ON                           00003FFF
_WRT_1FOURTH                      00003BFF
_WRT_256                          00003DFF
_WRT_HALF                         000039FF
_WRT_OFF                          00003FFF
_XT_OSC                           00003FFD
__16F877A                         00000001
MPASM  4.02 Released                                 STEP.ASM   7-24-2020  20:08:09         PAGE 14


MEMORY USAGE MAP ('X' = Used,  '-' = Unused)


0000 : X---XXXXXXXXXXXX XXXXXXXXXXXXXXXX XXXXXXXXXXXXXXXX XXXXXXXXXXXXXXXX
0040 : XXXXXXXXXXXXXXXX XXXXXXXXXXXXXXXX XXXXXXXXXXXXXXXX XXXXXXXXXXXXXXXX
0080 : XXXXXXXXXXXXXXXX XXXXXXXXXXXXXXXX XXXXXXXXXXXXXXXX XXXXXXXXXXXXXXXX
00C0 : XXXXXXXXXXXXXXXX ---------------- ---------------- ----------------
2000 : -------X-------- ---------------- ---------------- ----------------

All other memory blocks unused.

Program Memory Words Used:   205
Program Memory Words Free:  7987


Errors   :     0
Warnings :     1 reported,     0 suppressed
Messages :     6 reported,     0 suppressed

