MPASM 5.81                NEWASMTEMPLATE.ASM   1-6-2019  12:10:39         PAGE  1


LOC  OBJECT CODE     LINE SOURCE TEXT
  VALUE

                      00001     LIST P=16F877A
                      00002     #INCLUDE <P16F877A.INC>
                      00001         LIST
                      00002 
                      00003 ;==========================================================================
                      00004 ; Build date : Jul 23 2018
                      00005 ;  MPASM PIC16F877A processor include
                      00006 ; 
                      00007 ;  (c) Copyright 1999-2018 Microchip Technology, All rights reserved
                      00008 ;==========================================================================
                      00009 
                      00567         LIST
2007   3F32           00003     __CONFIG H'3F32'
Warning[207]: Found label after column 1. (SAYI)
  00000020            00004     SAYI EQU 0X20
Warning[207]: Found label after column 1. (TEMP)
  00000021            00005     TEMP EQU 0X21
Warning[207]: Found label after column 1. (BEKLE)
  00000022            00006     BEKLE EQU 0X22
Warning[207]: Found label after column 1. (BEKLE2)
  00000023            00007     BEKLE2 EQU 0X23
                      00008     ORG 0X00
0000                  00009 MAIN
0000   1683 1303      00010     BANKSEL TRISB
Message[302]: Register in operand not in bank 0.  Ensure that bank bits are correct.
0002   0186           00011     CLRF TRISB
0003   1283 1303      00012     BANKSEL PORTB
0005   0186           00013     CLRF PORTB
0006   3005           00014     MOVLW D'5'
0007   00A0           00015     MOVWF SAYI
0008   2???           00016     CALL TEMIZLE
0009   2???           00017     GOTO ISLEM
000A                  00018 TEMIZLE
000A   3002           00019     MOVLW 0X02
000B   2???           00020     CALL CMDYAZ
000C   3028           00021     MOVLW 0X28
000D   2???           00022     CALL CMDYAZ
000E   300C           00023     MOVLW 0X0C
000F   2???           00024     CALL CMDYAZ
0010   0008           00025     RETURN
0011                  00026 CMDYAZ
0011   00A1           00027     MOVWF TEMP
0012   0E21           00028     SWAPF TEMP,W
0013   2???           00029     CALL CMDGONDER
0014   0821           00030     MOVFW TEMP
0015   2???           00031     CALL CMDGONDER
0016   0008           00032     RETURN
0017                  00033 CMDGONDER
0017   390F           00034     ANDLW 0X0F
0018   1283 1303      00035     BANKSEL PORTB
001A   0086           00036     MOVWF PORTB
001B   1283 1303      00037     BANKSEL PORTB
001D   1206           00038     BCF PORTB,4
MPASM 5.81                NEWASMTEMPLATE.ASM   1-6-2019  12:10:39         PAGE  2


LOC  OBJECT CODE     LINE SOURCE TEXT
  VALUE

001E   1686           00039     BSF PORTB,5
001F   2???           00040     CALL BEKLEME
0020   1286           00041     BCF PORTB,5
0021   0008           00042     RETURN
0022                  00043 VERIYAZ
0022   00A1           00044     MOVWF TEMP
0023   0E21           00045     SWAPF TEMP,W
0024   2???           00046     CALL VERIGONDER
0025   0821           00047     MOVFW TEMP
0026   2???           00048     CALL VERIGONDER
0027   0008           00049     RETURN
0028                  00050 VERIGONDER
0028   390F           00051     ANDLW 0X0F
0029   1283 1303      00052     BANKSEL PORTB
002B   0086           00053     MOVWF PORTB
002C   1283 1303      00054     BANKSEL PORTB
002E   1606           00055     BSF PORTB,4
002F   1686           00056     BSF PORTB,5
0030   2???           00057     CALL BEKLEME
0031   1286           00058     BCF PORTB,5
0032   0008           00059     RETURN
0033                  00060 ISLEM
0033   3080           00061     MOVLW 0X80
0034   2???           00062     CALL CMDYAZ
0035   3053           00063     MOVLW A'S'
0036   2???           00064     CALL VERIYAZ
                      00065     
0037   3081           00066     MOVLW 0X81
0038   2???           00067     CALL CMDYAZ
0039   304F           00068     MOVLW A'O'    
003A   2???           00069     CALL VERIYAZ
                      00070     
003B   3082           00071     MOVLW 0X82
003C   2???           00072     CALL CMDYAZ    
003D   304F           00073     MOVLW A'O' 
003E   2???           00074     CALL VERIYAZ
003F   2???           00075     GOTO ISLEM
0040                  00076 BEKLEME
0040   30A0           00077     MOVLW 0XA0
0041   00A2           00078     MOVWF BEKLE
0042                  00079 BEKLEME2
0042   3070           00080     MOVLW 0X70
0043   00A3           00081     MOVWF BEKLE2
0044                  00082 BEKLEMEDONGU
0044   0BA3           00083     DECFSZ BEKLE2,F
0045   2???           00084     GOTO BEKLEMEDONGU
0046   0BA2           00085     DECFSZ BEKLE,F
0047   2???           00086     GOTO BEKLEME2
0048   0008           00087     RETURN  
Warning[205]: Found directive in column 1. (END)
3F32                  00088 END
MPASM 5.81                NEWASMTEMPLATE.ASM   1-6-2019  12:10:39         PAGE  3


SYMBOL TABLE
  LABEL                             VALUE 

ACKDT                             00000005
ACKEN                             00000004
ACKSTAT                           00000006
ADCON0                            0000001F
ADCON1                            0000009F
ADCS0                             00000006
ADCS1                             00000007
ADCS2                             00000006
ADDEN                             00000003
ADFM                              00000007
ADIE                              00000006
ADIF                              00000006
ADON                              00000000
ADRESH                            0000001E
ADRESL                            0000009E
BCLIE                             00000003
BCLIF                             00000003
BEKLE                             00000022
BEKLE2                            00000023
BEKLEME                           00000040
BEKLEME2                          00000042
BEKLEMEDONGU                      00000044
BF                                00000000
BRGH                              00000002
C                                 00000000
C1INV                             00000004
C1OUT                             00000006
C2INV                             00000005
C2OUT                             00000007
CCP1CON                           00000017
CCP1IE                            00000002
CCP1IF                            00000002
CCP1M0                            00000000
CCP1M1                            00000001
CCP1M2                            00000002
CCP1M3                            00000003
CCP1X                             00000005
CCP1Y                             00000004
CCP2CON                           0000001D
CCP2IE                            00000000
CCP2IF                            00000000
CCP2M0                            00000000
CCP2M1                            00000001
CCP2M2                            00000002
CCP2M3                            00000003
CCP2X                             00000005
CCP2Y                             00000004
CCPR1                             00000015
CCPR1H                            00000016
CCPR1L                            00000015
CCPR2                             0000001B
CCPR2H                            0000001C
CCPR2L                            0000001B
MPASM 5.81                NEWASMTEMPLATE.ASM   1-6-2019  12:10:39         PAGE  4


SYMBOL TABLE
  LABEL                             VALUE 

CHS0                              00000003
CHS1                              00000004
CHS2                              00000005
CIS                               00000003
CKE                               00000006
CKP                               00000004
CM0                               00000000
CM1                               00000001
CM2                               00000002
CMCON                             0000009C
CMDGONDER                         00000017
CMDYAZ                            00000011
CMIE                              00000006
CMIF                              00000006
CREN                              00000004
CSRC                              00000007
CVR0                              00000000
CVR1                              00000001
CVR2                              00000002
CVR3                              00000003
CVRCON                            0000009D
CVREN                             00000007
CVROE                             00000006
CVRR                              00000005
D                                 00000005
DATA_ADDRESS                      00000005
DC                                00000001
D_A                               00000005
D_NOT_A                           00000005
EEADR                             0000010D
EEADRH                            0000010F
EECON1                            0000018C
EECON2                            0000018D
EEDATA                            0000010C
EEDATH                            0000010E
EEIE                              00000004
EEIF                              00000004
EEPGD                             00000007
F                                 00000001
FERR                              00000002
FSR                               00000004
GCEN                              00000007
GIE                               00000007
GO                                00000002
GO_DONE                           00000002
GO_NOT_DONE                       00000002
I2C_DATA                          00000005
I2C_READ                          00000002
I2C_START                         00000003
I2C_STOP                          00000004
IBF                               00000007
IBOV                              00000005
INDF                              00000000
MPASM 5.81                NEWASMTEMPLATE.ASM   1-6-2019  12:10:39         PAGE  5


SYMBOL TABLE
  LABEL                             VALUE 

INTCON                            0000000B
INTE                              00000004
INTEDG                            00000006
INTF                              00000001
IRP                               00000007
ISLEM                             00000033
MAIN                              00000000
NOT_A                             00000005
NOT_ADDRESS                       00000005
NOT_BO                            00000000
NOT_BOR                           00000000
NOT_DONE                          00000002
NOT_PD                            00000003
NOT_POR                           00000001
NOT_RBPU                          00000007
NOT_RC8                           00000006
NOT_T1SYNC                        00000002
NOT_TO                            00000004
NOT_TX8                           00000006
NOT_W                             00000002
NOT_WRITE                         00000002
OBF                               00000006
OERR                              00000001
OPTION_REG                        00000081
P                                 00000004
PCFG0                             00000000
PCFG1                             00000001
PCFG2                             00000002
PCFG3                             00000003
PCL                               00000002
PCLATH                            0000000A
PCON                              0000008E
PEIE                              00000006
PEN                               00000002
PIE1                              0000008C
PIE2                              0000008D
PIR1                              0000000C
PIR2                              0000000D
PORTA                             00000005
PORTB                             00000006
PORTC                             00000007
PORTD                             00000008
PORTE                             00000009
PR2                               00000092
PS0                               00000000
PS1                               00000001
PS2                               00000002
PSA                               00000003
PSPIE                             00000007
PSPIF                             00000007
PSPMODE                           00000004
R                                 00000002
RA0                               00000000
MPASM 5.81                NEWASMTEMPLATE.ASM   1-6-2019  12:10:39         PAGE  6


SYMBOL TABLE
  LABEL                             VALUE 

RA1                               00000001
RA2                               00000002
RA3                               00000003
RA4                               00000004
RA5                               00000005
RB0                               00000000
RB1                               00000001
RB2                               00000002
RB3                               00000003
RB4                               00000004
RB5                               00000005
RB6                               00000006
RB7                               00000007
RBIE                              00000003
RBIF                              00000000
RC0                               00000000
RC1                               00000001
RC2                               00000002
RC3                               00000003
RC4                               00000004
RC5                               00000005
RC6                               00000006
RC7                               00000007
RC8_9                             00000006
RC9                               00000006
RCD8                              00000000
RCEN                              00000003
RCIE                              00000005
RCIF                              00000005
RCREG                             0000001A
RCSTA                             00000018
RD                                00000000
RD0                               00000000
RD1                               00000001
RD2                               00000002
RD3                               00000003
RD4                               00000004
RD5                               00000005
RD6                               00000006
RD7                               00000007
RE0                               00000000
RE1                               00000001
RE2                               00000002
READ_WRITE                        00000002
RP0                               00000005
RP1                               00000006
RSEN                              00000001
RX9                               00000006
RX9D                              00000000
R_NOT_W                           00000002
R_W                               00000002
S                                 00000003
SAYI                              00000020
MPASM 5.81                NEWASMTEMPLATE.ASM   1-6-2019  12:10:39         PAGE  7


SYMBOL TABLE
  LABEL                             VALUE 

SEN                               00000000
SMP                               00000007
SPBRG                             00000099
SPEN                              00000007
SREN                              00000005
SSPADD                            00000093
SSPBUF                            00000013
SSPCON                            00000014
SSPCON2                           00000091
SSPEN                             00000005
SSPIE                             00000003
SSPIF                             00000003
SSPM0                             00000000
SSPM1                             00000001
SSPM2                             00000002
SSPM3                             00000003
SSPOV                             00000006
SSPSTAT                           00000094
STATUS                            00000003
SYNC                              00000004
T0CS                              00000005
T0IE                              00000005
T0IF                              00000002
T0SE                              00000004
T1CKPS0                           00000004
T1CKPS1                           00000005
T1CON                             00000010
T1INSYNC                          00000002
T1OSCEN                           00000003
T1SYNC                            00000002
T2CKPS0                           00000000
T2CKPS1                           00000001
T2CON                             00000012
TEMIZLE                           0000000A
TEMP                              00000021
TMR0                              00000001
TMR0IE                            00000005
TMR0IF                            00000002
TMR1                              0000000E
TMR1CS                            00000001
TMR1H                             0000000F
TMR1IE                            00000000
TMR1IF                            00000000
TMR1L                             0000000E
TMR1ON                            00000000
TMR2                              00000011
TMR2IE                            00000001
TMR2IF                            00000001
TMR2ON                            00000002
TOUTPS0                           00000003
TOUTPS1                           00000004
TOUTPS2                           00000005
TOUTPS3                           00000006
MPASM 5.81                NEWASMTEMPLATE.ASM   1-6-2019  12:10:39         PAGE  8


SYMBOL TABLE
  LABEL                             VALUE 

TRISA                             00000085
TRISA0                            00000000
TRISA1                            00000001
TRISA2                            00000002
TRISA3                            00000003
TRISA4                            00000004
TRISA5                            00000005
TRISB                             00000086
TRISB0                            00000000
TRISB1                            00000001
TRISB2                            00000002
TRISB3                            00000003
TRISB4                            00000004
TRISB5                            00000005
TRISB6                            00000006
TRISB7                            00000007
TRISC                             00000087
TRISC0                            00000000
TRISC1                            00000001
TRISC2                            00000002
TRISC3                            00000003
TRISC4                            00000004
TRISC5                            00000005
TRISC6                            00000006
TRISC7                            00000007
TRISD                             00000088
TRISD0                            00000000
TRISD1                            00000001
TRISD2                            00000002
TRISD3                            00000003
TRISD4                            00000004
TRISD5                            00000005
TRISD6                            00000006
TRISD7                            00000007
TRISE                             00000089
TRISE0                            00000000
TRISE1                            00000001
TRISE2                            00000002
TRMT                              00000001
TX8_9                             00000006
TX9                               00000006
TX9D                              00000000
TXD8                              00000000
TXEN                              00000005
TXIE                              00000004
TXIF                              00000004
TXREG                             00000019
TXSTA                             00000098
UA                                00000001
VERIGONDER                        00000028
VERIYAZ                           00000022
W                                 00000000
WCOL                              00000007
MPASM 5.81                NEWASMTEMPLATE.ASM   1-6-2019  12:10:39         PAGE  9


SYMBOL TABLE
  LABEL                             VALUE 

WR                                00000001
WREN                              00000002
WRERR                             00000003
Z                                 00000002
_BODEN_OFF                        00003FBF
_BODEN_ON                         00003FFF
_BOREN_OFF                        00003FBF
_BOREN_ON                         00003FFF
_CONFIG                           00002007
_CPD_OFF                          00003FFF
_CPD_ON                           00003EFF
_CP_ALL                           00001FFF
_CP_OFF                           00003FFF
_CP_ON                            00001FFF
_DEBUG_OFF                        00003FFF
_DEBUG_ON                         000037FF
_DEVID1                           00002006
_FOSC_EXTRC                       00003FFF
_FOSC_HS                          00003FFE
_FOSC_LP                          00003FFC
_FOSC_XT                          00003FFD
_HS_OSC                           00003FFE
_IDLOC0                           00002000
_IDLOC1                           00002001
_IDLOC2                           00002002
_IDLOC3                           00002003
_LP_OSC                           00003FFC
_LVP_OFF                          00003F7F
_LVP_ON                           00003FFF
_PWRTE_OFF                        00003FFF
_PWRTE_ON                         00003FF7
_RC_OSC                           00003FFF
_WDTE_OFF                         00003FFB
_WDTE_ON                          00003FFF
_WDT_OFF                          00003FFB
_WDT_ON                           00003FFF
_WRT_1FOURTH                      00003BFF
_WRT_256                          00003DFF
_WRT_HALF                         000039FF
_WRT_OFF                          00003FFF
_XT_OSC                           00003FFD
__16F877A                         00000001

Errors   :     0
Warnings :     5 reported,     0 suppressed
Messages :     1 reported,     0 suppressed

