Warning[207] C:\USERS\BLACK\DESKTOP\MICROCALIS\DENEMELCD\DENEMELCD.X\NEWASMTEMPLATE.ASM 4 : Found label after column 1. (TEMP)
Warning[207] C:\USERS\BLACK\DESKTOP\MICROCALIS\DENEMELCD\DENEMELCD.X\NEWASMTEMPLATE.ASM 5 : Found label after column 1. (TEMP2)
Warning[207] C:\USERS\BLACK\DESKTOP\MICROCALIS\DENEMELCD\DENEMELCD.X\NEWASMTEMPLATE.ASM 6 : Found label after column 1. (SAYI)
Warning[207] C:\USERS\BLACK\DESKTOP\MICROCALIS\DENEMELCD\DENEMELCD.X\NEWASMTEMPLATE.ASM 7 : Found label after column 1. (SAYAC)
Warning[207] C:\USERS\BLACK\DESKTOP\MICROCALIS\DENEMELCD\DENEMELCD.X\NEWASMTEMPLATE.ASM 8 : Found label after column 1. (BEKLE)
Warning[207] C:\USERS\BLACK\DESKTOP\MICROCALIS\DENEMELCD\DENEMELCD.X\NEWASMTEMPLATE.ASM 9 : Found label after column 1. (BEKLE2)
Warning[207] C:\USERS\BLACK\DESKTOP\MICROCALIS\DENEMELCD\DENEMELCD.X\NEWASMTEMPLATE.ASM 10 : Found label after column 1. (VE)
Warning[207] C:\USERS\BLACK\DESKTOP\MICROCALIS\DENEMELCD\DENEMELCD.X\NEWASMTEMPLATE.ASM 11 : Found label after column 1. (VE2)
Warning[207] C:\USERS\BLACK\DESKTOP\MICROCALIS\DENEMELCD\DENEMELCD.X\NEWASMTEMPLATE.ASM 12 : Found label after column 1. (KAY1)
Warning[207] C:\USERS\BLACK\DESKTOP\MICROCALIS\DENEMELCD\DENEMELCD.X\NEWASMTEMPLATE.ASM 13 : Found label after column 1. (AAA)
Warning[207] C:\USERS\BLACK\DESKTOP\MICROCALIS\DENEMELCD\DENEMELCD.X\NEWASMTEMPLATE.ASM 14 : Found label after column 1. (BBB)
Message[302] C:\USERS\BLACK\DESKTOP\MICROCALIS\DENEMELCD\DENEMELCD.X\NEWASMTEMPLATE.ASM 20 : Register in operand not in bank 0.  Ensure that bank bits are correct.
Message[302] C:\USERS\BLACK\DESKTOP\MICROCALIS\DENEMELCD\DENEMELCD.X\NEWASMTEMPLATE.ASM 21 : Register in operand not in bank 0.  Ensure that bank bits are correct.
Message[302] C:\USERS\BLACK\DESKTOP\MICROCALIS\DENEMELCD\DENEMELCD.X\NEWASMTEMPLATE.ASM 22 : Register in operand not in bank 0.  Ensure that bank bits are correct.
Message[302] C:\USERS\BLACK\DESKTOP\MICROCALIS\DENEMELCD\DENEMELCD.X\NEWASMTEMPLATE.ASM 25 : Register in operand not in bank 0.  Ensure that bank bits are correct.
Message[305] C:\USERS\BLACK\DESKTOP\MICROCALIS\DENEMELCD\DENEMELCD.X\NEWASMTEMPLATE.ASM 64 : Using default destination of 1 (file).
Message[305] C:\USERS\BLACK\DESKTOP\MICROCALIS\DENEMELCD\DENEMELCD.X\NEWASMTEMPLATE.ASM 82 : Using default destination of 1 (file).
Message[305] C:\USERS\BLACK\DESKTOP\MICROCALIS\DENEMELCD\DENEMELCD.X\NEWASMTEMPLATE.ASM 90 : Using default destination of 1 (file).
Message[305] C:\USERS\BLACK\DESKTOP\MICROCALIS\DENEMELCD\DENEMELCD.X\NEWASMTEMPLATE.ASM 101 : Using default destination of 1 (file).
Message[305] C:\USERS\BLACK\DESKTOP\MICROCALIS\DENEMELCD\DENEMELCD.X\NEWASMTEMPLATE.ASM 102 : Using default destination of 1 (file).
