MPASM 5.81                NEWASMTEMPLATE.ASM   12-4-2018  0:15:38         PAGE  1


LOC  OBJECT CODE     LINE SOURCE TEXT
  VALUE

                      00001     LIST P=16F877A
                      00002     #INCLUDE <P16F877A.INC>
                      00001         LIST
                      00002 
                      00003 ;==========================================================================
                      00004 ; Build date : Jul 23 2018
                      00005 ;  MPASM PIC16F877A processor include
                      00006 ; 
                      00007 ;  (c) Copyright 1999-2018 Microchip Technology, All rights reserved
                      00008 ;==========================================================================
                      00009 
                      00567         LIST
2007   3F31           00003     __CONFIG H'3F31'
Warning[207]: Found label after column 1. (TEMP)
  00000020            00004     TEMP EQU 0X20
Warning[207]: Found label after column 1. (TEMP2)
  00000025            00005     TEMP2 EQU 0X25
Warning[207]: Found label after column 1. (SAYI)
  00000021            00006     SAYI EQU 0X21
Warning[207]: Found label after column 1. (SAYAC)
  00000022            00007     SAYAC EQU 0X22
Warning[207]: Found label after column 1. (BEKLE)
  00000023            00008     BEKLE EQU 0X23
Warning[207]: Found label after column 1. (BEKLE2)
  00000024            00009     BEKLE2 EQU 0X24 
Warning[207]: Found label after column 1. (VE)
  00000025            00010     VE EQU 0X25
Warning[207]: Found label after column 1. (VE2)
  00000026            00011     VE2 EQU 0X26
Warning[207]: Found label after column 1. (KAY1)
  00000028            00012     KAY1 EQU 0X28
Warning[207]: Found label after column 1. (AAA)
  00000029            00013     AAA EQU 0X29
Warning[207]: Found label after column 1. (BBB)
  00000027            00014     BBB EQU 0X27
                      00015  
                      00016  
                      00017     ORG 0X00
0000                  00018 MAIN
0000   1683 1303      00019     BANKSEL TRISB
Message[302]: Register in operand not in bank 0.  Ensure that bank bits are correct.
0002   0186           00020     CLRF TRISB
Message[302]: Register in operand not in bank 0.  Ensure that bank bits are correct.
0003   1405           00021     BSF TRISA,0
Message[302]: Register in operand not in bank 0.  Ensure that bank bits are correct.
0004   1485           00022     BSF TRISA,1
0005   1683 1303      00023     BANKSEL ADCON1
0007   3006           00024     MOVLW 0X06
Message[302]: Register in operand not in bank 0.  Ensure that bank bits are correct.
0008   009F           00025     MOVWF ADCON1
0009   1283 1303      00026     BANKSEL PORTB
000B   0186           00027     CLRF PORTB
000C   3035           00028     MOVLW 0X35
MPASM 5.81                NEWASMTEMPLATE.ASM   12-4-2018  0:15:38         PAGE  2


LOC  OBJECT CODE     LINE SOURCE TEXT
  VALUE

000D   00A1           00029     MOVWF SAYI    
000E   3004           00030     MOVLW 0X04
000F   00A2           00031     MOVWF SAYAC
0010   3018           00032     MOVLW 0X18
0011   00A8           00033     MOVWF KAY1
0012   3080           00034     MOVLW 0X80
0013   00A9           00035     MOVWF AAA
0014   3081           00036     MOVLW 0X81
0015   00A7           00037     MOVWF BBB
0016   2???           00038     CALL TEMIZLE
0017   2???           00039     GOTO WRITE
0018                  00040 TEMIZLE    
0018   3001           00041     MOVLW 0X01
0019   2???           00042     CALL KOMUT_YAZ
001A   3002           00043     MOVLW 0X02
001B   2???           00044     CALL KOMUT_YAZ
001C   300C           00045     MOVLW 0X0C
001D   2???           00046     CALL KOMUT_YAZ
001E   3028           00047     MOVLW 0X28
001F   2???           00048     CALL KOMUT_YAZ
0020   0008           00049     RETURN
0021                  00050 KOMUT_YAZ    
0021   00A0           00051     MOVWF TEMP
0022   00A5           00052     MOVWF TEMP2    
0023   2???           00053     CALL DEGISTIR
0024   0825           00054     MOVFW TEMP2
0025   2???           00055     CALL KOMUT_GONDER
0026   0820           00056     MOVFW TEMP
0027   2???           00057     CALL KOMUT_GONDER
0028   0008           00058     RETURN
0029                  00059 SAYIAL            
0029   3004           00060     MOVLW 0X04
002A   00A2           00061     MOVWF SAYAC
002B   0008           00062     RETURN
002C                  00063 DEGISTIR
Message[305]: Using default destination of 1 (file).
002C   0CA5           00064     RRF TEMP2
002D   0BA2           00065     DECFSZ SAYAC,F
002E   2???           00066     GOTO DEGISTIR
002F   3004           00067     MOVLW 0X04
0030   00A2           00068     MOVWF SAYAC
0031   0008           00069     RETURN
0032                  00070 KOMUT_GONDER
0032   00A5           00071     MOVWF VE
0033   2???           00072     CALL VER1
0034   0825           00073     MOVFW VE
0035   0086           00074     MOVWF PORTB
0036   1283 1303      00075     BANKSEL PORTB
0038   1206           00076     BCF PORTB,4
0039   1686           00077     BSF PORTB,5
003A   2???           00078     CALL BEKLEME
003B   1286           00079     BCF PORTB,5
003C   0008           00080     RETURN
MPASM 5.81                NEWASMTEMPLATE.ASM   12-4-2018  0:15:38         PAGE  3


LOC  OBJECT CODE     LINE SOURCE TEXT
  VALUE

003D                  00081 VER1
Message[305]: Using default destination of 1 (file).
003D   0DA5           00082     RLF VE
003E   0BA2           00083     DECFSZ SAYAC,F
003F   2???           00084     GOTO VER1
0040   2???           00085     CALL VER2
0041   3004           00086     MOVLW 0X04
0042   00A2           00087     MOVWF SAYAC
0043   0008           00088     RETURN
0044                  00089 VER2
Message[305]: Using default destination of 1 (file).
0044   0CA5           00090     RRF VE
0045   0BA2           00091     DECFSZ SAYAC,F
0046   2???           00092     GOTO VER2
0047   0008           00093     RETURN
0048                  00094 SAG
0048   308F           00095     MOVLW 0X8F
0049   0229           00096     SUBWF AAA,W
004A   1D03           00097     BTFSS STATUS,Z
004B   2???           00098     GOTO ARTTIR
004C   2???           00099     GOTO BOS
004D                  00100 ARTTIR
Message[305]: Using default destination of 1 (file).
004D   0AA9           00101     INCF AAA
Message[305]: Using default destination of 1 (file).
004E   0AA7           00102     INCF BBB
004F   2???           00103     GOTO WRITE
0050                  00104 BOS
0050   3080           00105     MOVLW 0X80
0051   00A9           00106     MOVWF AAA
0052   3081           00107     MOVLW 0X81
0053   00A7           00108     MOVWF BBB
0054   2???           00109     GOTO WRITE
0055                  00110 WRITE
0055   2???           00111     CALL TEMIZLE
                      00112     
0056   0829           00113     MOVFW AAA
0057   2???           00114     CALL KOMUT_YAZ
0058   3032           00115     MOVLW A'2'
0059   2???           00116     CALL VERI_YAZ
                      00117     
005A   0827           00118     MOVFW BBB
005B   2???           00119     CALL KOMUT_YAZ
005C   3033           00120     MOVLW A'3'
005D   2???           00121     CALL VERI_YAZ
005E   2???           00122     GOTO SAG
005F                  00123 DONGU
005F   2???           00124     GOTO DONGU
0060                  00125 VERI_YAZ
0060   00A0           00126     MOVWF TEMP
0061   0E20           00127     SWAPF TEMP,W
0062   2???           00128     CALL VERI_GONDER
0063   0820           00129     MOVFW TEMP
MPASM 5.81                NEWASMTEMPLATE.ASM   12-4-2018  0:15:38         PAGE  4


LOC  OBJECT CODE     LINE SOURCE TEXT
  VALUE

0064   2???           00130     CALL VERI_GONDER
0065   0008           00131     RETURN
0066                  00132 VERI_GONDER
0066   390F           00133     ANDLW 0X0F
0067   0086           00134     MOVWF PORTB
0068   1283 1303      00135     BANKSEL PORTB
006A   1606           00136     BSF PORTB,4
006B   1686           00137     BSF PORTB,5
006C   2???           00138     CALL BEKLEME
006D   1286           00139     BCF PORTB,5
006E   0008           00140     RETURN
006F                  00141 BEKLEME
006F   301E           00142     MOVLW D'30'
0070   00A3           00143     MOVWF BEKLE
0071                  00144 BEKLEME2
0071   3050           00145     MOVLW D'80'
0072   00A4           00146     MOVWF BEKLE2
0073                  00147 BEKLEMEDONGU
0073   0BA4           00148     DECFSZ BEKLE2,F
0074   2???           00149     GOTO BEKLEMEDONGU
0075   0BA3           00150     DECFSZ BEKLE,F
0076   2???           00151     GOTO BEKLEME2
0077   0008           00152     RETURN
3F31                  00153     END
MPASM 5.81                NEWASMTEMPLATE.ASM   12-4-2018  0:15:38         PAGE  5


SYMBOL TABLE
  LABEL                             VALUE 

AAA                               00000029
ACKDT                             00000005
ACKEN                             00000004
ACKSTAT                           00000006
ADCON0                            0000001F
ADCON1                            0000009F
ADCS0                             00000006
ADCS1                             00000007
ADCS2                             00000006
ADDEN                             00000003
ADFM                              00000007
ADIE                              00000006
ADIF                              00000006
ADON                              00000000
ADRESH                            0000001E
ADRESL                            0000009E
ARTTIR                            0000004D
BBB                               00000027
BCLIE                             00000003
BCLIF                             00000003
BEKLE                             00000023
BEKLE2                            00000024
BEKLEME                           0000006F
BEKLEME2                          00000071
BEKLEMEDONGU                      00000073
BF                                00000000
BOS                               00000050
BRGH                              00000002
C                                 00000000
C1INV                             00000004
C1OUT                             00000006
C2INV                             00000005
C2OUT                             00000007
CCP1CON                           00000017
CCP1IE                            00000002
CCP1IF                            00000002
CCP1M0                            00000000
CCP1M1                            00000001
CCP1M2                            00000002
CCP1M3                            00000003
CCP1X                             00000005
CCP1Y                             00000004
CCP2CON                           0000001D
CCP2IE                            00000000
CCP2IF                            00000000
CCP2M0                            00000000
CCP2M1                            00000001
CCP2M2                            00000002
CCP2M3                            00000003
CCP2X                             00000005
CCP2Y                             00000004
CCPR1                             00000015
CCPR1H                            00000016
MPASM 5.81                NEWASMTEMPLATE.ASM   12-4-2018  0:15:38         PAGE  6


SYMBOL TABLE
  LABEL                             VALUE 

CCPR1L                            00000015
CCPR2                             0000001B
CCPR2H                            0000001C
CCPR2L                            0000001B
CHS0                              00000003
CHS1                              00000004
CHS2                              00000005
CIS                               00000003
CKE                               00000006
CKP                               00000004
CM0                               00000000
CM1                               00000001
CM2                               00000002
CMCON                             0000009C
CMIE                              00000006
CMIF                              00000006
CREN                              00000004
CSRC                              00000007
CVR0                              00000000
CVR1                              00000001
CVR2                              00000002
CVR3                              00000003
CVRCON                            0000009D
CVREN                             00000007
CVROE                             00000006
CVRR                              00000005
D                                 00000005
DATA_ADDRESS                      00000005
DC                                00000001
DEGISTIR                          0000002C
DONGU                             0000005F
D_A                               00000005
D_NOT_A                           00000005
EEADR                             0000010D
EEADRH                            0000010F
EECON1                            0000018C
EECON2                            0000018D
EEDATA                            0000010C
EEDATH                            0000010E
EEIE                              00000004
EEIF                              00000004
EEPGD                             00000007
F                                 00000001
FERR                              00000002
FSR                               00000004
GCEN                              00000007
GIE                               00000007
GO                                00000002
GO_DONE                           00000002
GO_NOT_DONE                       00000002
I2C_DATA                          00000005
I2C_READ                          00000002
I2C_START                         00000003
MPASM 5.81                NEWASMTEMPLATE.ASM   12-4-2018  0:15:38         PAGE  7


SYMBOL TABLE
  LABEL                             VALUE 

I2C_STOP                          00000004
IBF                               00000007
IBOV                              00000005
INDF                              00000000
INTCON                            0000000B
INTE                              00000004
INTEDG                            00000006
INTF                              00000001
IRP                               00000007
KAY1                              00000028
KOMUT_GONDER                      00000032
KOMUT_YAZ                         00000021
MAIN                              00000000
NOT_A                             00000005
NOT_ADDRESS                       00000005
NOT_BO                            00000000
NOT_BOR                           00000000
NOT_DONE                          00000002
NOT_PD                            00000003
NOT_POR                           00000001
NOT_RBPU                          00000007
NOT_RC8                           00000006
NOT_T1SYNC                        00000002
NOT_TO                            00000004
NOT_TX8                           00000006
NOT_W                             00000002
NOT_WRITE                         00000002
OBF                               00000006
OERR                              00000001
OPTION_REG                        00000081
P                                 00000004
PCFG0                             00000000
PCFG1                             00000001
PCFG2                             00000002
PCFG3                             00000003
PCL                               00000002
PCLATH                            0000000A
PCON                              0000008E
PEIE                              00000006
PEN                               00000002
PIE1                              0000008C
PIE2                              0000008D
PIR1                              0000000C
PIR2                              0000000D
PORTA                             00000005
PORTB                             00000006
PORTC                             00000007
PORTD                             00000008
PORTE                             00000009
PR2                               00000092
PS0                               00000000
PS1                               00000001
PS2                               00000002
MPASM 5.81                NEWASMTEMPLATE.ASM   12-4-2018  0:15:38         PAGE  8


SYMBOL TABLE
  LABEL                             VALUE 

PSA                               00000003
PSPIE                             00000007
PSPIF                             00000007
PSPMODE                           00000004
R                                 00000002
RA0                               00000000
RA1                               00000001
RA2                               00000002
RA3                               00000003
RA4                               00000004
RA5                               00000005
RB0                               00000000
RB1                               00000001
RB2                               00000002
RB3                               00000003
RB4                               00000004
RB5                               00000005
RB6                               00000006
RB7                               00000007
RBIE                              00000003
RBIF                              00000000
RC0                               00000000
RC1                               00000001
RC2                               00000002
RC3                               00000003
RC4                               00000004
RC5                               00000005
RC6                               00000006
RC7                               00000007
RC8_9                             00000006
RC9                               00000006
RCD8                              00000000
RCEN                              00000003
RCIE                              00000005
RCIF                              00000005
RCREG                             0000001A
RCSTA                             00000018
RD                                00000000
RD0                               00000000
RD1                               00000001
RD2                               00000002
RD3                               00000003
RD4                               00000004
RD5                               00000005
RD6                               00000006
RD7                               00000007
RE0                               00000000
RE1                               00000001
RE2                               00000002
READ_WRITE                        00000002
RP0                               00000005
RP1                               00000006
RSEN                              00000001
MPASM 5.81                NEWASMTEMPLATE.ASM   12-4-2018  0:15:38         PAGE  9


SYMBOL TABLE
  LABEL                             VALUE 

RX9                               00000006
RX9D                              00000000
R_NOT_W                           00000002
R_W                               00000002
S                                 00000003
SAG                               00000048
SAYAC                             00000022
SAYI                              00000021
SAYIAL                            00000029
SEN                               00000000
SMP                               00000007
SPBRG                             00000099
SPEN                              00000007
SREN                              00000005
SSPADD                            00000093
SSPBUF                            00000013
SSPCON                            00000014
SSPCON2                           00000091
SSPEN                             00000005
SSPIE                             00000003
SSPIF                             00000003
SSPM0                             00000000
SSPM1                             00000001
SSPM2                             00000002
SSPM3                             00000003
SSPOV                             00000006
SSPSTAT                           00000094
STATUS                            00000003
SYNC                              00000004
T0CS                              00000005
T0IE                              00000005
T0IF                              00000002
T0SE                              00000004
T1CKPS0                           00000004
T1CKPS1                           00000005
T1CON                             00000010
T1INSYNC                          00000002
T1OSCEN                           00000003
T1SYNC                            00000002
T2CKPS0                           00000000
T2CKPS1                           00000001
T2CON                             00000012
TEMIZLE                           00000018
TEMP                              00000020
TEMP2                             00000025
TMR0                              00000001
TMR0IE                            00000005
TMR0IF                            00000002
TMR1                              0000000E
TMR1CS                            00000001
TMR1H                             0000000F
TMR1IE                            00000000
TMR1IF                            00000000
MPASM 5.81                NEWASMTEMPLATE.ASM   12-4-2018  0:15:38         PAGE 10


SYMBOL TABLE
  LABEL                             VALUE 

TMR1L                             0000000E
TMR1ON                            00000000
TMR2                              00000011
TMR2IE                            00000001
TMR2IF                            00000001
TMR2ON                            00000002
TOUTPS0                           00000003
TOUTPS1                           00000004
TOUTPS2                           00000005
TOUTPS3                           00000006
TRISA                             00000085
TRISA0                            00000000
TRISA1                            00000001
TRISA2                            00000002
TRISA3                            00000003
TRISA4                            00000004
TRISA5                            00000005
TRISB                             00000086
TRISB0                            00000000
TRISB1                            00000001
TRISB2                            00000002
TRISB3                            00000003
TRISB4                            00000004
TRISB5                            00000005
TRISB6                            00000006
TRISB7                            00000007
TRISC                             00000087
TRISC0                            00000000
TRISC1                            00000001
TRISC2                            00000002
TRISC3                            00000003
TRISC4                            00000004
TRISC5                            00000005
TRISC6                            00000006
TRISC7                            00000007
TRISD                             00000088
TRISD0                            00000000
TRISD1                            00000001
TRISD2                            00000002
TRISD3                            00000003
TRISD4                            00000004
TRISD5                            00000005
TRISD6                            00000006
TRISD7                            00000007
TRISE                             00000089
TRISE0                            00000000
TRISE1                            00000001
TRISE2                            00000002
TRMT                              00000001
TX8_9                             00000006
TX9                               00000006
TX9D                              00000000
TXD8                              00000000
MPASM 5.81                NEWASMTEMPLATE.ASM   12-4-2018  0:15:38         PAGE 11


SYMBOL TABLE
  LABEL                             VALUE 

TXEN                              00000005
TXIE                              00000004
TXIF                              00000004
TXREG                             00000019
TXSTA                             00000098
UA                                00000001
VE                                00000025
VE2                               00000026
VER1                              0000003D
VER2                              00000044
VERI_GONDER                       00000066
VERI_YAZ                          00000060
W                                 00000000
WCOL                              00000007
WR                                00000001
WREN                              00000002
WRERR                             00000003
WRITE                             00000055
Z                                 00000002
_BODEN_OFF                        00003FBF
_BODEN_ON                         00003FFF
_BOREN_OFF                        00003FBF
_BOREN_ON                         00003FFF
_CONFIG                           00002007
_CPD_OFF                          00003FFF
_CPD_ON                           00003EFF
_CP_ALL                           00001FFF
_CP_OFF                           00003FFF
_CP_ON                            00001FFF
_DEBUG_OFF                        00003FFF
_DEBUG_ON                         000037FF
_DEVID1                           00002006
_FOSC_EXTRC                       00003FFF
_FOSC_HS                          00003FFE
_FOSC_LP                          00003FFC
_FOSC_XT                          00003FFD
_HS_OSC                           00003FFE
_IDLOC0                           00002000
_IDLOC1                           00002001
_IDLOC2                           00002002
_IDLOC3                           00002003
_LP_OSC                           00003FFC
_LVP_OFF                          00003F7F
_LVP_ON                           00003FFF
_PWRTE_OFF                        00003FFF
_PWRTE_ON                         00003FF7
_RC_OSC                           00003FFF
_WDTE_OFF                         00003FFB
_WDTE_ON                          00003FFF
_WDT_OFF                          00003FFB
_WDT_ON                           00003FFF
_WRT_1FOURTH                      00003BFF
_WRT_256                          00003DFF
MPASM 5.81                NEWASMTEMPLATE.ASM   12-4-2018  0:15:38         PAGE 12


SYMBOL TABLE
  LABEL                             VALUE 

_WRT_HALF                         000039FF
_WRT_OFF                          00003FFF
_XT_OSC                           00003FFD
__16F877A                         00000001

Errors   :     0
Warnings :    11 reported,     0 suppressed
Messages :     9 reported,     0 suppressed

