Warning[205] C:\YAZOKULU\YURUYENLED\YURUYENLED.ASM 1 : Found directive in column 1. (LIST)
Warning[205] C:\YAZOKULU\YURUYENLED\YURUYENLED.ASM 3 : Found directive in column 1. (__CONFIG)
Warning[205] C:\YAZOKULU\YURUYENLED\YURUYENLED.ASM 20 : Found directive in column 1. (ORG)
Warning[203] C:\YAZOKULU\YURUYENLED\YURUYENLED.ASM 21 : Found opcode in column 1. (GOTO)
Warning[205] C:\YAZOKULU\YURUYENLED\YURUYENLED.ASM 22 : Found directive in column 1. (ORG)
Warning[203] C:\YAZOKULU\YURUYENLED\YURUYENLED.ASM 23 : Found opcode in column 1. (GOTO)
Warning[205] C:\YAZOKULU\YURUYENLED\YURUYENLED.ASM 27 : Found directive in column 1. (BANKSEL)
Warning[203] C:\YAZOKULU\YURUYENLED\YURUYENLED.ASM 28 : Found opcode in column 1. (CLRF)
Message[302] C:\YAZOKULU\YURUYENLED\YURUYENLED.ASM 28 : Register in operand not in bank 0.  Ensure that bank bits are correct.
Warning[205] C:\YAZOKULU\YURUYENLED\YURUYENLED.ASM 29 : Found directive in column 1. (BANKSEL)
Warning[203] C:\YAZOKULU\YURUYENLED\YURUYENLED.ASM 30 : Found opcode in column 1. (MOVLW)
Warning[203] C:\YAZOKULU\YURUYENLED\YURUYENLED.ASM 31 : Found opcode in column 1. (MOVWF)
Warning[203] C:\YAZOKULU\YURUYENLED\YURUYENLED.ASM 32 : Found opcode in column 1. (BCF)
Warning[203] C:\YAZOKULU\YURUYENLED\YURUYENLED.ASM 33 : Found opcode in column 1. (GOTO)
Warning[205] C:\YAZOKULU\YURUYENLED\YURUYENLED.ASM 37 : Found directive in column 1. (BANKSEL)
Warning[203] C:\YAZOKULU\YURUYENLED\YURUYENLED.ASM 38 : Found opcode in column 1. (CALL)
Warning[203] C:\YAZOKULU\YURUYENLED\YURUYENLED.ASM 39 : Found opcode in column 1. (RRF)
Warning[203] C:\YAZOKULU\YURUYENLED\YURUYENLED.ASM 40 : Found opcode in column 1. (BTFSC)
Warning[203] C:\YAZOKULU\YURUYENLED\YURUYENLED.ASM 41 : Found opcode in column 1. (GOTO)
Warning[203] C:\YAZOKULU\YURUYENLED\YURUYENLED.ASM 42 : Found opcode in column 1. (GOTO)
Warning[205] C:\YAZOKULU\YURUYENLED\YURUYENLED.ASM 46 : Found directive in column 1. (BANKSEL)
Warning[203] C:\YAZOKULU\YURUYENLED\YURUYENLED.ASM 47 : Found opcode in column 1. (CALL)
Warning[203] C:\YAZOKULU\YURUYENLED\YURUYENLED.ASM 48 : Found opcode in column 1. (RLF)
Warning[203] C:\YAZOKULU\YURUYENLED\YURUYENLED.ASM 49 : Found opcode in column 1. (BTFSC)
Warning[203] C:\YAZOKULU\YURUYENLED\YURUYENLED.ASM 50 : Found opcode in column 1. (GOTO)
Warning[203] C:\YAZOKULU\YURUYENLED\YURUYENLED.ASM 51 : Found opcode in column 1. (GOTO)
Warning[205] C:\YAZOKULU\YURUYENLED\YURUYENLED.ASM 56 : Found directive in column 1. (BANKSEL)
Warning[203] C:\YAZOKULU\YURUYENLED\YURUYENLED.ASM 57 : Found opcode in column 1. (MOVLW)
Warning[203] C:\YAZOKULU\YURUYENLED\YURUYENLED.ASM 58 : Found opcode in column 1. (MOVWF)
Warning[203] C:\YAZOKULU\YURUYENLED\YURUYENLED.ASM 60 : Found opcode in column 1. (MOVLW)
Warning[203] C:\YAZOKULU\YURUYENLED\YURUYENLED.ASM 61 : Found opcode in column 1. (MOVWF)
Warning[203] C:\YAZOKULU\YURUYENLED\YURUYENLED.ASM 63 : Found opcode in column 1. (MOVLW)
Warning[203] C:\YAZOKULU\YURUYENLED\YURUYENLED.ASM 64 : Found opcode in column 1. (MOVWF)
Warning[203] C:\YAZOKULU\YURUYENLED\YURUYENLED.ASM 66 : Found opcode in column 1. (DECFSZ)
Warning[203] C:\YAZOKULU\YURUYENLED\YURUYENLED.ASM 67 : Found opcode in column 1. (GOTO)
Warning[203] C:\YAZOKULU\YURUYENLED\YURUYENLED.ASM 68 : Found opcode in column 1. (DECFSZ)
Warning[203] C:\YAZOKULU\YURUYENLED\YURUYENLED.ASM 69 : Found opcode in column 1. (GOTO)
Warning[203] C:\YAZOKULU\YURUYENLED\YURUYENLED.ASM 70 : Found opcode in column 1. (DECFSZ)
Warning[203] C:\YAZOKULU\YURUYENLED\YURUYENLED.ASM 71 : Found opcode in column 1. (GOTO)
Warning[203] C:\YAZOKULU\YURUYENLED\YURUYENLED.ASM 72 : Found opcode in column 1. (RETURN)
Warning[205] C:\YAZOKULU\YURUYENLED\YURUYENLED.ASM 80 : Found directive in column 1. (END)
