MPASM 5.81                NEWASMTEMPLATE.ASM   2-7-2020  11:23:52         PAGE  1


LOC  OBJECT CODE     LINE SOURCE TEXT
  VALUE

                      00001     LIST P=16F877A
                      00002     #INCLUDE <P16F877A.INC>
                      00001         LIST
                      00002 
                      00003 ;==========================================================================
                      00004 ; Build date : Jul 23 2018
                      00005 ;  MPASM PIC16F877A processor include
                      00006 ; 
                      00007 ;  (c) Copyright 1999-2018 Microchip Technology, All rights reserved
                      00008 ;==========================================================================
                      00009 
                      00567         LIST
2007   3F31           00003     __CONFIG H'3F31'
Warning[207]: Found label after column 1. (SAYAC)
  00000023            00004     SAYAC EQU 0X23
Warning[207]: Found label after column 1. (SAY)
  00000024            00005     SAY EQU 0X24 
Warning[207]: Found label after column 1. (SAY10)
  00000027            00006     SAY10 EQU 0X27
Warning[207]: Found label after column 1. (BEKLE)
  00000025            00007     BEKLE EQU 0X25
Warning[207]: Found label after column 1. (BEKLE2)
  00000026            00008     BEKLE2 EQU 0X26
                      00009     ORG 0X00
0000   2???           00010     GOTO MAIN
                      00011     ORG 0X04
0004   2???           00012     GOTO KESME
0005                  00013 MAIN
0005   1683 1303      00014     BANKSEL TRISB
Message[302]: Register in operand not in bank 0.  Ensure that bank bits are correct.
0007   0186           00015     CLRF TRISB
Message[302]: Register in operand not in bank 0.  Ensure that bank bits are correct.
0008   0188           00016     CLRF TRISD
0009   1283 1303      00017     BANKSEL PORTB
000B   0186           00018     CLRF PORTB
000C   0188           00019     CLRF PORTD
000D   3005           00020     MOVLW 0X05
000E   00A3           00021     MOVWF SAYAC
000F   3000           00022     MOVLW 0X00
0010   00A4           00023     MOVWF SAY
0011   00A7           00024     MOVWF SAY10
0012   1283 1303      00025     BANKSEL TMR1L
0014   30B0           00026     MOVLW 0XB0
0015   008E           00027     MOVWF TMR1L
0016   303C           00028     MOVLW 0X3C
0017   008F           00029     MOVWF TMR1H
0018   1283 1303      00030     BANKSEL INTCON
001A   178B           00031     BSF INTCON,GIE
001B   170B           00032     BSF INTCON, PEIE
001C   1683 1303      00033     BANKSEL PIE1
Message[302]: Register in operand not in bank 0.  Ensure that bank bits are correct.
001E   140C           00034     BSF PIE1,TMR1IE
001F   1283 1303      00035     BANKSEL T1CON
MPASM 5.81                NEWASMTEMPLATE.ASM   2-7-2020  11:23:52         PAGE  2


LOC  OBJECT CODE     LINE SOURCE TEXT
  VALUE

0021   1210           00036     BCF T1CON,T1CKPS0
0022   1690           00037     BSF T1CON,T1CKPS1
0023   1410           00038     BSF T1CON,TMR1ON
0024                  00039 DONGU
0024   2???           00040     GOTO DONGU
0025                  00041 KESME
0025   1283 1303      00042     BANKSEL PIR1
0027   100C           00043     BCF PIR1,TMR1IF
0028   1283 1303      00044     BANKSEL TMR1L
002A   30B0           00045     MOVLW 0XB0
002B   008E           00046     MOVWF TMR1L
002C   303C           00047     MOVLW 0X3C
002D   008F           00048     MOVWF TMR1H
002E   0BA3           00049     DECFSZ SAYAC,F
002F   0009           00050     RETFIE
0030   2???           00051     CALL ISLEM    
0031   1283 1303      00052     BANKSEL SAYAC
0033   3005           00053     MOVLW 0X05
0034   00A3           00054     MOVWF SAYAC    
0035   0009           00055     RETFIE
0036                  00056 ISLEM
0036   0824           00057     MOVFW SAY
0037   3C0A           00058     SUBLW 0X0A
0038   1D03           00059     BTFSS STATUS,Z
0039   2???           00060     GOTO GOSTER
003A   01A4           00061     CLRF SAY
003B   0008           00062     RETURN
003C                  00063 GOSTER
003C   0824           00064     MOVFW SAY
003D   2???           00065     CALL LOOKUP
003E   0088           00066     MOVWF PORTD
003F   1606           00067     BSF PORTB,4
0040   1706           00068     BSF PORTB,6
0041   2???           00069     CALL BEKLEME
0042   1306           00070     BCF PORTB,6
Message[305]: Using default destination of 1 (file).
0043   0AA4           00071     INCF SAY    
                      00072     
0044   0009           00073     RETFIE
0045                  00074 LOOKUP
0045   0782           00075     ADDWF PCL,F
0046   343F           00076     RETLW B'00111111'   
0047   3406           00077     RETLW B'00000110'    
0048   345B           00078     RETLW B'01011011'    
0049   344F           00079     RETLW B'01001111'    
004A   3466           00080     RETLW B'01100110'    
004B   346D           00081     RETLW B'01101101'    
004C   347D           00082     RETLW B'01111101'    
004D   3407           00083     RETLW B'00000111'    
004E   347F           00084     RETLW B'01111111'    
004F   346F           00085     RETLW B'01101111'
0050   0008           00086     RETURN
0051                  00087 BEKLEME
MPASM 5.81                NEWASMTEMPLATE.ASM   2-7-2020  11:23:52         PAGE  3


LOC  OBJECT CODE     LINE SOURCE TEXT
  VALUE

0051   3055           00088     MOVLW 0X55
0052   00A5           00089     MOVWF BEKLE
0053                  00090 BEKLEME2
0053   3015           00091     MOVLW 0X15
0054   00A6           00092     MOVWF BEKLE2
0055                  00093 BEKLED
0055   0BA6           00094     DECFSZ BEKLE2,F
0056   2???           00095     GOTO BEKLED
0057   0BA5           00096     DECFSZ BEKLE,F
0058   2???           00097     GOTO BEKLEME2
0059   0008           00098     RETURN
3F31                  00099     END
MPASM 5.81                NEWASMTEMPLATE.ASM   2-7-2020  11:23:52         PAGE  4


SYMBOL TABLE
  LABEL                             VALUE 

ACKDT                             00000005
ACKEN                             00000004
ACKSTAT                           00000006
ADCON0                            0000001F
ADCON1                            0000009F
ADCS0                             00000006
ADCS1                             00000007
ADCS2                             00000006
ADDEN                             00000003
ADFM                              00000007
ADIE                              00000006
ADIF                              00000006
ADON                              00000000
ADRESH                            0000001E
ADRESL                            0000009E
BCLIE                             00000003
BCLIF                             00000003
BEKLE                             00000025
BEKLE2                            00000026
BEKLED                            00000055
BEKLEME                           00000051
BEKLEME2                          00000053
BF                                00000000
BRGH                              00000002
C                                 00000000
C1INV                             00000004
C1OUT                             00000006
C2INV                             00000005
C2OUT                             00000007
CCP1CON                           00000017
CCP1IE                            00000002
CCP1IF                            00000002
CCP1M0                            00000000
CCP1M1                            00000001
CCP1M2                            00000002
CCP1M3                            00000003
CCP1X                             00000005
CCP1Y                             00000004
CCP2CON                           0000001D
CCP2IE                            00000000
CCP2IF                            00000000
CCP2M0                            00000000
CCP2M1                            00000001
CCP2M2                            00000002
CCP2M3                            00000003
CCP2X                             00000005
CCP2Y                             00000004
CCPR1                             00000015
CCPR1H                            00000016
CCPR1L                            00000015
CCPR2                             0000001B
CCPR2H                            0000001C
CCPR2L                            0000001B
MPASM 5.81                NEWASMTEMPLATE.ASM   2-7-2020  11:23:52         PAGE  5


SYMBOL TABLE
  LABEL                             VALUE 

CHS0                              00000003
CHS1                              00000004
CHS2                              00000005
CIS                               00000003
CKE                               00000006
CKP                               00000004
CM0                               00000000
CM1                               00000001
CM2                               00000002
CMCON                             0000009C
CMIE                              00000006
CMIF                              00000006
CREN                              00000004
CSRC                              00000007
CVR0                              00000000
CVR1                              00000001
CVR2                              00000002
CVR3                              00000003
CVRCON                            0000009D
CVREN                             00000007
CVROE                             00000006
CVRR                              00000005
D                                 00000005
DATA_ADDRESS                      00000005
DC                                00000001
DONGU                             00000024
D_A                               00000005
D_NOT_A                           00000005
EEADR                             0000010D
EEADRH                            0000010F
EECON1                            0000018C
EECON2                            0000018D
EEDATA                            0000010C
EEDATH                            0000010E
EEIE                              00000004
EEIF                              00000004
EEPGD                             00000007
F                                 00000001
FERR                              00000002
FSR                               00000004
GCEN                              00000007
GIE                               00000007
GO                                00000002
GOSTER                            0000003C
GO_DONE                           00000002
GO_NOT_DONE                       00000002
I2C_DATA                          00000005
I2C_READ                          00000002
I2C_START                         00000003
I2C_STOP                          00000004
IBF                               00000007
IBOV                              00000005
INDF                              00000000
MPASM 5.81                NEWASMTEMPLATE.ASM   2-7-2020  11:23:52         PAGE  6


SYMBOL TABLE
  LABEL                             VALUE 

INTCON                            0000000B
INTE                              00000004
INTEDG                            00000006
INTF                              00000001
IRP                               00000007
ISLEM                             00000036
KESME                             00000025
LOOKUP                            00000045
MAIN                              00000005
NOT_A                             00000005
NOT_ADDRESS                       00000005
NOT_BO                            00000000
NOT_BOR                           00000000
NOT_DONE                          00000002
NOT_PD                            00000003
NOT_POR                           00000001
NOT_RBPU                          00000007
NOT_RC8                           00000006
NOT_T1SYNC                        00000002
NOT_TO                            00000004
NOT_TX8                           00000006
NOT_W                             00000002
NOT_WRITE                         00000002
OBF                               00000006
OERR                              00000001
OPTION_REG                        00000081
P                                 00000004
PCFG0                             00000000
PCFG1                             00000001
PCFG2                             00000002
PCFG3                             00000003
PCL                               00000002
PCLATH                            0000000A
PCON                              0000008E
PEIE                              00000006
PEN                               00000002
PIE1                              0000008C
PIE2                              0000008D
PIR1                              0000000C
PIR2                              0000000D
PORTA                             00000005
PORTB                             00000006
PORTC                             00000007
PORTD                             00000008
PORTE                             00000009
PR2                               00000092
PS0                               00000000
PS1                               00000001
PS2                               00000002
PSA                               00000003
PSPIE                             00000007
PSPIF                             00000007
PSPMODE                           00000004
MPASM 5.81                NEWASMTEMPLATE.ASM   2-7-2020  11:23:52         PAGE  7


SYMBOL TABLE
  LABEL                             VALUE 

R                                 00000002
RA0                               00000000
RA1                               00000001
RA2                               00000002
RA3                               00000003
RA4                               00000004
RA5                               00000005
RB0                               00000000
RB1                               00000001
RB2                               00000002
RB3                               00000003
RB4                               00000004
RB5                               00000005
RB6                               00000006
RB7                               00000007
RBIE                              00000003
RBIF                              00000000
RC0                               00000000
RC1                               00000001
RC2                               00000002
RC3                               00000003
RC4                               00000004
RC5                               00000005
RC6                               00000006
RC7                               00000007
RC8_9                             00000006
RC9                               00000006
RCD8                              00000000
RCEN                              00000003
RCIE                              00000005
RCIF                              00000005
RCREG                             0000001A
RCSTA                             00000018
RD                                00000000
RD0                               00000000
RD1                               00000001
RD2                               00000002
RD3                               00000003
RD4                               00000004
RD5                               00000005
RD6                               00000006
RD7                               00000007
RE0                               00000000
RE1                               00000001
RE2                               00000002
READ_WRITE                        00000002
RP0                               00000005
RP1                               00000006
RSEN                              00000001
RX9                               00000006
RX9D                              00000000
R_NOT_W                           00000002
R_W                               00000002
MPASM 5.81                NEWASMTEMPLATE.ASM   2-7-2020  11:23:52         PAGE  8


SYMBOL TABLE
  LABEL                             VALUE 

S                                 00000003
SAY                               00000024
SAY10                             00000027
SAYAC                             00000023
SEN                               00000000
SMP                               00000007
SPBRG                             00000099
SPEN                              00000007
SREN                              00000005
SSPADD                            00000093
SSPBUF                            00000013
SSPCON                            00000014
SSPCON2                           00000091
SSPEN                             00000005
SSPIE                             00000003
SSPIF                             00000003
SSPM0                             00000000
SSPM1                             00000001
SSPM2                             00000002
SSPM3                             00000003
SSPOV                             00000006
SSPSTAT                           00000094
STATUS                            00000003
SYNC                              00000004
T0CS                              00000005
T0IE                              00000005
T0IF                              00000002
T0SE                              00000004
T1CKPS0                           00000004
T1CKPS1                           00000005
T1CON                             00000010
T1INSYNC                          00000002
T1OSCEN                           00000003
T1SYNC                            00000002
T2CKPS0                           00000000
T2CKPS1                           00000001
T2CON                             00000012
TMR0                              00000001
TMR0IE                            00000005
TMR0IF                            00000002
TMR1                              0000000E
TMR1CS                            00000001
TMR1H                             0000000F
TMR1IE                            00000000
TMR1IF                            00000000
TMR1L                             0000000E
TMR1ON                            00000000
TMR2                              00000011
TMR2IE                            00000001
TMR2IF                            00000001
TMR2ON                            00000002
TOUTPS0                           00000003
TOUTPS1                           00000004
MPASM 5.81                NEWASMTEMPLATE.ASM   2-7-2020  11:23:52         PAGE  9


SYMBOL TABLE
  LABEL                             VALUE 

TOUTPS2                           00000005
TOUTPS3                           00000006
TRISA                             00000085
TRISA0                            00000000
TRISA1                            00000001
TRISA2                            00000002
TRISA3                            00000003
TRISA4                            00000004
TRISA5                            00000005
TRISB                             00000086
TRISB0                            00000000
TRISB1                            00000001
TRISB2                            00000002
TRISB3                            00000003
TRISB4                            00000004
TRISB5                            00000005
TRISB6                            00000006
TRISB7                            00000007
TRISC                             00000087
TRISC0                            00000000
TRISC1                            00000001
TRISC2                            00000002
TRISC3                            00000003
TRISC4                            00000004
TRISC5                            00000005
TRISC6                            00000006
TRISC7                            00000007
TRISD                             00000088
TRISD0                            00000000
TRISD1                            00000001
TRISD2                            00000002
TRISD3                            00000003
TRISD4                            00000004
TRISD5                            00000005
TRISD6                            00000006
TRISD7                            00000007
TRISE                             00000089
TRISE0                            00000000
TRISE1                            00000001
TRISE2                            00000002
TRMT                              00000001
TX8_9                             00000006
TX9                               00000006
TX9D                              00000000
TXD8                              00000000
TXEN                              00000005
TXIE                              00000004
TXIF                              00000004
TXREG                             00000019
TXSTA                             00000098
UA                                00000001
W                                 00000000
WCOL                              00000007
MPASM 5.81                NEWASMTEMPLATE.ASM   2-7-2020  11:23:52         PAGE 10


SYMBOL TABLE
  LABEL                             VALUE 

WR                                00000001
WREN                              00000002
WRERR                             00000003
Z                                 00000002
_BODEN_OFF                        00003FBF
_BODEN_ON                         00003FFF
_BOREN_OFF                        00003FBF
_BOREN_ON                         00003FFF
_CONFIG                           00002007
_CPD_OFF                          00003FFF
_CPD_ON                           00003EFF
_CP_ALL                           00001FFF
_CP_OFF                           00003FFF
_CP_ON                            00001FFF
_DEBUG_OFF                        00003FFF
_DEBUG_ON                         000037FF
_DEVID1                           00002006
_FOSC_EXTRC                       00003FFF
_FOSC_HS                          00003FFE
_FOSC_LP                          00003FFC
_FOSC_XT                          00003FFD
_HS_OSC                           00003FFE
_IDLOC0                           00002000
_IDLOC1                           00002001
_IDLOC2                           00002002
_IDLOC3                           00002003
_LP_OSC                           00003FFC
_LVP_OFF                          00003F7F
_LVP_ON                           00003FFF
_PWRTE_OFF                        00003FFF
_PWRTE_ON                         00003FF7
_RC_OSC                           00003FFF
_WDTE_OFF                         00003FFB
_WDTE_ON                          00003FFF
_WDT_OFF                          00003FFB
_WDT_ON                           00003FFF
_WRT_1FOURTH                      00003BFF
_WRT_256                          00003DFF
_WRT_HALF                         000039FF
_WRT_OFF                          00003FFF
_XT_OSC                           00003FFD
__16F877A                         00000001

Errors   :     0
Warnings :     5 reported,     0 suppressed
Messages :     4 reported,     0 suppressed

