MPASM 5.81                NEWASMTEMPLATE.ASM   7-25-2020  11:08:18         PAGE  1


LOC  OBJECT CODE     LINE SOURCE TEXT
  VALUE

                      00001     LIST P=16F877A
                      00002     INCLUDE <P16F877A.INC>
                      00001         LIST
                      00002 
                      00003 ;==========================================================================
                      00004 ; Build date : Jul 23 2018
                      00005 ;  MPASM PIC16F877A processor include
                      00006 ; 
                      00007 ;  (c) Copyright 1999-2018 Microchip Technology, All rights reserved
                      00008 ;==========================================================================
                      00009 
                      00567         LIST
2007   3F7A           00003     __CONFIG _CP_OFF &_WDT_OFF &_HS_OSC &_PWRTE_OFF &_LVP_OFF
                      00004 ;  KOD KORUMA, UYKU MODU, HS OSC SEÇ?M?, -- , LOW PROGRAMMING KAPALI
Warning[207]: Found label after column 1. (SAYAC0)
  00000020            00005  SAYAC0 EQU 0X20
Warning[207]: Found label after column 1. (SAYAC1)
  00000021            00006  SAYAC1 EQU 0X21
Warning[207]: Found label after column 1. (SAYAC2)
  00000022            00007  SAYAC2 EQU 0X22
Warning[207]: Found label after column 1. (KAYDIR)
  00000023            00008  KAYDIR EQU 0X23
Warning[207]: Found label after column 1. (BIRLER)
  00000024            00009  BIRLER EQU 0X24
Warning[207]: Found label after column 1. (ONLAR)
  00000025            00010  ONLAR  EQU 0X25
Warning[207]: Found label after column 1. (YUZLER)
  00000026            00011  YUZLER EQU 0X26
Warning[207]: Found label after column 1. (BINLER)
  00000027            00012  BINLER EQU 0X27
Warning[207]: Found label after column 1. (BIRKNT)
  00000028            00013  BIRKNT EQU 0X28
Warning[207]: Found label after column 1. (ONKNT)
  00000029            00014  ONKNT  EQU 0X29
Warning[207]: Found label after column 1. (YUZKNT)
  0000002A            00015  YUZKNT EQU 0X2A
Warning[207]: Found label after column 1. (BINKNT)
  0000002B            00016  BINKNT EQU 0X2B
Warning[207]: Found label after column 1. (ISTENEN)
  0000002C            00017  ISTENEN EQU 0X2C
Warning[207]: Found label after column 1. (ISI)
  0000002D            00018  ISI    EQU 0X2D
Warning[207]: Found label after column 1. (TEMP)
  0000002E            00019  TEMP   EQU 0X2E
Warning[207]: Found label after column 1. (TEMP1)
  0000002E            00020  TEMP1  EQU 0X2E
                      00021 ; ----------------------- BA?LANGIÇ AYARLARI //KESME ALTPROGRAMI
                      00022     ORG 0X00
0000   2???           00023     GOTO MAIN       
                      00024     
                      00025     ORG 0X04
0004   2???           00026     GOTO MAIN       
                      00027 ; ----------------------- STATUS,RP0 (BANKSEL ARASI GEÇ??)
MPASM 5.81                NEWASMTEMPLATE.ASM   7-25-2020  11:08:18         PAGE  2


LOC  OBJECT CODE     LINE SOURCE TEXT
  VALUE

                      00028 BANK0 MACRO
                      00029     BCF STATUS,5    
                      00030     ENDM
                      00031 BANK1 MACRO
                      00032     BSF STATUS,5
                      00033     ENDM
                      00034 ;---------------------- BA?LANGIÇ ALTPROGRAM VE SONSUZ DONGU    
                      00035 MAIN BANK1
0005   1683               M     BSF STATUS,5
Message[302]: Register in operand not in bank 0.  Ensure that bank bits are correct.
0006   019F           00036     CLRF ADCON1
0007   30F0           00037     MOVLW B'11110000' ; ANALOG D??TAL AYARLA
Message[302]: Register in operand not in bank 0.  Ensure that bank bits are correct.
0008   0088           00038     MOVWF TRISD
Message[302]: Register in operand not in bank 0.  Ensure that bank bits are correct.
0009   0186           00039     CLRF TRISB
Message[302]: Register in operand not in bank 0.  Ensure that bank bits are correct.
000A   0187           00040     CLRF TRISC
                      00041     BANK0
000B   1283               M     BCF STATUS,5    
000C   3029           00042     MOVLW B'00101001' ;00101001 D?KEY - 00110001 YATAY
000D   009F           00043     MOVWF ADCON0
000E   0187           00044     CLRF PORTC ;DC YON KONTROLU VE CCP1-RC2 PWM S?NYAL?
000F   0188           00045     CLRF PORTD
0010   0186           00046     CLRF PORTB 
0011   3000           00047     MOVLW 0X00
0012   00A7           00048     MOVWF BINLER    ;RB0
0013   3000           00049     MOVLW 0X00
0014   00A6           00050     MOVWF YUZLER    ;RB1
0015   3000           00051     MOVLW 0X00
0016   00A5           00052     MOVWF ONLAR     ;RB2
0017   3000           00053     MOVLW 0X00
0018   00A4           00054     MOVWF BIRLER    ;RB3
0019   3080           00055     MOVLW .128
001A   00AD           00056     MOVWF ISI ;JOYSITCKTEN GELEN ORTA NOKTA SINIRI
001B   0103           00057     CLRW
                      00058 
001C                  00059 LOOP
001C   2???           00060     CALL ADCOKU
001D   2???           00061     CALL BASAMAKBUL
001E   2???           00062     CALL GOSTER ;6MS    
001F   2???           00063     GOTO LOOP
                      00064   
0020                  00065 ADCOKU
0020   141F           00066     BSF ADCON0,0 ;GO/DONE
0021                  00067 ADCOKU1
0021   191F           00068     BTFSC ADCON0,2
0022   081E           00069     MOVFW ADRESH
0023   00AC           00070     MOVWF ISTENEN
0024   0008           00071     RETURN
                      00072 
0025                  00073 BASAMAKBUL
0025   01A5           00074     CLRF ONLAR
MPASM 5.81                NEWASMTEMPLATE.ASM   7-25-2020  11:08:18         PAGE  3


LOC  OBJECT CODE     LINE SOURCE TEXT
  VALUE

0026   01A4           00075     CLRF BIRLER
0027   01A6           00076     CLRF YUZLER
0028   082C           00077     MOVFW ISTENEN
0029   00AE           00078     MOVWF TEMP
                      00079     
002A                  00080 BASAMAKBUL2
002A   1003           00081     BCF STATUS,C
002B   1103           00082     BCF STATUS,Z
002C   3064           00083     MOVLW .100
002D   022E           00084     SUBWF TEMP,W ;W=ISTENEN-ISI
002E   1903           00085     BTFSC STATUS,Z
002F   2???           00086     GOTO ESITLIK2
0030   1803           00087     BTFSC STATUS,C
0031   2???           00088     GOTO BUYUKLUK2
0032   2???           00089     GOTO BASAMAKBUL1
0033                  00090 ESITLIK2
0033   0AA6           00091     INCF YUZLER,F
0034   0008           00092     RETURN
0035                  00093 BUYUKLUK2
0035   0AA6           00094     INCF YUZLER,F
0036   3064           00095     MOVLW .100
0037   02AE           00096     SUBWF TEMP,F ;W=ISTENEN-ISI
0038   2???           00097     GOTO BASAMAKBUL2
                      00098       
0039                  00099 BASAMAKBUL1
0039   1003           00100     BCF STATUS,C
003A   1103           00101     BCF STATUS,Z
003B   300A           00102     MOVLW 0X0A
003C   022E           00103     SUBWF TEMP,W ;W=ISTENEN-ISI
003D   1903           00104     BTFSC STATUS,Z
003E   2???           00105     GOTO ESITLIK1
003F   1803           00106     BTFSC STATUS,C
0040   2???           00107     GOTO BUYUKLUK1
0041   082E           00108     MOVFW TEMP
0042   00A4           00109     MOVWF BIRLER
0043   0008           00110     RETURN
0044                  00111 ESITLIK1
0044   0AA5           00112     INCF ONLAR,F
0045   0008           00113     RETURN
0046                  00114 BUYUKLUK1
0046   0AA5           00115     INCF ONLAR,F
0047   300A           00116     MOVLW 0X0A
0048   02AE           00117     SUBWF TEMP,F ;W=ISTENEN-ISI
0049   2???           00118     GOTO BASAMAKBUL1
                      00119      
004A                  00120 GOSTER
004A   3001           00121     MOVLW .1                ;TUS SEKMES?N? (butondan el çekme) ÖNLER.
004B   00AE           00122     MOVWF TEMP1
004C                  00123 GOSTER1
004C   0827           00124     MOVFW BINLER            ;BINLER BASILDI
004D   0088           00125     MOVWF PORTD
004E   3001           00126     MOVLW B'00000001'       ;RB0 AKT?F
004F   0086           00127     MOVWF PORTB
MPASM 5.81                NEWASMTEMPLATE.ASM   7-25-2020  11:08:18         PAGE  4


LOC  OBJECT CODE     LINE SOURCE TEXT
  VALUE

0050   2???           00128     CALL BEKLE
                      00129     
0051   0826           00130     MOVFW YUZLER            ;YUZLER BASILDI
0052   0088           00131     MOVWF PORTD
0053   3002           00132     MOVLW B'00000010'       ;RB1 AKT?F
0054   0086           00133     MOVWF PORTB
0055   2???           00134     CALL BEKLE
                      00135     
0056   0825           00136     MOVFW ONLAR             ;ONLAR BASILDI
0057   0088           00137     MOVWF PORTD
0058   3004           00138     MOVLW B'00000100'       ;RB2 AKT?F
0059   0086           00139     MOVWF PORTB
005A   2???           00140     CALL BEKLE
                      00141     
005B   0824           00142     MOVFW BIRLER            ;BIRLER BASILDI
005C   0088           00143     MOVWF PORTD
005D   3008           00144     MOVLW B'00001000'       ;RB3 AKT?F
005E   0086           00145     MOVWF PORTB
005F   2???           00146     CALL BEKLE
0060   0BAE           00147     DECFSZ TEMP1,F
0061   2???           00148     GOTO GOSTER1
0062   0186           00149     CLRF PORTB
0063   0008           00150     RETURN
                      00151     
                      00152     
0064                  00153 BEKLE
0064   3002           00154     MOVLW .2      ; 2 3MS
0065   00A0           00155     MOVWF SAYAC0
0066                  00156 BEKLE1
0066   3032           00157     MOVLW .50
0067   00A1           00158     MOVWF SAYAC1
0068                  00159 BEKLE2
0068   3032           00160     MOVLW .50
0069   00A2           00161     MOVWF SAYAC2
006A                  00162 BEKLEDONGU
006A   0BA2           00163     DECFSZ SAYAC2,F
006B   2???           00164     GOTO BEKLEDONGU
006C   0BA1           00165     DECFSZ SAYAC1,F
006D   2???           00166     GOTO BEKLE2
006E   0BA0           00167     DECFSZ SAYAC0,F
006F   2???           00168     GOTO BEKLE1
0070   0008           00169     RETURN
3F7A                  00170     END
MPASM 5.81                NEWASMTEMPLATE.ASM   7-25-2020  11:08:18         PAGE  5


SYMBOL TABLE
  LABEL                             VALUE 

ACKDT                             00000005
ACKEN                             00000004
ACKSTAT                           00000006
ADCOKU                            00000020
ADCOKU1                           00000021
ADCON0                            0000001F
ADCON1                            0000009F
ADCS0                             00000006
ADCS1                             00000007
ADCS2                             00000006
ADDEN                             00000003
ADFM                              00000007
ADIE                              00000006
ADIF                              00000006
ADON                              00000000
ADRESH                            0000001E
ADRESL                            0000009E
BANK0                             
BANK1                             
BASAMAKBUL                        00000025
BASAMAKBUL1                       00000039
BASAMAKBUL2                       0000002A
BCLIE                             00000003
BCLIF                             00000003
BEKLE                             00000064
BEKLE1                            00000066
BEKLE2                            00000068
BEKLEDONGU                        0000006A
BF                                00000000
BINKNT                            0000002B
BINLER                            00000027
BIRKNT                            00000028
BIRLER                            00000024
BRGH                              00000002
BUYUKLUK1                         00000046
BUYUKLUK2                         00000035
C                                 00000000
C1INV                             00000004
C1OUT                             00000006
C2INV                             00000005
C2OUT                             00000007
CCP1CON                           00000017
CCP1IE                            00000002
CCP1IF                            00000002
CCP1M0                            00000000
CCP1M1                            00000001
CCP1M2                            00000002
CCP1M3                            00000003
CCP1X                             00000005
CCP1Y                             00000004
CCP2CON                           0000001D
CCP2IE                            00000000
CCP2IF                            00000000
MPASM 5.81                NEWASMTEMPLATE.ASM   7-25-2020  11:08:18         PAGE  6


SYMBOL TABLE
  LABEL                             VALUE 

CCP2M0                            00000000
CCP2M1                            00000001
CCP2M2                            00000002
CCP2M3                            00000003
CCP2X                             00000005
CCP2Y                             00000004
CCPR1                             00000015
CCPR1H                            00000016
CCPR1L                            00000015
CCPR2                             0000001B
CCPR2H                            0000001C
CCPR2L                            0000001B
CHS0                              00000003
CHS1                              00000004
CHS2                              00000005
CIS                               00000003
CKE                               00000006
CKP                               00000004
CM0                               00000000
CM1                               00000001
CM2                               00000002
CMCON                             0000009C
CMIE                              00000006
CMIF                              00000006
CREN                              00000004
CSRC                              00000007
CVR0                              00000000
CVR1                              00000001
CVR2                              00000002
CVR3                              00000003
CVRCON                            0000009D
CVREN                             00000007
CVROE                             00000006
CVRR                              00000005
D                                 00000005
DATA_ADDRESS                      00000005
DC                                00000001
D_A                               00000005
D_NOT_A                           00000005
EEADR                             0000010D
EEADRH                            0000010F
EECON1                            0000018C
EECON2                            0000018D
EEDATA                            0000010C
EEDATH                            0000010E
EEIE                              00000004
EEIF                              00000004
EEPGD                             00000007
ESITLIK1                          00000044
ESITLIK2                          00000033
F                                 00000001
FERR                              00000002
FSR                               00000004
MPASM 5.81                NEWASMTEMPLATE.ASM   7-25-2020  11:08:18         PAGE  7


SYMBOL TABLE
  LABEL                             VALUE 

GCEN                              00000007
GIE                               00000007
GO                                00000002
GOSTER                            0000004A
GOSTER1                           0000004C
GO_DONE                           00000002
GO_NOT_DONE                       00000002
I2C_DATA                          00000005
I2C_READ                          00000002
I2C_START                         00000003
I2C_STOP                          00000004
IBF                               00000007
IBOV                              00000005
INDF                              00000000
INTCON                            0000000B
INTE                              00000004
INTEDG                            00000006
INTF                              00000001
IRP                               00000007
ISI                               0000002D
ISTENEN                           0000002C
KAYDIR                            00000023
LOOP                              0000001C
MAIN                              00000005
NOT_A                             00000005
NOT_ADDRESS                       00000005
NOT_BO                            00000000
NOT_BOR                           00000000
NOT_DONE                          00000002
NOT_PD                            00000003
NOT_POR                           00000001
NOT_RBPU                          00000007
NOT_RC8                           00000006
NOT_T1SYNC                        00000002
NOT_TO                            00000004
NOT_TX8                           00000006
NOT_W                             00000002
NOT_WRITE                         00000002
OBF                               00000006
OERR                              00000001
ONKNT                             00000029
ONLAR                             00000025
OPTION_REG                        00000081
P                                 00000004
PCFG0                             00000000
PCFG1                             00000001
PCFG2                             00000002
PCFG3                             00000003
PCL                               00000002
PCLATH                            0000000A
PCON                              0000008E
PEIE                              00000006
PEN                               00000002
MPASM 5.81                NEWASMTEMPLATE.ASM   7-25-2020  11:08:18         PAGE  8


SYMBOL TABLE
  LABEL                             VALUE 

PIE1                              0000008C
PIE2                              0000008D
PIR1                              0000000C
PIR2                              0000000D
PORTA                             00000005
PORTB                             00000006
PORTC                             00000007
PORTD                             00000008
PORTE                             00000009
PR2                               00000092
PS0                               00000000
PS1                               00000001
PS2                               00000002
PSA                               00000003
PSPIE                             00000007
PSPIF                             00000007
PSPMODE                           00000004
R                                 00000002
RA0                               00000000
RA1                               00000001
RA2                               00000002
RA3                               00000003
RA4                               00000004
RA5                               00000005
RB0                               00000000
RB1                               00000001
RB2                               00000002
RB3                               00000003
RB4                               00000004
RB5                               00000005
RB6                               00000006
RB7                               00000007
RBIE                              00000003
RBIF                              00000000
RC0                               00000000
RC1                               00000001
RC2                               00000002
RC3                               00000003
RC4                               00000004
RC5                               00000005
RC6                               00000006
RC7                               00000007
RC8_9                             00000006
RC9                               00000006
RCD8                              00000000
RCEN                              00000003
RCIE                              00000005
RCIF                              00000005
RCREG                             0000001A
RCSTA                             00000018
RD                                00000000
RD0                               00000000
RD1                               00000001
MPASM 5.81                NEWASMTEMPLATE.ASM   7-25-2020  11:08:18         PAGE  9


SYMBOL TABLE
  LABEL                             VALUE 

RD2                               00000002
RD3                               00000003
RD4                               00000004
RD5                               00000005
RD6                               00000006
RD7                               00000007
RE0                               00000000
RE1                               00000001
RE2                               00000002
READ_WRITE                        00000002
RP0                               00000005
RP1                               00000006
RSEN                              00000001
RX9                               00000006
RX9D                              00000000
R_NOT_W                           00000002
R_W                               00000002
S                                 00000003
SAYAC0                            00000020
SAYAC1                            00000021
SAYAC2                            00000022
SEN                               00000000
SMP                               00000007
SPBRG                             00000099
SPEN                              00000007
SREN                              00000005
SSPADD                            00000093
SSPBUF                            00000013
SSPCON                            00000014
SSPCON2                           00000091
SSPEN                             00000005
SSPIE                             00000003
SSPIF                             00000003
SSPM0                             00000000
SSPM1                             00000001
SSPM2                             00000002
SSPM3                             00000003
SSPOV                             00000006
SSPSTAT                           00000094
STATUS                            00000003
SYNC                              00000004
T0CS                              00000005
T0IE                              00000005
T0IF                              00000002
T0SE                              00000004
T1CKPS0                           00000004
T1CKPS1                           00000005
T1CON                             00000010
T1INSYNC                          00000002
T1OSCEN                           00000003
T1SYNC                            00000002
T2CKPS0                           00000000
T2CKPS1                           00000001
MPASM 5.81                NEWASMTEMPLATE.ASM   7-25-2020  11:08:18         PAGE 10


SYMBOL TABLE
  LABEL                             VALUE 

T2CON                             00000012
TEMP                              0000002E
TEMP1                             0000002E
TMR0                              00000001
TMR0IE                            00000005
TMR0IF                            00000002
TMR1                              0000000E
TMR1CS                            00000001
TMR1H                             0000000F
TMR1IE                            00000000
TMR1IF                            00000000
TMR1L                             0000000E
TMR1ON                            00000000
TMR2                              00000011
TMR2IE                            00000001
TMR2IF                            00000001
TMR2ON                            00000002
TOUTPS0                           00000003
TOUTPS1                           00000004
TOUTPS2                           00000005
TOUTPS3                           00000006
TRISA                             00000085
TRISA0                            00000000
TRISA1                            00000001
TRISA2                            00000002
TRISA3                            00000003
TRISA4                            00000004
TRISA5                            00000005
TRISB                             00000086
TRISB0                            00000000
TRISB1                            00000001
TRISB2                            00000002
TRISB3                            00000003
TRISB4                            00000004
TRISB5                            00000005
TRISB6                            00000006
TRISB7                            00000007
TRISC                             00000087
TRISC0                            00000000
TRISC1                            00000001
TRISC2                            00000002
TRISC3                            00000003
TRISC4                            00000004
TRISC5                            00000005
TRISC6                            00000006
TRISC7                            00000007
TRISD                             00000088
TRISD0                            00000000
TRISD1                            00000001
TRISD2                            00000002
TRISD3                            00000003
TRISD4                            00000004
TRISD5                            00000005
MPASM 5.81                NEWASMTEMPLATE.ASM   7-25-2020  11:08:18         PAGE 11


SYMBOL TABLE
  LABEL                             VALUE 

TRISD6                            00000006
TRISD7                            00000007
TRISE                             00000089
TRISE0                            00000000
TRISE1                            00000001
TRISE2                            00000002
TRMT                              00000001
TX8_9                             00000006
TX9                               00000006
TX9D                              00000000
TXD8                              00000000
TXEN                              00000005
TXIE                              00000004
TXIF                              00000004
TXREG                             00000019
TXSTA                             00000098
UA                                00000001
W                                 00000000
WCOL                              00000007
WR                                00000001
WREN                              00000002
WRERR                             00000003
YUZKNT                            0000002A
YUZLER                            00000026
Z                                 00000002
_BODEN_OFF                        00003FBF
_BODEN_ON                         00003FFF
_BOREN_OFF                        00003FBF
_BOREN_ON                         00003FFF
_CONFIG                           00002007
_CPD_OFF                          00003FFF
_CPD_ON                           00003EFF
_CP_ALL                           00001FFF
_CP_OFF                           00003FFF
_CP_ON                            00001FFF
_DEBUG_OFF                        00003FFF
_DEBUG_ON                         000037FF
_DEVID1                           00002006
_FOSC_EXTRC                       00003FFF
_FOSC_HS                          00003FFE
_FOSC_LP                          00003FFC
_FOSC_XT                          00003FFD
_HS_OSC                           00003FFE
_IDLOC0                           00002000
_IDLOC1                           00002001
_IDLOC2                           00002002
_IDLOC3                           00002003
_LP_OSC                           00003FFC
_LVP_OFF                          00003F7F
_LVP_ON                           00003FFF
_PWRTE_OFF                        00003FFF
_PWRTE_ON                         00003FF7
_RC_OSC                           00003FFF
MPASM 5.81                NEWASMTEMPLATE.ASM   7-25-2020  11:08:18         PAGE 12


SYMBOL TABLE
  LABEL                             VALUE 

_WDTE_OFF                         00003FFB
_WDTE_ON                          00003FFF
_WDT_OFF                          00003FFB
_WDT_ON                           00003FFF
_WRT_1FOURTH                      00003BFF
_WRT_256                          00003DFF
_WRT_HALF                         000039FF
_WRT_OFF                          00003FFF
_XT_OSC                           00003FFD
__16F877A                         00000001

Errors   :     0
Warnings :    16 reported,     0 suppressed
Messages :     4 reported,     0 suppressed

