MPASM 5.81                         ODEV5.ASM   11-27-2018  0:33:53         PAGE  1


LOC  OBJECT CODE     LINE SOURCE TEXT
  VALUE

                      00001     LIST P=16F877A
                      00002     #INCLUDE <P16F877A.INC>
                      00001         LIST
                      00002 
                      00003 ;==========================================================================
                      00004 ; Build date : Jul 23 2018
                      00005 ;  MPASM PIC16F877A processor include
                      00006 ; 
                      00007 ;  (c) Copyright 1999-2018 Microchip Technology, All rights reserved
                      00008 ;==========================================================================
                      00009 
                      00567         LIST
2007   3F31           00003     __CONFIG H'3F31'
Warning[207]: Found label after column 1. (ARTIS)
  00000020            00004     ARTIS EQU 0X20
                      00005     ORG 0X00
0000                  00006 MAIN
0000   1283 1303      00007     BANKSEL PORTA
0002   0187           00008     CLRF PORTC
0003   0185           00009     CLRF PORTA   
0004   3001           00010     MOVLW D'1'
0005   00A0           00011     MOVWF ARTIS
0006   1683 1303      00012     BANKSEL ADCON1
0008   3006           00013     MOVLW D'6'
Message[302]: Register in operand not in bank 0.  Ensure that bank bits are correct.
0009   009F           00014     MOVWF ADCON1   
000A   1683 1303      00015     BANKSEL TRISC
Message[302]: Register in operand not in bank 0.  Ensure that bank bits are correct.
000C   0187           00016     CLRF TRISC
000D   300F           00017     MOVLW B'00001111'
Message[302]: Register in operand not in bank 0.  Ensure that bank bits are correct.
000E   0085           00018     MOVWF TRISA
000F   1283 1303      00019     BANKSEL T2CON
0011   1512           00020     BSF T2CON,TMR2ON ;2.BIT
0012   1092           00021     BCF T2CON,T2CKPS1 ; PRESCALER 00 1:1
0013   1412           00022     BSF T2CON,T2CKPS0
0014   1683 1303      00023     BANKSEL PR2
0016   3031           00024     MOVLW D'49'
Message[302]: Register in operand not in bank 0.  Ensure that bank bits are correct.
0017   0092           00025     MOVWF PR2
0018   1283 1303      00026     BANKSEL CCP1CON
001A   300C           00027     MOVLW B'00001100' ;HESAPLA
001B   0097           00028     MOVWF CCP1CON
001C   3005           00029     MOVLW B'00000101';HESAPLA
001D   0095           00030     MOVWF CCPR1L
001E   1283 1303      00031     BANKSEL CCP2CON
0020   300C           00032     MOVLW B'00001100' ;HESAPLA
0021   009D           00033     MOVWF CCP2CON
0022   300F           00034     MOVLW B'00001111';HESAPLA
0023   009B           00035     MOVWF CCPR2L  
0024                  00036 ANAKONTROL
0024   1805           00037     BTFSC PORTA,0
0025   2???           00038     GOTO KONTROLMOTORART
MPASM 5.81                         ODEV5.ASM   11-27-2018  0:33:53         PAGE  2


LOC  OBJECT CODE     LINE SOURCE TEXT
  VALUE

0026   1885           00039     BTFSC PORTA,1
0027   2???           00040     GOTO KONTROLMOTORART
0028   1905           00041     BTFSC PORTA,2
0029   2???           00042     GOTO KONTROLLEDART
002A   1985           00043     BTFSC PORTA,3
002B   2???           00044     GOTO KONTROLLEDART
002C   2???           00045     GOTO ANAKONTROL
002D                  00046 KONTROLMOTORART
002D   1C05           00047     BTFSS PORTA,0
002E   2???           00048     GOTO KONTROLMOTORAZ
002F   2???           00049     GOTO ARTTIRMOTOR
0030                  00050 KONTROLMOTORAZ    
0030   1C85           00051     BTFSS PORTA,1
0031   2???           00052     GOTO KONTROLMOTORART
0032   2???           00053     GOTO AZALTMOTOR
0033                  00054 ARTTIRMOTOR
0033   1805           00055     BTFSC PORTA,0
0034   2???           00056     GOTO ARTTIRMOTOR
0035   0820           00057     MOVFW ARTIS
0036   0795           00058     ADDWF CCPR1L,F
0037   2???           00059     GOTO ANAKONTROL
0038                  00060 AZALTMOTOR
0038   1885           00061     BTFSC PORTA,1
0039   2???           00062     GOTO AZALTMOTOR
003A   0820           00063     MOVFW ARTIS
003B   0295           00064     SUBWF CCPR1L,F
003C   2???           00065     GOTO ANAKONTROL
003D                  00066 KONTROLLEDART
003D   1D05           00067     BTFSS PORTA,2
003E   2???           00068     GOTO KONTROLLEDAZ
003F   2???           00069     GOTO ARTTIRLED
0040                  00070 KONTROLLEDAZ    
0040   1D85           00071     BTFSS PORTA,3
0041   2???           00072     GOTO KONTROLLEDART
0042   2???           00073     GOTO AZALTLED
0043                  00074 ARTTIRLED
0043   1905           00075     BTFSC PORTA,2
0044   2???           00076     GOTO ARTTIRLED
0045   0820           00077     MOVFW ARTIS
0046   079B           00078     ADDWF CCPR2L,F
0047   2???           00079     GOTO ANAKONTROL
0048                  00080 AZALTLED
0048   1985           00081     BTFSC PORTA,3
0049   2???           00082     GOTO AZALTLED
004A   0820           00083     MOVFW ARTIS
004B   029B           00084     SUBWF CCPR2L,F
004C   2???           00085     GOTO ANAKONTROL
3F31                  00086     END
MPASM 5.81                         ODEV5.ASM   11-27-2018  0:33:53         PAGE  3


SYMBOL TABLE
  LABEL                             VALUE 

ACKDT                             00000005
ACKEN                             00000004
ACKSTAT                           00000006
ADCON0                            0000001F
ADCON1                            0000009F
ADCS0                             00000006
ADCS1                             00000007
ADCS2                             00000006
ADDEN                             00000003
ADFM                              00000007
ADIE                              00000006
ADIF                              00000006
ADON                              00000000
ADRESH                            0000001E
ADRESL                            0000009E
ANAKONTROL                        00000024
ARTIS                             00000020
ARTTIRLED                         00000043
ARTTIRMOTOR                       00000033
AZALTLED                          00000048
AZALTMOTOR                        00000038
BCLIE                             00000003
BCLIF                             00000003
BF                                00000000
BRGH                              00000002
C                                 00000000
C1INV                             00000004
C1OUT                             00000006
C2INV                             00000005
C2OUT                             00000007
CCP1CON                           00000017
CCP1IE                            00000002
CCP1IF                            00000002
CCP1M0                            00000000
CCP1M1                            00000001
CCP1M2                            00000002
CCP1M3                            00000003
CCP1X                             00000005
CCP1Y                             00000004
CCP2CON                           0000001D
CCP2IE                            00000000
CCP2IF                            00000000
CCP2M0                            00000000
CCP2M1                            00000001
CCP2M2                            00000002
CCP2M3                            00000003
CCP2X                             00000005
CCP2Y                             00000004
CCPR1                             00000015
CCPR1H                            00000016
CCPR1L                            00000015
CCPR2                             0000001B
CCPR2H                            0000001C
MPASM 5.81                         ODEV5.ASM   11-27-2018  0:33:53         PAGE  4


SYMBOL TABLE
  LABEL                             VALUE 

CCPR2L                            0000001B
CHS0                              00000003
CHS1                              00000004
CHS2                              00000005
CIS                               00000003
CKE                               00000006
CKP                               00000004
CM0                               00000000
CM1                               00000001
CM2                               00000002
CMCON                             0000009C
CMIE                              00000006
CMIF                              00000006
CREN                              00000004
CSRC                              00000007
CVR0                              00000000
CVR1                              00000001
CVR2                              00000002
CVR3                              00000003
CVRCON                            0000009D
CVREN                             00000007
CVROE                             00000006
CVRR                              00000005
D                                 00000005
DATA_ADDRESS                      00000005
DC                                00000001
D_A                               00000005
D_NOT_A                           00000005
EEADR                             0000010D
EEADRH                            0000010F
EECON1                            0000018C
EECON2                            0000018D
EEDATA                            0000010C
EEDATH                            0000010E
EEIE                              00000004
EEIF                              00000004
EEPGD                             00000007
F                                 00000001
FERR                              00000002
FSR                               00000004
GCEN                              00000007
GIE                               00000007
GO                                00000002
GO_DONE                           00000002
GO_NOT_DONE                       00000002
I2C_DATA                          00000005
I2C_READ                          00000002
I2C_START                         00000003
I2C_STOP                          00000004
IBF                               00000007
IBOV                              00000005
INDF                              00000000
INTCON                            0000000B
MPASM 5.81                         ODEV5.ASM   11-27-2018  0:33:53         PAGE  5


SYMBOL TABLE
  LABEL                             VALUE 

INTE                              00000004
INTEDG                            00000006
INTF                              00000001
IRP                               00000007
KONTROLLEDART                     0000003D
KONTROLLEDAZ                      00000040
KONTROLMOTORART                   0000002D
KONTROLMOTORAZ                    00000030
MAIN                              00000000
NOT_A                             00000005
NOT_ADDRESS                       00000005
NOT_BO                            00000000
NOT_BOR                           00000000
NOT_DONE                          00000002
NOT_PD                            00000003
NOT_POR                           00000001
NOT_RBPU                          00000007
NOT_RC8                           00000006
NOT_T1SYNC                        00000002
NOT_TO                            00000004
NOT_TX8                           00000006
NOT_W                             00000002
NOT_WRITE                         00000002
OBF                               00000006
OERR                              00000001
OPTION_REG                        00000081
P                                 00000004
PCFG0                             00000000
PCFG1                             00000001
PCFG2                             00000002
PCFG3                             00000003
PCL                               00000002
PCLATH                            0000000A
PCON                              0000008E
PEIE                              00000006
PEN                               00000002
PIE1                              0000008C
PIE2                              0000008D
PIR1                              0000000C
PIR2                              0000000D
PORTA                             00000005
PORTB                             00000006
PORTC                             00000007
PORTD                             00000008
PORTE                             00000009
PR2                               00000092
PS0                               00000000
PS1                               00000001
PS2                               00000002
PSA                               00000003
PSPIE                             00000007
PSPIF                             00000007
PSPMODE                           00000004
MPASM 5.81                         ODEV5.ASM   11-27-2018  0:33:53         PAGE  6


SYMBOL TABLE
  LABEL                             VALUE 

R                                 00000002
RA0                               00000000
RA1                               00000001
RA2                               00000002
RA3                               00000003
RA4                               00000004
RA5                               00000005
RB0                               00000000
RB1                               00000001
RB2                               00000002
RB3                               00000003
RB4                               00000004
RB5                               00000005
RB6                               00000006
RB7                               00000007
RBIE                              00000003
RBIF                              00000000
RC0                               00000000
RC1                               00000001
RC2                               00000002
RC3                               00000003
RC4                               00000004
RC5                               00000005
RC6                               00000006
RC7                               00000007
RC8_9                             00000006
RC9                               00000006
RCD8                              00000000
RCEN                              00000003
RCIE                              00000005
RCIF                              00000005
RCREG                             0000001A
RCSTA                             00000018
RD                                00000000
RD0                               00000000
RD1                               00000001
RD2                               00000002
RD3                               00000003
RD4                               00000004
RD5                               00000005
RD6                               00000006
RD7                               00000007
RE0                               00000000
RE1                               00000001
RE2                               00000002
READ_WRITE                        00000002
RP0                               00000005
RP1                               00000006
RSEN                              00000001
RX9                               00000006
RX9D                              00000000
R_NOT_W                           00000002
R_W                               00000002
MPASM 5.81                         ODEV5.ASM   11-27-2018  0:33:53         PAGE  7


SYMBOL TABLE
  LABEL                             VALUE 

S                                 00000003
SEN                               00000000
SMP                               00000007
SPBRG                             00000099
SPEN                              00000007
SREN                              00000005
SSPADD                            00000093
SSPBUF                            00000013
SSPCON                            00000014
SSPCON2                           00000091
SSPEN                             00000005
SSPIE                             00000003
SSPIF                             00000003
SSPM0                             00000000
SSPM1                             00000001
SSPM2                             00000002
SSPM3                             00000003
SSPOV                             00000006
SSPSTAT                           00000094
STATUS                            00000003
SYNC                              00000004
T0CS                              00000005
T0IE                              00000005
T0IF                              00000002
T0SE                              00000004
T1CKPS0                           00000004
T1CKPS1                           00000005
T1CON                             00000010
T1INSYNC                          00000002
T1OSCEN                           00000003
T1SYNC                            00000002
T2CKPS0                           00000000
T2CKPS1                           00000001
T2CON                             00000012
TMR0                              00000001
TMR0IE                            00000005
TMR0IF                            00000002
TMR1                              0000000E
TMR1CS                            00000001
TMR1H                             0000000F
TMR1IE                            00000000
TMR1IF                            00000000
TMR1L                             0000000E
TMR1ON                            00000000
TMR2                              00000011
TMR2IE                            00000001
TMR2IF                            00000001
TMR2ON                            00000002
TOUTPS0                           00000003
TOUTPS1                           00000004
TOUTPS2                           00000005
TOUTPS3                           00000006
TRISA                             00000085
MPASM 5.81                         ODEV5.ASM   11-27-2018  0:33:53         PAGE  8


SYMBOL TABLE
  LABEL                             VALUE 

TRISA0                            00000000
TRISA1                            00000001
TRISA2                            00000002
TRISA3                            00000003
TRISA4                            00000004
TRISA5                            00000005
TRISB                             00000086
TRISB0                            00000000
TRISB1                            00000001
TRISB2                            00000002
TRISB3                            00000003
TRISB4                            00000004
TRISB5                            00000005
TRISB6                            00000006
TRISB7                            00000007
TRISC                             00000087
TRISC0                            00000000
TRISC1                            00000001
TRISC2                            00000002
TRISC3                            00000003
TRISC4                            00000004
TRISC5                            00000005
TRISC6                            00000006
TRISC7                            00000007
TRISD                             00000088
TRISD0                            00000000
TRISD1                            00000001
TRISD2                            00000002
TRISD3                            00000003
TRISD4                            00000004
TRISD5                            00000005
TRISD6                            00000006
TRISD7                            00000007
TRISE                             00000089
TRISE0                            00000000
TRISE1                            00000001
TRISE2                            00000002
TRMT                              00000001
TX8_9                             00000006
TX9                               00000006
TX9D                              00000000
TXD8                              00000000
TXEN                              00000005
TXIE                              00000004
TXIF                              00000004
TXREG                             00000019
TXSTA                             00000098
UA                                00000001
W                                 00000000
WCOL                              00000007
WR                                00000001
WREN                              00000002
WRERR                             00000003
MPASM 5.81                         ODEV5.ASM   11-27-2018  0:33:53         PAGE  9


SYMBOL TABLE
  LABEL                             VALUE 

Z                                 00000002
_BODEN_OFF                        00003FBF
_BODEN_ON                         00003FFF
_BOREN_OFF                        00003FBF
_BOREN_ON                         00003FFF
_CONFIG                           00002007
_CPD_OFF                          00003FFF
_CPD_ON                           00003EFF
_CP_ALL                           00001FFF
_CP_OFF                           00003FFF
_CP_ON                            00001FFF
_DEBUG_OFF                        00003FFF
_DEBUG_ON                         000037FF
_DEVID1                           00002006
_FOSC_EXTRC                       00003FFF
_FOSC_HS                          00003FFE
_FOSC_LP                          00003FFC
_FOSC_XT                          00003FFD
_HS_OSC                           00003FFE
_IDLOC0                           00002000
_IDLOC1                           00002001
_IDLOC2                           00002002
_IDLOC3                           00002003
_LP_OSC                           00003FFC
_LVP_OFF                          00003F7F
_LVP_ON                           00003FFF
_PWRTE_OFF                        00003FFF
_PWRTE_ON                         00003FF7
_RC_OSC                           00003FFF
_WDTE_OFF                         00003FFB
_WDTE_ON                          00003FFF
_WDT_OFF                          00003FFB
_WDT_ON                           00003FFF
_WRT_1FOURTH                      00003BFF
_WRT_256                          00003DFF
_WRT_HALF                         000039FF
_WRT_OFF                          00003FFF
_XT_OSC                           00003FFD
__16F877A                         00000001

Errors   :     0
Warnings :     1 reported,     0 suppressed
Messages :     4 reported,     0 suppressed

