MPASM 5.81                     STEPMOTOR.ASM   7-28-2020  8:17:03         PAGE  1


LOC  OBJECT CODE     LINE SOURCE TEXT
  VALUE

                      00001     LIST P=16F877A
                      00002     INCLUDE <P16F877A.INC>
                      00001         LIST
                      00002 
                      00003 ;==========================================================================
                      00004 ; Build date : Jul 23 2018
                      00005 ;  MPASM PIC16F877A processor include
                      00006 ; 
                      00007 ;  (c) Copyright 1999-2018 Microchip Technology, All rights reserved
                      00008 ;==========================================================================
                      00009 
                      00567         LIST
2007   3F7A           00003     __CONFIG _CP_OFF &_WDT_OFF &_HS_OSC &_PWRTE_OFF &_LVP_OFF
                      00004 ;--- KOD KORUMA, UYKU MODU, HS OSC SEÇ?M?, -- , LOW PROGRAMMING OFF
  00000020            00005 SAYAC0  EQU 0X20
  00000021            00006 SAYAC1  EQU 0X21
  00000022            00007 SAYAC2  EQU 0X22
  00000023            00008 HIZ     EQU 0X23
  00000024            00009 YONKNT  EQU 0X24
                      00010 ;----------------------- BA?LANGIÇ AYARLARI //KESME ALTPROGRAMI
                      00011     ORG 0X00
0000   2???           00012     GOTO MAIN       
                      00013     
                      00014     ORG 0X04
0004   2???           00015     GOTO MAIN       
                      00016 ; ----------------------- STATUS,RP0 (BANKSEL ARASI GEÇ??)
                      00017 BANK0 MACRO
                      00018     BCF STATUS,5    
                      00019     ENDM
                      00020 BANK1 MACRO
                      00021     BSF STATUS,5
                      00022     ENDM
                      00023 ;---------------------- BA?LANGIÇ ALTPROGRAM VE SONSUZ DONGU    
                      00024 MAIN BANK1
0005   1683               M     BSF STATUS,5
0006   30FF           00025     MOVLW .255
Message[302]: Register in operand not in bank 0.  Ensure that bank bits are correct.
0007   0092           00026     MOVWF PR2    ; fPWM=4.88KHZ
0008   3006           00027     MOVLW 0X06
Message[302]: Register in operand not in bank 0.  Ensure that bank bits are correct.
0009   009F           00028     MOVWF ADCON1
000A   30F0           00029     MOVLW B'11110000' ; ANALOG D??TAL AYARLA
Message[302]: Register in operand not in bank 0.  Ensure that bank bits are correct.
000B   0088           00030     MOVWF TRISD
Message[302]: Register in operand not in bank 0.  Ensure that bank bits are correct.
000C   0187           00031     CLRF TRISC
Message[302]: Register in operand not in bank 0.  Ensure that bank bits are correct.
000D   0185           00032     CLRF TRISA 
                      00033     BANK0
000E   1283               M     BCF STATUS,5    
000F   300C           00034     MOVLW B'00001100'
0010   0097           00035     MOVWF CCP1CON ; PWM MODU AKTIF 10BIT LSB DEN 2 BIT 00 ALDIK (SOLA DAYALI) TDUTY ?Ç?N
0011   3005           00036     MOVLW B'00000101'
MPASM 5.81                     STEPMOTOR.ASM   7-28-2020  8:17:03         PAGE  2


LOC  OBJECT CODE     LINE SOURCE TEXT
  VALUE

0012   0092           00037     MOVWF T2CON ; TMR2ON VE T2PRE=4 4.88KHZ (PRE=1 ?LE 4X4.88KHZ)
0013   0195           00038     CLRF CCPR1L ; TDUTY=0 RC2=0V
0014   0187           00039     CLRF PORTC ;DC YON KONTROLU VE CCP1-RC2 PWM S?NYAL?
0015   0188           00040     CLRF PORTD
0016   0185           00041     CLRF PORTA 
0017   3032           00042     MOVLW .50
0018   00A3           00043     MOVWF HIZ
0019   0103           00044     CLRW
                      00045 ;----------------------------------------------------
001A                  00046 LOOP
001A   2???           00047     CALL BUTONTARA
001B   2???           00048     GOTO LOOP
                      00049 ;---------------------------------------------------------------    
001C                  00050 BUTONTARA
001C   1808           00051     BTFSC PORTD,0
001D   1424           00052     BSF YONKNT,0
001E   1888           00053     BTFSC PORTD,1
001F   1024           00054     BCF YONKNT,0
0020   1908           00055     BTFSC PORTD,2
0021   2???           00056     GOTO HIZLAN
0022   1988           00057     BTFSC PORTD,3
0023   2???           00058     GOTO YAVASLA
0024   1824           00059     BTFSC YONKNT,0
0025   2???           00060     GOTO SAGA
0026   2???           00061     GOTO SOLA
0027   0008           00062     RETURN
                      00063 ;-----------------------------------------
                      00064 SAGA BANK0
0028   1283               M     BCF STATUS,5    
0029   300A           00065     MOVLW B'00001010'
002A   0085           00066     MOVWF PORTA
002B   0087           00067     MOVWF PORTC
002C   2???           00068     CALL BEKLE
002D   3006           00069     MOVLW B'00000110'
002E   0085           00070     MOVWF PORTA
002F   0087           00071     MOVWF PORTC
0030   2???           00072     CALL BEKLE
0031   3005           00073     MOVLW B'00000101'
0032   0085           00074     MOVWF PORTA
0033   0087           00075     MOVWF PORTC
0034   2???           00076     CALL BEKLE
0035   3009           00077     MOVLW B'00001001'
0036   0085           00078     MOVWF PORTA
0037   0087           00079     MOVWF PORTC
0038   2???           00080     CALL BEKLE
0039   0185           00081     CLRF PORTA
003A   2???           00082     GOTO LOOP
                      00083 SOLA BANK0
003B   1283               M     BCF STATUS,5    
003C   3009           00084     MOVLW B'00001001'
003D   0085           00085     MOVWF PORTA
003E   0087           00086     MOVWF PORTC
003F   2???           00087     CALL BEKLE 
MPASM 5.81                     STEPMOTOR.ASM   7-28-2020  8:17:03         PAGE  3


LOC  OBJECT CODE     LINE SOURCE TEXT
  VALUE

0040   3005           00088     MOVLW B'00000101'
0041   0085           00089     MOVWF PORTA
0042   0087           00090     MOVWF PORTC
0043   2???           00091     CALL BEKLE
0044   3006           00092     MOVLW B'00000110'
0045   0085           00093     MOVWF PORTA
0046   0087           00094     MOVWF PORTC
0047   2???           00095     CALL BEKLE
0048   300A           00096     MOVLW B'00001010'
0049   0085           00097     MOVWF PORTA
004A   0087           00098     MOVWF PORTC
004B   2???           00099     CALL BEKLE
004C   0185           00100     CLRF PORTA
004D   2???           00101     GOTO LOOP
                      00102  ;-------------------------------------------------
004E                  00103 HIZLAN
004E   301E           00104     MOVLW .30
004F   00A3           00105     MOVWF HIZ
0050   2???           00106     GOTO LOOP
0051                  00107 YAVASLA
0051   3078           00108     MOVLW .120
0052   00A3           00109     MOVWF HIZ
0053   2???           00110     GOTO LOOP
                      00111 ;-----------------------------------------------------
0054                  00112 BEKLE
0054   0823           00113     MOVFW HIZ     
0055   00A0           00114     MOVWF SAYAC0
0056                  00115 BEKLE1
0056   3032           00116     MOVLW .50
0057   00A1           00117     MOVWF SAYAC1
0058                  00118 BEKLE2
0058   3032           00119     MOVLW .50
0059   00A2           00120     MOVWF SAYAC2
005A                  00121 BEKLEDONGU
005A   0BA2           00122     DECFSZ SAYAC2,F
005B   2???           00123     GOTO BEKLEDONGU
005C   0BA1           00124     DECFSZ SAYAC1,F
005D   2???           00125     GOTO BEKLE2
005E   0BA0           00126     DECFSZ SAYAC0,F
005F   2???           00127     GOTO BEKLE1
0060   0008           00128     RETURN
3F7A                  00129     END
MPASM 5.81                     STEPMOTOR.ASM   7-28-2020  8:17:03         PAGE  4


SYMBOL TABLE
  LABEL                             VALUE 

ACKDT                             00000005
ACKEN                             00000004
ACKSTAT                           00000006
ADCON0                            0000001F
ADCON1                            0000009F
ADCS0                             00000006
ADCS1                             00000007
ADCS2                             00000006
ADDEN                             00000003
ADFM                              00000007
ADIE                              00000006
ADIF                              00000006
ADON                              00000000
ADRESH                            0000001E
ADRESL                            0000009E
BANK0                             
BANK1                             
BCLIE                             00000003
BCLIF                             00000003
BEKLE                             00000054
BEKLE1                            00000056
BEKLE2                            00000058
BEKLEDONGU                        0000005A
BF                                00000000
BRGH                              00000002
BUTONTARA                         0000001C
C                                 00000000
C1INV                             00000004
C1OUT                             00000006
C2INV                             00000005
C2OUT                             00000007
CCP1CON                           00000017
CCP1IE                            00000002
CCP1IF                            00000002
CCP1M0                            00000000
CCP1M1                            00000001
CCP1M2                            00000002
CCP1M3                            00000003
CCP1X                             00000005
CCP1Y                             00000004
CCP2CON                           0000001D
CCP2IE                            00000000
CCP2IF                            00000000
CCP2M0                            00000000
CCP2M1                            00000001
CCP2M2                            00000002
CCP2M3                            00000003
CCP2X                             00000005
CCP2Y                             00000004
CCPR1                             00000015
CCPR1H                            00000016
CCPR1L                            00000015
CCPR2                             0000001B
MPASM 5.81                     STEPMOTOR.ASM   7-28-2020  8:17:03         PAGE  5


SYMBOL TABLE
  LABEL                             VALUE 

CCPR2H                            0000001C
CCPR2L                            0000001B
CHS0                              00000003
CHS1                              00000004
CHS2                              00000005
CIS                               00000003
CKE                               00000006
CKP                               00000004
CM0                               00000000
CM1                               00000001
CM2                               00000002
CMCON                             0000009C
CMIE                              00000006
CMIF                              00000006
CREN                              00000004
CSRC                              00000007
CVR0                              00000000
CVR1                              00000001
CVR2                              00000002
CVR3                              00000003
CVRCON                            0000009D
CVREN                             00000007
CVROE                             00000006
CVRR                              00000005
D                                 00000005
DATA_ADDRESS                      00000005
DC                                00000001
D_A                               00000005
D_NOT_A                           00000005
EEADR                             0000010D
EEADRH                            0000010F
EECON1                            0000018C
EECON2                            0000018D
EEDATA                            0000010C
EEDATH                            0000010E
EEIE                              00000004
EEIF                              00000004
EEPGD                             00000007
F                                 00000001
FERR                              00000002
FSR                               00000004
GCEN                              00000007
GIE                               00000007
GO                                00000002
GO_DONE                           00000002
GO_NOT_DONE                       00000002
HIZ                               00000023
HIZLAN                            0000004E
I2C_DATA                          00000005
I2C_READ                          00000002
I2C_START                         00000003
I2C_STOP                          00000004
IBF                               00000007
MPASM 5.81                     STEPMOTOR.ASM   7-28-2020  8:17:03         PAGE  6


SYMBOL TABLE
  LABEL                             VALUE 

IBOV                              00000005
INDF                              00000000
INTCON                            0000000B
INTE                              00000004
INTEDG                            00000006
INTF                              00000001
IRP                               00000007
LOOP                              0000001A
MAIN                              00000005
NOT_A                             00000005
NOT_ADDRESS                       00000005
NOT_BO                            00000000
NOT_BOR                           00000000
NOT_DONE                          00000002
NOT_PD                            00000003
NOT_POR                           00000001
NOT_RBPU                          00000007
NOT_RC8                           00000006
NOT_T1SYNC                        00000002
NOT_TO                            00000004
NOT_TX8                           00000006
NOT_W                             00000002
NOT_WRITE                         00000002
OBF                               00000006
OERR                              00000001
OPTION_REG                        00000081
P                                 00000004
PCFG0                             00000000
PCFG1                             00000001
PCFG2                             00000002
PCFG3                             00000003
PCL                               00000002
PCLATH                            0000000A
PCON                              0000008E
PEIE                              00000006
PEN                               00000002
PIE1                              0000008C
PIE2                              0000008D
PIR1                              0000000C
PIR2                              0000000D
PORTA                             00000005
PORTB                             00000006
PORTC                             00000007
PORTD                             00000008
PORTE                             00000009
PR2                               00000092
PS0                               00000000
PS1                               00000001
PS2                               00000002
PSA                               00000003
PSPIE                             00000007
PSPIF                             00000007
PSPMODE                           00000004
MPASM 5.81                     STEPMOTOR.ASM   7-28-2020  8:17:03         PAGE  7


SYMBOL TABLE
  LABEL                             VALUE 

R                                 00000002
RA0                               00000000
RA1                               00000001
RA2                               00000002
RA3                               00000003
RA4                               00000004
RA5                               00000005
RB0                               00000000
RB1                               00000001
RB2                               00000002
RB3                               00000003
RB4                               00000004
RB5                               00000005
RB6                               00000006
RB7                               00000007
RBIE                              00000003
RBIF                              00000000
RC0                               00000000
RC1                               00000001
RC2                               00000002
RC3                               00000003
RC4                               00000004
RC5                               00000005
RC6                               00000006
RC7                               00000007
RC8_9                             00000006
RC9                               00000006
RCD8                              00000000
RCEN                              00000003
RCIE                              00000005
RCIF                              00000005
RCREG                             0000001A
RCSTA                             00000018
RD                                00000000
RD0                               00000000
RD1                               00000001
RD2                               00000002
RD3                               00000003
RD4                               00000004
RD5                               00000005
RD6                               00000006
RD7                               00000007
RE0                               00000000
RE1                               00000001
RE2                               00000002
READ_WRITE                        00000002
RP0                               00000005
RP1                               00000006
RSEN                              00000001
RX9                               00000006
RX9D                              00000000
R_NOT_W                           00000002
R_W                               00000002
MPASM 5.81                     STEPMOTOR.ASM   7-28-2020  8:17:03         PAGE  8


SYMBOL TABLE
  LABEL                             VALUE 

S                                 00000003
SAGA                              00000028
SAYAC0                            00000020
SAYAC1                            00000021
SAYAC2                            00000022
SEN                               00000000
SMP                               00000007
SOLA                              0000003B
SPBRG                             00000099
SPEN                              00000007
SREN                              00000005
SSPADD                            00000093
SSPBUF                            00000013
SSPCON                            00000014
SSPCON2                           00000091
SSPEN                             00000005
SSPIE                             00000003
SSPIF                             00000003
SSPM0                             00000000
SSPM1                             00000001
SSPM2                             00000002
SSPM3                             00000003
SSPOV                             00000006
SSPSTAT                           00000094
STATUS                            00000003
SYNC                              00000004
T0CS                              00000005
T0IE                              00000005
T0IF                              00000002
T0SE                              00000004
T1CKPS0                           00000004
T1CKPS1                           00000005
T1CON                             00000010
T1INSYNC                          00000002
T1OSCEN                           00000003
T1SYNC                            00000002
T2CKPS0                           00000000
T2CKPS1                           00000001
T2CON                             00000012
TMR0                              00000001
TMR0IE                            00000005
TMR0IF                            00000002
TMR1                              0000000E
TMR1CS                            00000001
TMR1H                             0000000F
TMR1IE                            00000000
TMR1IF                            00000000
TMR1L                             0000000E
TMR1ON                            00000000
TMR2                              00000011
TMR2IE                            00000001
TMR2IF                            00000001
TMR2ON                            00000002
MPASM 5.81                     STEPMOTOR.ASM   7-28-2020  8:17:03         PAGE  9


SYMBOL TABLE
  LABEL                             VALUE 

TOUTPS0                           00000003
TOUTPS1                           00000004
TOUTPS2                           00000005
TOUTPS3                           00000006
TRISA                             00000085
TRISA0                            00000000
TRISA1                            00000001
TRISA2                            00000002
TRISA3                            00000003
TRISA4                            00000004
TRISA5                            00000005
TRISB                             00000086
TRISB0                            00000000
TRISB1                            00000001
TRISB2                            00000002
TRISB3                            00000003
TRISB4                            00000004
TRISB5                            00000005
TRISB6                            00000006
TRISB7                            00000007
TRISC                             00000087
TRISC0                            00000000
TRISC1                            00000001
TRISC2                            00000002
TRISC3                            00000003
TRISC4                            00000004
TRISC5                            00000005
TRISC6                            00000006
TRISC7                            00000007
TRISD                             00000088
TRISD0                            00000000
TRISD1                            00000001
TRISD2                            00000002
TRISD3                            00000003
TRISD4                            00000004
TRISD5                            00000005
TRISD6                            00000006
TRISD7                            00000007
TRISE                             00000089
TRISE0                            00000000
TRISE1                            00000001
TRISE2                            00000002
TRMT                              00000001
TX8_9                             00000006
TX9                               00000006
TX9D                              00000000
TXD8                              00000000
TXEN                              00000005
TXIE                              00000004
TXIF                              00000004
TXREG                             00000019
TXSTA                             00000098
UA                                00000001
MPASM 5.81                     STEPMOTOR.ASM   7-28-2020  8:17:03         PAGE 10


SYMBOL TABLE
  LABEL                             VALUE 

W                                 00000000
WCOL                              00000007
WR                                00000001
WREN                              00000002
WRERR                             00000003
YAVASLA                           00000051
YONKNT                            00000024
Z                                 00000002
_BODEN_OFF                        00003FBF
_BODEN_ON                         00003FFF
_BOREN_OFF                        00003FBF
_BOREN_ON                         00003FFF
_CONFIG                           00002007
_CPD_OFF                          00003FFF
_CPD_ON                           00003EFF
_CP_ALL                           00001FFF
_CP_OFF                           00003FFF
_CP_ON                            00001FFF
_DEBUG_OFF                        00003FFF
_DEBUG_ON                         000037FF
_DEVID1                           00002006
_FOSC_EXTRC                       00003FFF
_FOSC_HS                          00003FFE
_FOSC_LP                          00003FFC
_FOSC_XT                          00003FFD
_HS_OSC                           00003FFE
_IDLOC0                           00002000
_IDLOC1                           00002001
_IDLOC2                           00002002
_IDLOC3                           00002003
_LP_OSC                           00003FFC
_LVP_OFF                          00003F7F
_LVP_ON                           00003FFF
_PWRTE_OFF                        00003FFF
_PWRTE_ON                         00003FF7
_RC_OSC                           00003FFF
_WDTE_OFF                         00003FFB
_WDTE_ON                          00003FFF
_WDT_OFF                          00003FFB
_WDT_ON                           00003FFF
_WRT_1FOURTH                      00003BFF
_WRT_256                          00003DFF
_WRT_HALF                         000039FF
_WRT_OFF                          00003FFF
_XT_OSC                           00003FFD
__16F877A                         00000001

Errors   :     0
Warnings :     0 reported,     0 suppressed
Messages :     5 reported,     0 suppressed

