MPASM 5.81                NEWASMTEMPLATE.ASM   7-23-2020  23:27:57         PAGE  1


LOC  OBJECT CODE     LINE SOURCE TEXT
  VALUE

                      00001     LIST P=16F877A
                      00002     INCLUDE <P16F877A.INC>
                      00001         LIST
                      00002 
                      00003 ;==========================================================================
                      00004 ; Build date : Jul 23 2018
                      00005 ;  MPASM PIC16F877A processor include
                      00006 ; 
                      00007 ;  (c) Copyright 1999-2018 Microchip Technology, All rights reserved
                      00008 ;==========================================================================
                      00009 
                      00567         LIST
2007   3F7A           00003     __CONFIG _CP_OFF &_WDT_OFF &_HS_OSC &_PWRTE_OFF &_LVP_OFF
                      00004 ;  KOD KORUMA, UYKU MODU, HS OSC SEÇ?M?, -- , LOW PROGRAMMING KAPALI
Warning[207]: Found label after column 1. (SAYAC0)
  00000020            00005  SAYAC0 EQU 0X20
Warning[207]: Found label after column 1. (SAYAC1)
  00000021            00006  SAYAC1 EQU 0X21
Warning[207]: Found label after column 1. (SAYAC2)
  00000022            00007  SAYAC2 EQU 0X22
Warning[207]: Found label after column 1. (KAYDIR)
  00000023            00008  KAYDIR EQU 0X23
Warning[207]: Found label after column 1. (BIRLER)
  00000024            00009  BIRLER EQU 0X24
Warning[207]: Found label after column 1. (ONLAR)
  00000025            00010  ONLAR  EQU 0X25
Warning[207]: Found label after column 1. (YUZLER)
  00000026            00011  YUZLER EQU 0X26
Warning[207]: Found label after column 1. (BINLER)
  00000027            00012  BINLER EQU 0X27
Warning[207]: Found label after column 1. (BIRKNT)
  00000028            00013  BIRKNT EQU 0X28
Warning[207]: Found label after column 1. (ONKNT)
  00000029            00014  ONKNT  EQU 0X29
Warning[207]: Found label after column 1. (YUZKNT)
  0000002A            00015  YUZKNT EQU 0X2A
Warning[207]: Found label after column 1. (BINKNT)
  0000002B            00016  BINKNT EQU 0X2B
                      00017 ; ----------------------- BA?LANGIÇ AYARLARI //KESME ALTPROGRAMI
                      00018     ORG 0X00
0000   2???           00019     GOTO MAIN       
                      00020     
                      00021     ORG 0X04
0004   2???           00022     GOTO MAIN       
                      00023 ; ----------------------- STATUS,RP0 (BANKSEL ARASI GEÇ??)
                      00024 BANK0 MACRO
                      00025     BCF STATUS,5    
                      00026     ENDM
                      00027 BANK1 MACRO
                      00028     BSF STATUS,5
                      00029     ENDM
                      00030 ;---------------------- BA?LANGIÇ ALTPROGRAM VE SONSUZ DONGU    
                      00031 MAIN BANK1
MPASM 5.81                NEWASMTEMPLATE.ASM   7-23-2020  23:27:57         PAGE  2


LOC  OBJECT CODE     LINE SOURCE TEXT
  VALUE

0005   1683               M     BSF STATUS,5
Message[302]: Register in operand not in bank 0.  Ensure that bank bits are correct.
0006   0188           00032     CLRF TRISD
Message[302]: Register in operand not in bank 0.  Ensure that bank bits are correct.
0007   0186           00033     CLRF TRISB
                      00034     BANK0
0008   1283               M     BCF STATUS,5    
0009   0188           00035     CLRF PORTD
000A   0186           00036     CLRF PORTB 
000B   3000           00037     MOVLW 0X00
000C   00A7           00038     MOVWF BINLER    ;RB0
000D   3000           00039     MOVLW 0X00
000E   00A6           00040     MOVWF YUZLER    ;RB1
000F   3000           00041     MOVLW 0X00
0010   00A5           00042     MOVWF ONLAR     ;RB2
0011   3000           00043     MOVLW 0X00
0012   00A4           00044     MOVWF BIRLER    ;RB3
0013   0103           00045     CLRW
                      00046 
0014                  00047 BINLERD
0014   300A           00048     MOVLW 0X0A
0015   00AB           00049     MOVWF BINKNT
0016                  00050 YUZLERD
0016   300A           00051     MOVLW 0X0A
0017   00AA           00052     MOVWF YUZKNT
0018                  00053 ONLARD
0018   300A           00054     MOVLW 0X0A
0019   00A9           00055     MOVWF ONKNT
001A                  00056 BIRLERD
001A   300A           00057     MOVLW 0X0A
001B   00A8           00058     MOVWF BIRKNT
001C                  00059 LOOP
001C   2???           00060     CALL GOSTER    
001D   0AA4           00061     INCF BIRLER,F
001E   0BA8           00062     DECFSZ BIRKNT,F
001F   2???           00063     GOTO LOOP
0020   01A4           00064     CLRF BIRLER
                      00065     
                      00066     ;CALL GOSTER    
0021   0AA5           00067     INCF ONLAR,F
0022   0BA9           00068     DECFSZ ONKNT,F
0023   2???           00069     GOTO BIRLERD
0024   01A5           00070     CLRF ONLAR
                      00071     
                      00072     ;CALL GOSTER    
0025   0AA6           00073     INCF YUZLER,F
0026   0BAA           00074     DECFSZ YUZKNT,F
0027   2???           00075     GOTO ONLARD
0028   01A6           00076     CLRF YUZLER
                      00077     
                      00078     ;CALL GOSTER    
0029   0AA7           00079     INCF BINLER,F
002A   0BAB           00080     DECFSZ BINKNT,F
MPASM 5.81                NEWASMTEMPLATE.ASM   7-23-2020  23:27:57         PAGE  3


LOC  OBJECT CODE     LINE SOURCE TEXT
  VALUE

002B   2???           00081     GOTO YUZLERD
002C   01A7           00082     CLRF BINLER
                      00083     
002D   2???           00084     GOTO LOOP
002E                  00085 GOSTER
002E   0827           00086     MOVFW BINLER            ;BINLER BASILDI
002F   0088           00087     MOVWF PORTD
0030   3001           00088     MOVLW B'00000001'       ;RB0 AKT?F
0031   0086           00089     MOVWF PORTB
0032   2???           00090     CALL BEKLE
                      00091     
0033   0826           00092     MOVFW YUZLER            ;YUZLER BASILDI
0034   0088           00093     MOVWF PORTD
0035   3002           00094     MOVLW B'00000010'       ;RB1 AKT?F
0036   0086           00095     MOVWF PORTB
0037   2???           00096     CALL BEKLE
                      00097     
0038   0825           00098     MOVFW ONLAR             ;ONLAR BASILDI
0039   0088           00099     MOVWF PORTD
003A   3004           00100     MOVLW B'00000100'       ;RB2 AKT?F
003B   0086           00101     MOVWF PORTB
003C   2???           00102     CALL BEKLE
                      00103     
003D   0824           00104     MOVFW BIRLER            ;BIRLER BASILDI
003E   0088           00105     MOVWF PORTD
003F   3008           00106     MOVLW B'00001000'       ;RB3 AKT?F
0040   0086           00107     MOVWF PORTB
0041   2???           00108     CALL BEKLE
0042   0186           00109     CLRF PORTB
0043   0008           00110     RETURN
                      00111     
                      00112     
0044                  00113 BEKLE
0044   3032           00114     MOVLW .50
0045   00A0           00115     MOVWF SAYAC0
0046                  00116 BEKLE1
0046   3032           00117     MOVLW .50
0047   00A1           00118     MOVWF SAYAC1
0048                  00119 BEKLE2
0048   3032           00120     MOVLW .50
0049   00A2           00121     MOVWF SAYAC2
004A                  00122 BEKLEDONGU
004A   0BA2           00123     DECFSZ SAYAC2,F
004B   2???           00124     GOTO BEKLEDONGU
004C   0BA1           00125     DECFSZ SAYAC1,F
004D   2???           00126     GOTO BEKLE2
004E   0BA0           00127     DECFSZ SAYAC0,F
004F   2???           00128     GOTO BEKLE1
0050   0008           00129     RETURN
3F7A                  00130     END
MPASM 5.81                NEWASMTEMPLATE.ASM   7-23-2020  23:27:57         PAGE  4


SYMBOL TABLE
  LABEL                             VALUE 

ACKDT                             00000005
ACKEN                             00000004
ACKSTAT                           00000006
ADCON0                            0000001F
ADCON1                            0000009F
ADCS0                             00000006
ADCS1                             00000007
ADCS2                             00000006
ADDEN                             00000003
ADFM                              00000007
ADIE                              00000006
ADIF                              00000006
ADON                              00000000
ADRESH                            0000001E
ADRESL                            0000009E
BANK0                             
BANK1                             
BCLIE                             00000003
BCLIF                             00000003
BEKLE                             00000044
BEKLE1                            00000046
BEKLE2                            00000048
BEKLEDONGU                        0000004A
BF                                00000000
BINKNT                            0000002B
BINLER                            00000027
BINLERD                           00000014
BIRKNT                            00000028
BIRLER                            00000024
BIRLERD                           0000001A
BRGH                              00000002
C                                 00000000
C1INV                             00000004
C1OUT                             00000006
C2INV                             00000005
C2OUT                             00000007
CCP1CON                           00000017
CCP1IE                            00000002
CCP1IF                            00000002
CCP1M0                            00000000
CCP1M1                            00000001
CCP1M2                            00000002
CCP1M3                            00000003
CCP1X                             00000005
CCP1Y                             00000004
CCP2CON                           0000001D
CCP2IE                            00000000
CCP2IF                            00000000
CCP2M0                            00000000
CCP2M1                            00000001
CCP2M2                            00000002
CCP2M3                            00000003
CCP2X                             00000005
MPASM 5.81                NEWASMTEMPLATE.ASM   7-23-2020  23:27:57         PAGE  5


SYMBOL TABLE
  LABEL                             VALUE 

CCP2Y                             00000004
CCPR1                             00000015
CCPR1H                            00000016
CCPR1L                            00000015
CCPR2                             0000001B
CCPR2H                            0000001C
CCPR2L                            0000001B
CHS0                              00000003
CHS1                              00000004
CHS2                              00000005
CIS                               00000003
CKE                               00000006
CKP                               00000004
CM0                               00000000
CM1                               00000001
CM2                               00000002
CMCON                             0000009C
CMIE                              00000006
CMIF                              00000006
CREN                              00000004
CSRC                              00000007
CVR0                              00000000
CVR1                              00000001
CVR2                              00000002
CVR3                              00000003
CVRCON                            0000009D
CVREN                             00000007
CVROE                             00000006
CVRR                              00000005
D                                 00000005
DATA_ADDRESS                      00000005
DC                                00000001
D_A                               00000005
D_NOT_A                           00000005
EEADR                             0000010D
EEADRH                            0000010F
EECON1                            0000018C
EECON2                            0000018D
EEDATA                            0000010C
EEDATH                            0000010E
EEIE                              00000004
EEIF                              00000004
EEPGD                             00000007
F                                 00000001
FERR                              00000002
FSR                               00000004
GCEN                              00000007
GIE                               00000007
GO                                00000002
GOSTER                            0000002E
GO_DONE                           00000002
GO_NOT_DONE                       00000002
I2C_DATA                          00000005
MPASM 5.81                NEWASMTEMPLATE.ASM   7-23-2020  23:27:57         PAGE  6


SYMBOL TABLE
  LABEL                             VALUE 

I2C_READ                          00000002
I2C_START                         00000003
I2C_STOP                          00000004
IBF                               00000007
IBOV                              00000005
INDF                              00000000
INTCON                            0000000B
INTE                              00000004
INTEDG                            00000006
INTF                              00000001
IRP                               00000007
KAYDIR                            00000023
LOOP                              0000001C
MAIN                              00000005
NOT_A                             00000005
NOT_ADDRESS                       00000005
NOT_BO                            00000000
NOT_BOR                           00000000
NOT_DONE                          00000002
NOT_PD                            00000003
NOT_POR                           00000001
NOT_RBPU                          00000007
NOT_RC8                           00000006
NOT_T1SYNC                        00000002
NOT_TO                            00000004
NOT_TX8                           00000006
NOT_W                             00000002
NOT_WRITE                         00000002
OBF                               00000006
OERR                              00000001
ONKNT                             00000029
ONLAR                             00000025
ONLARD                            00000018
OPTION_REG                        00000081
P                                 00000004
PCFG0                             00000000
PCFG1                             00000001
PCFG2                             00000002
PCFG3                             00000003
PCL                               00000002
PCLATH                            0000000A
PCON                              0000008E
PEIE                              00000006
PEN                               00000002
PIE1                              0000008C
PIE2                              0000008D
PIR1                              0000000C
PIR2                              0000000D
PORTA                             00000005
PORTB                             00000006
PORTC                             00000007
PORTD                             00000008
PORTE                             00000009
MPASM 5.81                NEWASMTEMPLATE.ASM   7-23-2020  23:27:57         PAGE  7


SYMBOL TABLE
  LABEL                             VALUE 

PR2                               00000092
PS0                               00000000
PS1                               00000001
PS2                               00000002
PSA                               00000003
PSPIE                             00000007
PSPIF                             00000007
PSPMODE                           00000004
R                                 00000002
RA0                               00000000
RA1                               00000001
RA2                               00000002
RA3                               00000003
RA4                               00000004
RA5                               00000005
RB0                               00000000
RB1                               00000001
RB2                               00000002
RB3                               00000003
RB4                               00000004
RB5                               00000005
RB6                               00000006
RB7                               00000007
RBIE                              00000003
RBIF                              00000000
RC0                               00000000
RC1                               00000001
RC2                               00000002
RC3                               00000003
RC4                               00000004
RC5                               00000005
RC6                               00000006
RC7                               00000007
RC8_9                             00000006
RC9                               00000006
RCD8                              00000000
RCEN                              00000003
RCIE                              00000005
RCIF                              00000005
RCREG                             0000001A
RCSTA                             00000018
RD                                00000000
RD0                               00000000
RD1                               00000001
RD2                               00000002
RD3                               00000003
RD4                               00000004
RD5                               00000005
RD6                               00000006
RD7                               00000007
RE0                               00000000
RE1                               00000001
RE2                               00000002
MPASM 5.81                NEWASMTEMPLATE.ASM   7-23-2020  23:27:57         PAGE  8


SYMBOL TABLE
  LABEL                             VALUE 

READ_WRITE                        00000002
RP0                               00000005
RP1                               00000006
RSEN                              00000001
RX9                               00000006
RX9D                              00000000
R_NOT_W                           00000002
R_W                               00000002
S                                 00000003
SAYAC0                            00000020
SAYAC1                            00000021
SAYAC2                            00000022
SEN                               00000000
SMP                               00000007
SPBRG                             00000099
SPEN                              00000007
SREN                              00000005
SSPADD                            00000093
SSPBUF                            00000013
SSPCON                            00000014
SSPCON2                           00000091
SSPEN                             00000005
SSPIE                             00000003
SSPIF                             00000003
SSPM0                             00000000
SSPM1                             00000001
SSPM2                             00000002
SSPM3                             00000003
SSPOV                             00000006
SSPSTAT                           00000094
STATUS                            00000003
SYNC                              00000004
T0CS                              00000005
T0IE                              00000005
T0IF                              00000002
T0SE                              00000004
T1CKPS0                           00000004
T1CKPS1                           00000005
T1CON                             00000010
T1INSYNC                          00000002
T1OSCEN                           00000003
T1SYNC                            00000002
T2CKPS0                           00000000
T2CKPS1                           00000001
T2CON                             00000012
TMR0                              00000001
TMR0IE                            00000005
TMR0IF                            00000002
TMR1                              0000000E
TMR1CS                            00000001
TMR1H                             0000000F
TMR1IE                            00000000
TMR1IF                            00000000
MPASM 5.81                NEWASMTEMPLATE.ASM   7-23-2020  23:27:57         PAGE  9


SYMBOL TABLE
  LABEL                             VALUE 

TMR1L                             0000000E
TMR1ON                            00000000
TMR2                              00000011
TMR2IE                            00000001
TMR2IF                            00000001
TMR2ON                            00000002
TOUTPS0                           00000003
TOUTPS1                           00000004
TOUTPS2                           00000005
TOUTPS3                           00000006
TRISA                             00000085
TRISA0                            00000000
TRISA1                            00000001
TRISA2                            00000002
TRISA3                            00000003
TRISA4                            00000004
TRISA5                            00000005
TRISB                             00000086
TRISB0                            00000000
TRISB1                            00000001
TRISB2                            00000002
TRISB3                            00000003
TRISB4                            00000004
TRISB5                            00000005
TRISB6                            00000006
TRISB7                            00000007
TRISC                             00000087
TRISC0                            00000000
TRISC1                            00000001
TRISC2                            00000002
TRISC3                            00000003
TRISC4                            00000004
TRISC5                            00000005
TRISC6                            00000006
TRISC7                            00000007
TRISD                             00000088
TRISD0                            00000000
TRISD1                            00000001
TRISD2                            00000002
TRISD3                            00000003
TRISD4                            00000004
TRISD5                            00000005
TRISD6                            00000006
TRISD7                            00000007
TRISE                             00000089
TRISE0                            00000000
TRISE1                            00000001
TRISE2                            00000002
TRMT                              00000001
TX8_9                             00000006
TX9                               00000006
TX9D                              00000000
TXD8                              00000000
MPASM 5.81                NEWASMTEMPLATE.ASM   7-23-2020  23:27:57         PAGE 10


SYMBOL TABLE
  LABEL                             VALUE 

TXEN                              00000005
TXIE                              00000004
TXIF                              00000004
TXREG                             00000019
TXSTA                             00000098
UA                                00000001
W                                 00000000
WCOL                              00000007
WR                                00000001
WREN                              00000002
WRERR                             00000003
YUZKNT                            0000002A
YUZLER                            00000026
YUZLERD                           00000016
Z                                 00000002
_BODEN_OFF                        00003FBF
_BODEN_ON                         00003FFF
_BOREN_OFF                        00003FBF
_BOREN_ON                         00003FFF
_CONFIG                           00002007
_CPD_OFF                          00003FFF
_CPD_ON                           00003EFF
_CP_ALL                           00001FFF
_CP_OFF                           00003FFF
_CP_ON                            00001FFF
_DEBUG_OFF                        00003FFF
_DEBUG_ON                         000037FF
_DEVID1                           00002006
_FOSC_EXTRC                       00003FFF
_FOSC_HS                          00003FFE
_FOSC_LP                          00003FFC
_FOSC_XT                          00003FFD
_HS_OSC                           00003FFE
_IDLOC0                           00002000
_IDLOC1                           00002001
_IDLOC2                           00002002
_IDLOC3                           00002003
_LP_OSC                           00003FFC
_LVP_OFF                          00003F7F
_LVP_ON                           00003FFF
_PWRTE_OFF                        00003FFF
_PWRTE_ON                         00003FF7
_RC_OSC                           00003FFF
_WDTE_OFF                         00003FFB
_WDTE_ON                          00003FFF
_WDT_OFF                          00003FFB
_WDT_ON                           00003FFF
_WRT_1FOURTH                      00003BFF
_WRT_256                          00003DFF
_WRT_HALF                         000039FF
_WRT_OFF                          00003FFF
_XT_OSC                           00003FFD
__16F877A                         00000001
MPASM 5.81                NEWASMTEMPLATE.ASM   7-23-2020  23:27:57         PAGE 11






Errors   :     0
Warnings :    12 reported,     0 suppressed
Messages :     2 reported,     0 suppressed

