MPASM  5.51                       MOD1000.ASM   7-9-2019  23:01:00         PAGE  1


LOC  OBJECT CODE     LINE SOURCE TEXT
  VALUE

Warning[205]: Found directive in column 1. (LIST)
                      00001 LIST P=16F877A
                      00002 #INCLUDE <P16F877A.INC>
                      00001         LIST
                      00002 
                      00003 ;==========================================================================
                      00004 ;  MPASM PIC16F877A processor include
                      00005 ; 
                      00006 ;  (c) Copyright 1999-2013 Microchip Technology, All rights reserved
                      00007 ;==========================================================================
                      00008 
                      00566         LIST
Warning[205]: Found directive in column 1. (__CONFIG)
2007   3F31           00003 __CONFIG H'3F31'
                      00004 
  00000020            00005 SAYI0 EQU 0X20
  00000021            00006 SAYI1 EQU 0X21
  00000022            00007 SAYI2 EQU 0X22
  00000023            00008 BIRLER EQU 0X23
  00000024            00009 ONLAR EQU 0X24
  00000025            00010 YUZLER EQU 0X25
  00000026            00011 BINLER EQU 0X26
  00000027            00012 TEMP1 EQU 0X27
  00000028            00013 TEMP2 EQU 0X28
  00000029            00014 TEMP3 EQU 0X29
  00000030            00015 TEMP4 EQU 0X30
  00000031            00016 TEMP0 EQU 0X31
                      00017 
                      00018 
                      00019 
Warning[205]: Found directive in column 1. (ORG)
0000                  00020 ORG 0X00
Warning[203]: Found opcode in column 1. (GOTO)
0000   2805           00021 GOTO PROGRAM
Warning[205]: Found directive in column 1. (ORG)
0004                  00022 ORG 0X04
Warning[203]: Found opcode in column 1. (GOTO)
0004   2805           00023 GOTO PROGRAM
                      00024 
                      00025 
0005                  00026 PROGRAM
Warning[205]: Found directive in column 1. (BANKSEL)
0005   1683 1303      00027 BANKSEL TRISB
Warning[203]: Found opcode in column 1. (CLRF)
Message[302]: Register in operand not in bank 0.  Ensure that bank bits are correct.
0007   0186           00028 CLRF TRISB
Warning[203]: Found opcode in column 1. (MOVLW)
0008   30F0           00029 MOVLW B'11110000'
Warning[203]: Found opcode in column 1. (MOVWF)
Message[302]: Register in operand not in bank 0.  Ensure that bank bits are correct.
0009   0088           00030 MOVWF TRISD
Warning[205]: Found directive in column 1. (BANKSEL)
000A   1283 1303      00031 BANKSEL PORTB
MPASM  5.51                       MOD1000.ASM   7-9-2019  23:01:00         PAGE  2


LOC  OBJECT CODE     LINE SOURCE TEXT
  VALUE

Warning[203]: Found opcode in column 1. (CLRF)
000C   0186           00032 CLRF PORTB
Warning[203]: Found opcode in column 1. (CLRF)
000D   0188           00033 CLRF PORTD
Warning[203]: Found opcode in column 1. (MOVLW)
000E   3000           00034 MOVLW .0
Warning[203]: Found opcode in column 1. (MOVWF)
000F   00A3           00035 MOVWF BIRLER
Warning[203]: Found opcode in column 1. (MOVWF)
0010   00A4           00036 MOVWF ONLAR
Warning[203]: Found opcode in column 1. (MOVWF)
0011   00A5           00037 MOVWF YUZLER
Warning[203]: Found opcode in column 1. (MOVWF)
0012   00A6           00038 MOVWF BINLER
Warning[203]: Found opcode in column 1. (GOTO)
0013   2814           00039 GOTO LOOP0
                      00040 
                      00041 
                      00042 
                      00043 
0014                  00044 LOOP0
Warning[203]: Found opcode in column 1. (MOVLW)
0014   300A           00045 MOVLW .10
Warning[203]: Found opcode in column 1. (MOVWF)
0015   00A7           00046 MOVWF TEMP1
0016                  00047 LOOP1
Warning[203]: Found opcode in column 1. (MOVLW)
0016   300A           00048 MOVLW .10
Warning[203]: Found opcode in column 1. (MOVWF)
0017   00A8           00049 MOVWF TEMP2
0018                  00050 LOOP2
Warning[203]: Found opcode in column 1. (MOVLW)
0018   300A           00051 MOVLW .10
Warning[203]: Found opcode in column 1. (MOVWF)
0019   00A9           00052 MOVWF TEMP3
001A                  00053 LOOP3
Warning[203]: Found opcode in column 1. (MOVLW)
001A   300A           00054 MOVLW .10
Warning[203]: Found opcode in column 1. (MOVWF)
001B   00B0           00055 MOVWF TEMP4
001C                  00056 LOOP4
Warning[203]: Found opcode in column 1. (CALL)
001C   202E           00057 CALL GOSTER
Warning[203]: Found opcode in column 1. (INCF)
001D   0AA3           00058 INCF BIRLER,F
Warning[203]: Found opcode in column 1. (DECFSZ)
001E   0BB0           00059 DECFSZ TEMP4,F
Warning[203]: Found opcode in column 1. (GOTO)
001F   281C           00060 GOTO LOOP4
Warning[203]: Found opcode in column 1. (CLRF)
0020   01A3           00061 CLRF BIRLER
Warning[203]: Found opcode in column 1. (INCF)
0021   0AA4           00062 INCF ONLAR,F    
MPASM  5.51                       MOD1000.ASM   7-9-2019  23:01:00         PAGE  3


LOC  OBJECT CODE     LINE SOURCE TEXT
  VALUE

Warning[203]: Found opcode in column 1. (DECFSZ)
0022   0BA9           00063 DECFSZ TEMP3,F
Warning[203]: Found opcode in column 1. (GOTO)
0023   281A           00064 GOTO LOOP3
Warning[203]: Found opcode in column 1. (CLRF)
0024   01A4           00065 CLRF ONLAR
Warning[203]: Found opcode in column 1. (INCF)
0025   0AA5           00066 INCF YUZLER,F
Warning[203]: Found opcode in column 1. (DECFSZ)
0026   0BA8           00067 DECFSZ TEMP2,F
Warning[203]: Found opcode in column 1. (GOTO)
0027   2818           00068 GOTO LOOP2
Warning[203]: Found opcode in column 1. (CLRF)
0028   01A5           00069 CLRF YUZLER
Warning[203]: Found opcode in column 1. (INCF)
0029   0AA6           00070 INCF BINLER,F
Warning[203]: Found opcode in column 1. (DECFSZ)
002A   0BA7           00071 DECFSZ TEMP1,F
Warning[203]: Found opcode in column 1. (GOTO)
002B   2816           00072 GOTO LOOP1
Warning[203]: Found opcode in column 1. (CLRF)
002C   01A6           00073 CLRF BINLER
Warning[203]: Found opcode in column 1. (GOTO)
002D   2814           00074 GOTO LOOP0
                      00075 
                      00076 
002E                  00077 GOSTER
Warning[205]: Found directive in column 1. (BANKSEL)
002E   1283 1303      00078 BANKSEL PORTB
Warning[203]: Found opcode in column 1. (MOVLW)
0030   3008           00079 MOVLW B'00001000'
Warning[203]: Found opcode in column 1. (MOVF)
0031   0823           00080 MOVF BIRLER,W
Warning[203]: Found opcode in column 1. (MOVWF)
0032   0088           00081 MOVWF PORTD
Warning[203]: Found opcode in column 1. (MOVLW)
0033   3004           00082 MOVLW B'00000100'
Warning[203]: Found opcode in column 1. (MOVF)
0034   0824           00083 MOVF ONLAR,W
Warning[203]: Found opcode in column 1. (MOVWF)
0035   0088           00084 MOVWF PORTD
Warning[203]: Found opcode in column 1. (MOVLW)
0036   3002           00085 MOVLW B'00000010'
Warning[203]: Found opcode in column 1. (MOVF)
0037   0825           00086 MOVF YUZLER,W
Warning[203]: Found opcode in column 1. (MOVWF)
0038   0088           00087 MOVWF PORTD
Warning[203]: Found opcode in column 1. (MOVLW)
0039   3001           00088 MOVLW B'00000001'
Warning[203]: Found opcode in column 1. (MOVF)
003A   0826           00089 MOVF BINLER,W
Warning[203]: Found opcode in column 1. (MOVWF)
003B   0088           00090 MOVWF PORTD
MPASM  5.51                       MOD1000.ASM   7-9-2019  23:01:00         PAGE  4


LOC  OBJECT CODE     LINE SOURCE TEXT
  VALUE

Warning[203]: Found opcode in column 1. (RETURN)
003C   0008           00091 RETURN
                      00092 
                      00093 
                      00094 
003D                  00095 BEKLE0
Warning[203]: Found opcode in column 1. (MOVLW)
003D   3032           00096 MOVLW .50
Warning[203]: Found opcode in column 1. (MOVWF)
003E   00A0           00097 MOVWF SAYI0
003F                  00098 BEKLE1
Warning[203]: Found opcode in column 1. (MOVLW)
003F   3032           00099 MOVLW .50
Warning[203]: Found opcode in column 1. (MOVWF)
0040   00A1           00100 MOVWF SAYI1
0041                  00101 BEKLE2
Warning[203]: Found opcode in column 1. (MOVLW)
0041   3032           00102 MOVLW .50
Warning[203]: Found opcode in column 1. (MOVWF)
0042   00A2           00103 MOVWF SAYI2
0043                  00104 BEKLE3
Warning[203]: Found opcode in column 1. (DECFSZ)
0043   0BA2           00105 DECFSZ SAYI2,F
Warning[203]: Found opcode in column 1. (GOTO)
0044   2841           00106 GOTO BEKLE2
Warning[203]: Found opcode in column 1. (DECFSZ)
0045   0BA1           00107 DECFSZ SAYI1,F
Warning[203]: Found opcode in column 1. (GOTO)
0046   283F           00108 GOTO BEKLE1
Warning[203]: Found opcode in column 1. (DECFSZ)
0047   0BA0           00109 DECFSZ SAYI0,F
Warning[203]: Found opcode in column 1. (GOTO)
0048   283D           00110 GOTO BEKLE0
Warning[203]: Found opcode in column 1. (RETURN)
0049   0008           00111 RETURN
                      00112 
                      00113 
                      00114 
                      00115 
                      00116 
                      00117 
                      00118 
Warning[205]: Found directive in column 1. (END)
                      00119 END
MPASM  5.51                       MOD1000.ASM   7-9-2019  23:01:00         PAGE  5


SYMBOL TABLE
  LABEL                             VALUE 

ACKDT                             00000005
ACKEN                             00000004
ACKSTAT                           00000006
ADCON0                            0000001F
ADCON1                            0000009F
ADCS0                             00000006
ADCS1                             00000007
ADCS2                             00000006
ADDEN                             00000003
ADFM                              00000007
ADIE                              00000006
ADIF                              00000006
ADON                              00000000
ADRESH                            0000001E
ADRESL                            0000009E
BCLIE                             00000003
BCLIF                             00000003
BEKLE0                            0000003D
BEKLE1                            0000003F
BEKLE2                            00000041
BEKLE3                            00000043
BF                                00000000
BINLER                            00000026
BIRLER                            00000023
BRGH                              00000002
C                                 00000000
C1INV                             00000004
C1OUT                             00000006
C2INV                             00000005
C2OUT                             00000007
CCP1CON                           00000017
CCP1IE                            00000002
CCP1IF                            00000002
CCP1M0                            00000000
CCP1M1                            00000001
CCP1M2                            00000002
CCP1M3                            00000003
CCP1X                             00000005
CCP1Y                             00000004
CCP2CON                           0000001D
CCP2IE                            00000000
CCP2IF                            00000000
CCP2M0                            00000000
CCP2M1                            00000001
CCP2M2                            00000002
CCP2M3                            00000003
CCP2X                             00000005
CCP2Y                             00000004
CCPR1                             00000015
CCPR1H                            00000016
CCPR1L                            00000015
CCPR2                             0000001B
CCPR2H                            0000001C
MPASM  5.51                       MOD1000.ASM   7-9-2019  23:01:00         PAGE  6


SYMBOL TABLE
  LABEL                             VALUE 

CCPR2L                            0000001B
CHS0                              00000003
CHS1                              00000004
CHS2                              00000005
CIS                               00000003
CKE                               00000006
CKP                               00000004
CM0                               00000000
CM1                               00000001
CM2                               00000002
CMCON                             0000009C
CMIE                              00000006
CMIF                              00000006
CREN                              00000004
CSRC                              00000007
CVR0                              00000000
CVR1                              00000001
CVR2                              00000002
CVR3                              00000003
CVRCON                            0000009D
CVREN                             00000007
CVROE                             00000006
CVRR                              00000005
D                                 00000005
DATA_ADDRESS                      00000005
DC                                00000001
D_A                               00000005
D_NOT_A                           00000005
EEADR                             0000010D
EEADRH                            0000010F
EECON1                            0000018C
EECON2                            0000018D
EEDATA                            0000010C
EEDATH                            0000010E
EEIE                              00000004
EEIF                              00000004
EEPGD                             00000007
F                                 00000001
FERR                              00000002
FSR                               00000004
GCEN                              00000007
GIE                               00000007
GO                                00000002
GOSTER                            0000002E
GO_DONE                           00000002
GO_NOT_DONE                       00000002
I2C_DATA                          00000005
I2C_READ                          00000002
I2C_START                         00000003
I2C_STOP                          00000004
IBF                               00000007
IBOV                              00000005
INDF                              00000000
MPASM  5.51                       MOD1000.ASM   7-9-2019  23:01:00         PAGE  7


SYMBOL TABLE
  LABEL                             VALUE 

INTCON                            0000000B
INTE                              00000004
INTEDG                            00000006
INTF                              00000001
IRP                               00000007
LOOP0                             00000014
LOOP1                             00000016
LOOP2                             00000018
LOOP3                             0000001A
LOOP4                             0000001C
NOT_A                             00000005
NOT_ADDRESS                       00000005
NOT_BO                            00000000
NOT_BOR                           00000000
NOT_DONE                          00000002
NOT_PD                            00000003
NOT_POR                           00000001
NOT_RBPU                          00000007
NOT_RC8                           00000006
NOT_T1SYNC                        00000002
NOT_TO                            00000004
NOT_TX8                           00000006
NOT_W                             00000002
NOT_WRITE                         00000002
OBF                               00000006
OERR                              00000001
ONLAR                             00000024
OPTION_REG                        00000081
P                                 00000004
PCFG0                             00000000
PCFG1                             00000001
PCFG2                             00000002
PCFG3                             00000003
PCL                               00000002
PCLATH                            0000000A
PCON                              0000008E
PEIE                              00000006
PEN                               00000002
PIE1                              0000008C
PIE2                              0000008D
PIR1                              0000000C
PIR2                              0000000D
PORTA                             00000005
PORTB                             00000006
PORTC                             00000007
PORTD                             00000008
PORTE                             00000009
PR2                               00000092
PROGRAM                           00000005
PS0                               00000000
PS1                               00000001
PS2                               00000002
PSA                               00000003
MPASM  5.51                       MOD1000.ASM   7-9-2019  23:01:00         PAGE  8


SYMBOL TABLE
  LABEL                             VALUE 

PSPIE                             00000007
PSPIF                             00000007
PSPMODE                           00000004
R                                 00000002
RA0                               00000000
RA1                               00000001
RA2                               00000002
RA3                               00000003
RA4                               00000004
RA5                               00000005
RB0                               00000000
RB1                               00000001
RB2                               00000002
RB3                               00000003
RB4                               00000004
RB5                               00000005
RB6                               00000006
RB7                               00000007
RBIE                              00000003
RBIF                              00000000
RC0                               00000000
RC1                               00000001
RC2                               00000002
RC3                               00000003
RC4                               00000004
RC5                               00000005
RC6                               00000006
RC7                               00000007
RC8_9                             00000006
RC9                               00000006
RCD8                              00000000
RCEN                              00000003
RCIE                              00000005
RCIF                              00000005
RCREG                             0000001A
RCSTA                             00000018
RD                                00000000
RD0                               00000000
RD1                               00000001
RD2                               00000002
RD3                               00000003
RD4                               00000004
RD5                               00000005
RD6                               00000006
RD7                               00000007
RE0                               00000000
RE1                               00000001
RE2                               00000002
READ_WRITE                        00000002
RP0                               00000005
RP1                               00000006
RSEN                              00000001
RX9                               00000006
MPASM  5.51                       MOD1000.ASM   7-9-2019  23:01:00         PAGE  9


SYMBOL TABLE
  LABEL                             VALUE 

RX9D                              00000000
R_NOT_W                           00000002
R_W                               00000002
S                                 00000003
SAYI0                             00000020
SAYI1                             00000021
SAYI2                             00000022
SEN                               00000000
SMP                               00000007
SPBRG                             00000099
SPEN                              00000007
SREN                              00000005
SSPADD                            00000093
SSPBUF                            00000013
SSPCON                            00000014
SSPCON2                           00000091
SSPEN                             00000005
SSPIE                             00000003
SSPIF                             00000003
SSPM0                             00000000
SSPM1                             00000001
SSPM2                             00000002
SSPM3                             00000003
SSPOV                             00000006
SSPSTAT                           00000094
STATUS                            00000003
SYNC                              00000004
T0CS                              00000005
T0IE                              00000005
T0IF                              00000002
T0SE                              00000004
T1CKPS0                           00000004
T1CKPS1                           00000005
T1CON                             00000010
T1INSYNC                          00000002
T1OSCEN                           00000003
T1SYNC                            00000002
T2CKPS0                           00000000
T2CKPS1                           00000001
T2CON                             00000012
TEMP0                             00000031
TEMP1                             00000027
TEMP2                             00000028
TEMP3                             00000029
TEMP4                             00000030
TMR0                              00000001
TMR0IE                            00000005
TMR0IF                            00000002
TMR1                              0000000E
TMR1CS                            00000001
TMR1H                             0000000F
TMR1IE                            00000000
TMR1IF                            00000000
MPASM  5.51                       MOD1000.ASM   7-9-2019  23:01:00         PAGE 10


SYMBOL TABLE
  LABEL                             VALUE 

TMR1L                             0000000E
TMR1ON                            00000000
TMR2                              00000011
TMR2IE                            00000001
TMR2IF                            00000001
TMR2ON                            00000002
TOUTPS0                           00000003
TOUTPS1                           00000004
TOUTPS2                           00000005
TOUTPS3                           00000006
TRISA                             00000085
TRISA0                            00000000
TRISA1                            00000001
TRISA2                            00000002
TRISA3                            00000003
TRISA4                            00000004
TRISA5                            00000005
TRISB                             00000086
TRISB0                            00000000
TRISB1                            00000001
TRISB2                            00000002
TRISB3                            00000003
TRISB4                            00000004
TRISB5                            00000005
TRISB6                            00000006
TRISB7                            00000007
TRISC                             00000087
TRISC0                            00000000
TRISC1                            00000001
TRISC2                            00000002
TRISC3                            00000003
TRISC4                            00000004
TRISC5                            00000005
TRISC6                            00000006
TRISC7                            00000007
TRISD                             00000088
TRISD0                            00000000
TRISD1                            00000001
TRISD2                            00000002
TRISD3                            00000003
TRISD4                            00000004
TRISD5                            00000005
TRISD6                            00000006
TRISD7                            00000007
TRISE                             00000089
TRISE0                            00000000
TRISE1                            00000001
TRISE2                            00000002
TRMT                              00000001
TX8_9                             00000006
TX9                               00000006
TX9D                              00000000
TXD8                              00000000
MPASM  5.51                       MOD1000.ASM   7-9-2019  23:01:00         PAGE 11


SYMBOL TABLE
  LABEL                             VALUE 

TXEN                              00000005
TXIE                              00000004
TXIF                              00000004
TXREG                             00000019
TXSTA                             00000098
UA                                00000001
W                                 00000000
WCOL                              00000007
WR                                00000001
WREN                              00000002
WRERR                             00000003
YUZLER                            00000025
Z                                 00000002
_BODEN_OFF                        00003FBF
_BODEN_ON                         00003FFF
_BOREN_OFF                        00003FBF
_BOREN_ON                         00003FFF
_CONFIG                           00002007
_CPD_OFF                          00003FFF
_CPD_ON                           00003EFF
_CP_ALL                           00001FFF
_CP_OFF                           00003FFF
_CP_ON                            00001FFF
_DEBUG_OFF                        00003FFF
_DEBUG_ON                         000037FF
_DEVID1                           00002006
_FOSC_EXTRC                       00003FFF
_FOSC_HS                          00003FFE
_FOSC_LP                          00003FFC
_FOSC_XT                          00003FFD
_HS_OSC                           00003FFE
_IDLOC0                           00002000
_IDLOC1                           00002001
_IDLOC2                           00002002
_IDLOC3                           00002003
_LP_OSC                           00003FFC
_LVP_OFF                          00003F7F
_LVP_ON                           00003FFF
_PWRTE_OFF                        00003FFF
_PWRTE_ON                         00003FF7
_RC_OSC                           00003FFF
_WDTE_OFF                         00003FFB
_WDTE_ON                          00003FFF
_WDT_OFF                          00003FFB
_WDT_ON                           00003FFF
_WRT_1FOURTH                      00003BFF
_WRT_256                          00003DFF
_WRT_HALF                         000039FF
_WRT_OFF                          00003FFF
_XT_OSC                           00003FFD
__16F877A                         00000001
__DEBUG                           1
MPASM  5.51                       MOD1000.ASM   7-9-2019  23:01:00         PAGE 12


MEMORY USAGE MAP ('X' = Used,  '-' = Unused)


0000 : X---XXXXXXXXXXXX XXXXXXXXXXXXXXXX XXXXXXXXXXXXXXXX XXXXXXXXXXXXXXXX
0040 : XXXXXXXXXX------ ---------------- ---------------- ----------------
2000 : -------X-------- ---------------- ---------------- ----------------

All other memory blocks unused.

Program Memory Words Used:    71
Program Memory Words Free:  8121


Errors   :     0
Warnings :    73 reported,     0 suppressed
Messages :     2 reported,     0 suppressed

