Warning[205] C:\YAZOKULU\MOD1000\MOD1000.ASM 1 : Found directive in column 1. (LIST)
Warning[205] C:\YAZOKULU\MOD1000\MOD1000.ASM 3 : Found directive in column 1. (__CONFIG)
Warning[205] C:\YAZOKULU\MOD1000\MOD1000.ASM 20 : Found directive in column 1. (ORG)
Warning[203] C:\YAZOKULU\MOD1000\MOD1000.ASM 21 : Found opcode in column 1. (GOTO)
Warning[205] C:\YAZOKULU\MOD1000\MOD1000.ASM 22 : Found directive in column 1. (ORG)
Warning[203] C:\YAZOKULU\MOD1000\MOD1000.ASM 23 : Found opcode in column 1. (GOTO)
Warning[205] C:\YAZOKULU\MOD1000\MOD1000.ASM 27 : Found directive in column 1. (BANKSEL)
Warning[203] C:\YAZOKULU\MOD1000\MOD1000.ASM 28 : Found opcode in column 1. (CLRF)
Message[302] C:\YAZOKULU\MOD1000\MOD1000.ASM 28 : Register in operand not in bank 0.  Ensure that bank bits are correct.
Warning[203] C:\YAZOKULU\MOD1000\MOD1000.ASM 29 : Found opcode in column 1. (MOVLW)
Warning[203] C:\YAZOKULU\MOD1000\MOD1000.ASM 30 : Found opcode in column 1. (MOVWF)
Message[302] C:\YAZOKULU\MOD1000\MOD1000.ASM 30 : Register in operand not in bank 0.  Ensure that bank bits are correct.
Warning[205] C:\YAZOKULU\MOD1000\MOD1000.ASM 31 : Found directive in column 1. (BANKSEL)
Warning[203] C:\YAZOKULU\MOD1000\MOD1000.ASM 32 : Found opcode in column 1. (CLRF)
Warning[203] C:\YAZOKULU\MOD1000\MOD1000.ASM 33 : Found opcode in column 1. (CLRF)
Warning[203] C:\YAZOKULU\MOD1000\MOD1000.ASM 34 : Found opcode in column 1. (MOVLW)
Warning[203] C:\YAZOKULU\MOD1000\MOD1000.ASM 35 : Found opcode in column 1. (MOVWF)
Warning[203] C:\YAZOKULU\MOD1000\MOD1000.ASM 36 : Found opcode in column 1. (MOVWF)
Warning[203] C:\YAZOKULU\MOD1000\MOD1000.ASM 37 : Found opcode in column 1. (MOVWF)
Warning[203] C:\YAZOKULU\MOD1000\MOD1000.ASM 38 : Found opcode in column 1. (MOVWF)
Warning[203] C:\YAZOKULU\MOD1000\MOD1000.ASM 39 : Found opcode in column 1. (GOTO)
Warning[203] C:\YAZOKULU\MOD1000\MOD1000.ASM 45 : Found opcode in column 1. (MOVLW)
Warning[203] C:\YAZOKULU\MOD1000\MOD1000.ASM 46 : Found opcode in column 1. (MOVWF)
Warning[203] C:\YAZOKULU\MOD1000\MOD1000.ASM 48 : Found opcode in column 1. (MOVLW)
Warning[203] C:\YAZOKULU\MOD1000\MOD1000.ASM 49 : Found opcode in column 1. (MOVWF)
Warning[203] C:\YAZOKULU\MOD1000\MOD1000.ASM 51 : Found opcode in column 1. (MOVLW)
Warning[203] C:\YAZOKULU\MOD1000\MOD1000.ASM 52 : Found opcode in column 1. (MOVWF)
Warning[203] C:\YAZOKULU\MOD1000\MOD1000.ASM 54 : Found opcode in column 1. (MOVLW)
Warning[203] C:\YAZOKULU\MOD1000\MOD1000.ASM 55 : Found opcode in column 1. (MOVWF)
Warning[203] C:\YAZOKULU\MOD1000\MOD1000.ASM 57 : Found opcode in column 1. (CALL)
Warning[203] C:\YAZOKULU\MOD1000\MOD1000.ASM 58 : Found opcode in column 1. (INCF)
Warning[203] C:\YAZOKULU\MOD1000\MOD1000.ASM 59 : Found opcode in column 1. (DECFSZ)
Warning[203] C:\YAZOKULU\MOD1000\MOD1000.ASM 60 : Found opcode in column 1. (GOTO)
Warning[203] C:\YAZOKULU\MOD1000\MOD1000.ASM 61 : Found opcode in column 1. (CLRF)
Warning[203] C:\YAZOKULU\MOD1000\MOD1000.ASM 62 : Found opcode in column 1. (INCF)
Warning[203] C:\YAZOKULU\MOD1000\MOD1000.ASM 63 : Found opcode in column 1. (DECFSZ)
Warning[203] C:\YAZOKULU\MOD1000\MOD1000.ASM 64 : Found opcode in column 1. (GOTO)
Warning[203] C:\YAZOKULU\MOD1000\MOD1000.ASM 65 : Found opcode in column 1. (CLRF)
Warning[203] C:\YAZOKULU\MOD1000\MOD1000.ASM 66 : Found opcode in column 1. (INCF)
Warning[203] C:\YAZOKULU\MOD1000\MOD1000.ASM 67 : Found opcode in column 1. (DECFSZ)
Warning[203] C:\YAZOKULU\MOD1000\MOD1000.ASM 68 : Found opcode in column 1. (GOTO)
Warning[203] C:\YAZOKULU\MOD1000\MOD1000.ASM 69 : Found opcode in column 1. (CLRF)
Warning[203] C:\YAZOKULU\MOD1000\MOD1000.ASM 70 : Found opcode in column 1. (INCF)
Warning[203] C:\YAZOKULU\MOD1000\MOD1000.ASM 71 : Found opcode in column 1. (DECFSZ)
Warning[203] C:\YAZOKULU\MOD1000\MOD1000.ASM 72 : Found opcode in column 1. (GOTO)
Warning[203] C:\YAZOKULU\MOD1000\MOD1000.ASM 73 : Found opcode in column 1. (CLRF)
Warning[203] C:\YAZOKULU\MOD1000\MOD1000.ASM 74 : Found opcode in column 1. (GOTO)
Warning[205] C:\YAZOKULU\MOD1000\MOD1000.ASM 78 : Found directive in column 1. (BANKSEL)
Warning[203] C:\YAZOKULU\MOD1000\MOD1000.ASM 79 : Found opcode in column 1. (MOVLW)
Warning[203] C:\YAZOKULU\MOD1000\MOD1000.ASM 80 : Found opcode in column 1. (MOVF)
Warning[203] C:\YAZOKULU\MOD1000\MOD1000.ASM 81 : Found opcode in column 1. (MOVWF)
Warning[203] C:\YAZOKULU\MOD1000\MOD1000.ASM 82 : Found opcode in column 1. (MOVLW)
Warning[203] C:\YAZOKULU\MOD1000\MOD1000.ASM 83 : Found opcode in column 1. (MOVF)
Warning[203] C:\YAZOKULU\MOD1000\MOD1000.ASM 84 : Found opcode in column 1. (MOVWF)
Warning[203] C:\YAZOKULU\MOD1000\MOD1000.ASM 85 : Found opcode in column 1. (MOVLW)
Warning[203] C:\YAZOKULU\MOD1000\MOD1000.ASM 86 : Found opcode in column 1. (MOVF)
Warning[203] C:\YAZOKULU\MOD1000\MOD1000.ASM 87 : Found opcode in column 1. (MOVWF)
Warning[203] C:\YAZOKULU\MOD1000\MOD1000.ASM 88 : Found opcode in column 1. (MOVLW)
Warning[203] C:\YAZOKULU\MOD1000\MOD1000.ASM 89 : Found opcode in column 1. (MOVF)
Warning[203] C:\YAZOKULU\MOD1000\MOD1000.ASM 90 : Found opcode in column 1. (MOVWF)
Warning[203] C:\YAZOKULU\MOD1000\MOD1000.ASM 91 : Found opcode in column 1. (RETURN)
Warning[203] C:\YAZOKULU\MOD1000\MOD1000.ASM 96 : Found opcode in column 1. (MOVLW)
Warning[203] C:\YAZOKULU\MOD1000\MOD1000.ASM 97 : Found opcode in column 1. (MOVWF)
Warning[203] C:\YAZOKULU\MOD1000\MOD1000.ASM 99 : Found opcode in column 1. (MOVLW)
Warning[203] C:\YAZOKULU\MOD1000\MOD1000.ASM 100 : Found opcode in column 1. (MOVWF)
Warning[203] C:\YAZOKULU\MOD1000\MOD1000.ASM 102 : Found opcode in column 1. (MOVLW)
Warning[203] C:\YAZOKULU\MOD1000\MOD1000.ASM 103 : Found opcode in column 1. (MOVWF)
Warning[203] C:\YAZOKULU\MOD1000\MOD1000.ASM 105 : Found opcode in column 1. (DECFSZ)
Warning[203] C:\YAZOKULU\MOD1000\MOD1000.ASM 106 : Found opcode in column 1. (GOTO)
Warning[203] C:\YAZOKULU\MOD1000\MOD1000.ASM 107 : Found opcode in column 1. (DECFSZ)
Warning[203] C:\YAZOKULU\MOD1000\MOD1000.ASM 108 : Found opcode in column 1. (GOTO)
Warning[203] C:\YAZOKULU\MOD1000\MOD1000.ASM 109 : Found opcode in column 1. (DECFSZ)
Warning[203] C:\YAZOKULU\MOD1000\MOD1000.ASM 110 : Found opcode in column 1. (GOTO)
Warning[203] C:\YAZOKULU\MOD1000\MOD1000.ASM 111 : Found opcode in column 1. (RETURN)
Warning[205] C:\YAZOKULU\MOD1000\MOD1000.ASM 119 : Found directive in column 1. (END)
