Warning[207] C:\USERS\MEHME\DESKTOP\ASSEMBLY\KARABUKYAZ\DCMOTOR_YONTESPIT.X\NEWASMTEMPLATE.ASM 5 : Found label after column 1. (SAYAC0)
Warning[207] C:\USERS\MEHME\DESKTOP\ASSEMBLY\KARABUKYAZ\DCMOTOR_YONTESPIT.X\NEWASMTEMPLATE.ASM 6 : Found label after column 1. (SAYAC1)
Warning[207] C:\USERS\MEHME\DESKTOP\ASSEMBLY\KARABUKYAZ\DCMOTOR_YONTESPIT.X\NEWASMTEMPLATE.ASM 7 : Found label after column 1. (SAYAC2)
Warning[207] C:\USERS\MEHME\DESKTOP\ASSEMBLY\KARABUKYAZ\DCMOTOR_YONTESPIT.X\NEWASMTEMPLATE.ASM 8 : Found label after column 1. (KAYDIR)
Warning[207] C:\USERS\MEHME\DESKTOP\ASSEMBLY\KARABUKYAZ\DCMOTOR_YONTESPIT.X\NEWASMTEMPLATE.ASM 9 : Found label after column 1. (BIRLER)
Warning[207] C:\USERS\MEHME\DESKTOP\ASSEMBLY\KARABUKYAZ\DCMOTOR_YONTESPIT.X\NEWASMTEMPLATE.ASM 10 : Found label after column 1. (ONLAR)
Warning[207] C:\USERS\MEHME\DESKTOP\ASSEMBLY\KARABUKYAZ\DCMOTOR_YONTESPIT.X\NEWASMTEMPLATE.ASM 11 : Found label after column 1. (YUZLER)
Warning[207] C:\USERS\MEHME\DESKTOP\ASSEMBLY\KARABUKYAZ\DCMOTOR_YONTESPIT.X\NEWASMTEMPLATE.ASM 12 : Found label after column 1. (BINLER)
Warning[207] C:\USERS\MEHME\DESKTOP\ASSEMBLY\KARABUKYAZ\DCMOTOR_YONTESPIT.X\NEWASMTEMPLATE.ASM 13 : Found label after column 1. (BIRKNT)
Warning[207] C:\USERS\MEHME\DESKTOP\ASSEMBLY\KARABUKYAZ\DCMOTOR_YONTESPIT.X\NEWASMTEMPLATE.ASM 14 : Found label after column 1. (ONKNT)
Warning[207] C:\USERS\MEHME\DESKTOP\ASSEMBLY\KARABUKYAZ\DCMOTOR_YONTESPIT.X\NEWASMTEMPLATE.ASM 15 : Found label after column 1. (YUZKNT)
Warning[207] C:\USERS\MEHME\DESKTOP\ASSEMBLY\KARABUKYAZ\DCMOTOR_YONTESPIT.X\NEWASMTEMPLATE.ASM 16 : Found label after column 1. (BINKNT)
Warning[207] C:\USERS\MEHME\DESKTOP\ASSEMBLY\KARABUKYAZ\DCMOTOR_YONTESPIT.X\NEWASMTEMPLATE.ASM 17 : Found label after column 1. (ISTENEN)
Warning[207] C:\USERS\MEHME\DESKTOP\ASSEMBLY\KARABUKYAZ\DCMOTOR_YONTESPIT.X\NEWASMTEMPLATE.ASM 18 : Found label after column 1. (ESIKDEGER)
Warning[207] C:\USERS\MEHME\DESKTOP\ASSEMBLY\KARABUKYAZ\DCMOTOR_YONTESPIT.X\NEWASMTEMPLATE.ASM 19 : Found label after column 1. (TEMP)
Warning[207] C:\USERS\MEHME\DESKTOP\ASSEMBLY\KARABUKYAZ\DCMOTOR_YONTESPIT.X\NEWASMTEMPLATE.ASM 20 : Found label after column 1. (TEMP1)
Warning[207] C:\USERS\MEHME\DESKTOP\ASSEMBLY\KARABUKYAZ\DCMOTOR_YONTESPIT.X\NEWASMTEMPLATE.ASM 21 : Found label after column 1. (TEMP2)
Message[302] C:\USERS\MEHME\DESKTOP\ASSEMBLY\KARABUKYAZ\DCMOTOR_YONTESPIT.X\NEWASMTEMPLATE.ASM 37 : Register in operand not in bank 0.  Ensure that bank bits are correct.
Message[302] C:\USERS\MEHME\DESKTOP\ASSEMBLY\KARABUKYAZ\DCMOTOR_YONTESPIT.X\NEWASMTEMPLATE.ASM 39 : Register in operand not in bank 0.  Ensure that bank bits are correct.
Message[302] C:\USERS\MEHME\DESKTOP\ASSEMBLY\KARABUKYAZ\DCMOTOR_YONTESPIT.X\NEWASMTEMPLATE.ASM 40 : Register in operand not in bank 0.  Ensure that bank bits are correct.
Message[302] C:\USERS\MEHME\DESKTOP\ASSEMBLY\KARABUKYAZ\DCMOTOR_YONTESPIT.X\NEWASMTEMPLATE.ASM 41 : Register in operand not in bank 0.  Ensure that bank bits are correct.
