Warning[205] C:\YAZOKULU\KEYPAD\KEYPAD.ASM 1 : Found directive in column 1. (LIST)
Warning[205] C:\YAZOKULU\KEYPAD\KEYPAD.ASM 3 : Found directive in column 1. (__CONFIG)
Warning[205] C:\YAZOKULU\KEYPAD\KEYPAD.ASM 20 : Found directive in column 1. (ORG)
Warning[203] C:\YAZOKULU\KEYPAD\KEYPAD.ASM 21 : Found opcode in column 1. (GOTO)
Warning[205] C:\YAZOKULU\KEYPAD\KEYPAD.ASM 22 : Found directive in column 1. (ORG)
Warning[203] C:\YAZOKULU\KEYPAD\KEYPAD.ASM 23 : Found opcode in column 1. (GOTO)
Warning[205] C:\YAZOKULU\KEYPAD\KEYPAD.ASM 27 : Found directive in column 1. (BANKSEL)
Warning[203] C:\YAZOKULU\KEYPAD\KEYPAD.ASM 28 : Found opcode in column 1. (CLRF)
Message[302] C:\YAZOKULU\KEYPAD\KEYPAD.ASM 28 : Register in operand not in bank 0.  Ensure that bank bits are correct.
Warning[203] C:\YAZOKULU\KEYPAD\KEYPAD.ASM 29 : Found opcode in column 1. (MOVLW)
Warning[203] C:\YAZOKULU\KEYPAD\KEYPAD.ASM 30 : Found opcode in column 1. (MOVWF)
Message[302] C:\YAZOKULU\KEYPAD\KEYPAD.ASM 30 : Register in operand not in bank 0.  Ensure that bank bits are correct.
Warning[205] C:\YAZOKULU\KEYPAD\KEYPAD.ASM 31 : Found directive in column 1. (BANKSEL)
Warning[203] C:\YAZOKULU\KEYPAD\KEYPAD.ASM 32 : Found opcode in column 1. (CLRF)
Warning[203] C:\YAZOKULU\KEYPAD\KEYPAD.ASM 33 : Found opcode in column 1. (CLRF)
Warning[203] C:\YAZOKULU\KEYPAD\KEYPAD.ASM 34 : Found opcode in column 1. (MOVLW)
Warning[203] C:\YAZOKULU\KEYPAD\KEYPAD.ASM 35 : Found opcode in column 1. (MOVWF)
Warning[203] C:\YAZOKULU\KEYPAD\KEYPAD.ASM 36 : Found opcode in column 1. (MOVWF)
Warning[203] C:\YAZOKULU\KEYPAD\KEYPAD.ASM 37 : Found opcode in column 1. (MOVWF)
Warning[203] C:\YAZOKULU\KEYPAD\KEYPAD.ASM 38 : Found opcode in column 1. (MOVWF)
Warning[203] C:\YAZOKULU\KEYPAD\KEYPAD.ASM 42 : Found opcode in column 1. (CALL)
Warning[203] C:\YAZOKULU\KEYPAD\KEYPAD.ASM 43 : Found opcode in column 1. (CALL)
Warning[203] C:\YAZOKULU\KEYPAD\KEYPAD.ASM 44 : Found opcode in column 1. (GOTO)
Warning[203] C:\YAZOKULU\KEYPAD\KEYPAD.ASM 48 : Found opcode in column 1. (MOVLW)
Warning[203] C:\YAZOKULU\KEYPAD\KEYPAD.ASM 49 : Found opcode in column 1. (MOVWF)
Warning[203] C:\YAZOKULU\KEYPAD\KEYPAD.ASM 50 : Found opcode in column 1. (BTFSC)
Warning[203] C:\YAZOKULU\KEYPAD\KEYPAD.ASM 51 : Found opcode in column 1. (GOTO)
Warning[203] C:\YAZOKULU\KEYPAD\KEYPAD.ASM 52 : Found opcode in column 1. (MOVLW)
Warning[203] C:\YAZOKULU\KEYPAD\KEYPAD.ASM 53 : Found opcode in column 1. (MOVWF)
Warning[203] C:\YAZOKULU\KEYPAD\KEYPAD.ASM 54 : Found opcode in column 1. (MOVLW)
Warning[203] C:\YAZOKULU\KEYPAD\KEYPAD.ASM 55 : Found opcode in column 1. (MOVWF)
Warning[203] C:\YAZOKULU\KEYPAD\KEYPAD.ASM 56 : Found opcode in column 1. (RETURN)
Warning[203] C:\YAZOKULU\KEYPAD\KEYPAD.ASM 58 : Found opcode in column 1. (BTFSC)
Warning[203] C:\YAZOKULU\KEYPAD\KEYPAD.ASM 59 : Found opcode in column 1. (GOTO)
Warning[203] C:\YAZOKULU\KEYPAD\KEYPAD.ASM 60 : Found opcode in column 1. (MOVLW)
Warning[203] C:\YAZOKULU\KEYPAD\KEYPAD.ASM 61 : Found opcode in column 1. (MOVWF)
Warning[203] C:\YAZOKULU\KEYPAD\KEYPAD.ASM 62 : Found opcode in column 1. (MOVLW)
Warning[203] C:\YAZOKULU\KEYPAD\KEYPAD.ASM 63 : Found opcode in column 1. (MOVWF)
Warning[203] C:\YAZOKULU\KEYPAD\KEYPAD.ASM 64 : Found opcode in column 1. (RETURN)
Warning[203] C:\YAZOKULU\KEYPAD\KEYPAD.ASM 66 : Found opcode in column 1. (BTFSC)
Warning[203] C:\YAZOKULU\KEYPAD\KEYPAD.ASM 67 : Found opcode in column 1. (GOTO)
Warning[203] C:\YAZOKULU\KEYPAD\KEYPAD.ASM 68 : Found opcode in column 1. (MOVLW)
Warning[203] C:\YAZOKULU\KEYPAD\KEYPAD.ASM 69 : Found opcode in column 1. (MOVWF)
Warning[203] C:\YAZOKULU\KEYPAD\KEYPAD.ASM 70 : Found opcode in column 1. (MOVLW)
Warning[203] C:\YAZOKULU\KEYPAD\KEYPAD.ASM 71 : Found opcode in column 1. (MOVWF)
Warning[203] C:\YAZOKULU\KEYPAD\KEYPAD.ASM 72 : Found opcode in column 1. (RETURN)
Warning[203] C:\YAZOKULU\KEYPAD\KEYPAD.ASM 74 : Found opcode in column 1. (BTFSC)
Warning[203] C:\YAZOKULU\KEYPAD\KEYPAD.ASM 75 : Found opcode in column 1. (GOTO)
Warning[203] C:\YAZOKULU\KEYPAD\KEYPAD.ASM 76 : Found opcode in column 1. (MOVLW)
Warning[203] C:\YAZOKULU\KEYPAD\KEYPAD.ASM 77 : Found opcode in column 1. (MOVWF)
Warning[203] C:\YAZOKULU\KEYPAD\KEYPAD.ASM 78 : Found opcode in column 1. (MOVLW)
Warning[203] C:\YAZOKULU\KEYPAD\KEYPAD.ASM 79 : Found opcode in column 1. (MOVWF)
Warning[203] C:\YAZOKULU\KEYPAD\KEYPAD.ASM 80 : Found opcode in column 1. (RETURN)
Warning[203] C:\YAZOKULU\KEYPAD\KEYPAD.ASM 84 : Found opcode in column 1. (MOVLW)
Warning[203] C:\YAZOKULU\KEYPAD\KEYPAD.ASM 85 : Found opcode in column 1. (MOVWF)
Warning[203] C:\YAZOKULU\KEYPAD\KEYPAD.ASM 86 : Found opcode in column 1. (BTFSC)
Warning[203] C:\YAZOKULU\KEYPAD\KEYPAD.ASM 87 : Found opcode in column 1. (GOTO)
Warning[203] C:\YAZOKULU\KEYPAD\KEYPAD.ASM 88 : Found opcode in column 1. (MOVLW)
Warning[203] C:\YAZOKULU\KEYPAD\KEYPAD.ASM 89 : Found opcode in column 1. (MOVWF)
Warning[203] C:\YAZOKULU\KEYPAD\KEYPAD.ASM 90 : Found opcode in column 1. (MOVLW)
Warning[203] C:\YAZOKULU\KEYPAD\KEYPAD.ASM 91 : Found opcode in column 1. (MOVWF)
Warning[203] C:\YAZOKULU\KEYPAD\KEYPAD.ASM 92 : Found opcode in column 1. (RETURN)
Warning[203] C:\YAZOKULU\KEYPAD\KEYPAD.ASM 94 : Found opcode in column 1. (BTFSC)
Warning[203] C:\YAZOKULU\KEYPAD\KEYPAD.ASM 95 : Found opcode in column 1. (GOTO)
Warning[203] C:\YAZOKULU\KEYPAD\KEYPAD.ASM 96 : Found opcode in column 1. (MOVLW)
Warning[203] C:\YAZOKULU\KEYPAD\KEYPAD.ASM 97 : Found opcode in column 1. (MOVWF)
Warning[203] C:\YAZOKULU\KEYPAD\KEYPAD.ASM 98 : Found opcode in column 1. (MOVLW)
Warning[203] C:\YAZOKULU\KEYPAD\KEYPAD.ASM 99 : Found opcode in column 1. (MOVWF)
Warning[203] C:\YAZOKULU\KEYPAD\KEYPAD.ASM 100 : Found opcode in column 1. (RETURN)
Warning[203] C:\YAZOKULU\KEYPAD\KEYPAD.ASM 102 : Found opcode in column 1. (BTFSC)
Warning[203] C:\YAZOKULU\KEYPAD\KEYPAD.ASM 103 : Found opcode in column 1. (GOTO)
Warning[203] C:\YAZOKULU\KEYPAD\KEYPAD.ASM 104 : Found opcode in column 1. (MOVLW)
Warning[203] C:\YAZOKULU\KEYPAD\KEYPAD.ASM 105 : Found opcode in column 1. (MOVWF)
Warning[203] C:\YAZOKULU\KEYPAD\KEYPAD.ASM 106 : Found opcode in column 1. (MOVLW)
Warning[203] C:\YAZOKULU\KEYPAD\KEYPAD.ASM 107 : Found opcode in column 1. (MOVWF)
Warning[203] C:\YAZOKULU\KEYPAD\KEYPAD.ASM 108 : Found opcode in column 1. (RETURN)
Warning[203] C:\YAZOKULU\KEYPAD\KEYPAD.ASM 110 : Found opcode in column 1. (BTFSC)
Warning[203] C:\YAZOKULU\KEYPAD\KEYPAD.ASM 111 : Found opcode in column 1. (GOTO)
Warning[203] C:\YAZOKULU\KEYPAD\KEYPAD.ASM 112 : Found opcode in column 1. (MOVLW)
Warning[203] C:\YAZOKULU\KEYPAD\KEYPAD.ASM 113 : Found opcode in column 1. (MOVWF)
Warning[203] C:\YAZOKULU\KEYPAD\KEYPAD.ASM 114 : Found opcode in column 1. (MOVLW)
Warning[203] C:\YAZOKULU\KEYPAD\KEYPAD.ASM 115 : Found opcode in column 1. (MOVWF)
Warning[203] C:\YAZOKULU\KEYPAD\KEYPAD.ASM 116 : Found opcode in column 1. (RETURN)
Warning[203] C:\YAZOKULU\KEYPAD\KEYPAD.ASM 121 : Found opcode in column 1. (MOVLW)
Warning[203] C:\YAZOKULU\KEYPAD\KEYPAD.ASM 122 : Found opcode in column 1. (MOVWF)
Warning[203] C:\YAZOKULU\KEYPAD\KEYPAD.ASM 123 : Found opcode in column 1. (BTFSC)
Warning[203] C:\YAZOKULU\KEYPAD\KEYPAD.ASM 124 : Found opcode in column 1. (GOTO)
Warning[203] C:\YAZOKULU\KEYPAD\KEYPAD.ASM 125 : Found opcode in column 1. (MOVLW)
Warning[203] C:\YAZOKULU\KEYPAD\KEYPAD.ASM 126 : Found opcode in column 1. (MOVWF)
Warning[203] C:\YAZOKULU\KEYPAD\KEYPAD.ASM 127 : Found opcode in column 1. (MOVLW)
Warning[203] C:\YAZOKULU\KEYPAD\KEYPAD.ASM 128 : Found opcode in column 1. (MOVWF)
Warning[203] C:\YAZOKULU\KEYPAD\KEYPAD.ASM 129 : Found opcode in column 1. (RETURN)
Warning[203] C:\YAZOKULU\KEYPAD\KEYPAD.ASM 131 : Found opcode in column 1. (BTFSC)
Warning[203] C:\YAZOKULU\KEYPAD\KEYPAD.ASM 132 : Found opcode in column 1. (GOTO)
Warning[203] C:\YAZOKULU\KEYPAD\KEYPAD.ASM 133 : Found opcode in column 1. (MOVLW)
Warning[203] C:\YAZOKULU\KEYPAD\KEYPAD.ASM 134 : Found opcode in column 1. (MOVWF)
Warning[203] C:\YAZOKULU\KEYPAD\KEYPAD.ASM 135 : Found opcode in column 1. (MOVLW)
Warning[203] C:\YAZOKULU\KEYPAD\KEYPAD.ASM 136 : Found opcode in column 1. (MOVWF)
Warning[203] C:\YAZOKULU\KEYPAD\KEYPAD.ASM 137 : Found opcode in column 1. (RETURN)
Warning[203] C:\YAZOKULU\KEYPAD\KEYPAD.ASM 139 : Found opcode in column 1. (BTFSC)
Warning[203] C:\YAZOKULU\KEYPAD\KEYPAD.ASM 140 : Found opcode in column 1. (GOTO)
Warning[203] C:\YAZOKULU\KEYPAD\KEYPAD.ASM 141 : Found opcode in column 1. (MOVLW)
Warning[203] C:\YAZOKULU\KEYPAD\KEYPAD.ASM 142 : Found opcode in column 1. (MOVWF)
Warning[203] C:\YAZOKULU\KEYPAD\KEYPAD.ASM 143 : Found opcode in column 1. (MOVLW)
Warning[203] C:\YAZOKULU\KEYPAD\KEYPAD.ASM 144 : Found opcode in column 1. (MOVWF)
Warning[203] C:\YAZOKULU\KEYPAD\KEYPAD.ASM 145 : Found opcode in column 1. (RETURN)
Warning[203] C:\YAZOKULU\KEYPAD\KEYPAD.ASM 147 : Found opcode in column 1. (BTFSC)
Warning[203] C:\YAZOKULU\KEYPAD\KEYPAD.ASM 148 : Found opcode in column 1. (GOTO)
Warning[203] C:\YAZOKULU\KEYPAD\KEYPAD.ASM 149 : Found opcode in column 1. (MOVLW)
Warning[203] C:\YAZOKULU\KEYPAD\KEYPAD.ASM 150 : Found opcode in column 1. (MOVWF)
Warning[203] C:\YAZOKULU\KEYPAD\KEYPAD.ASM 151 : Found opcode in column 1. (MOVLW)
Warning[203] C:\YAZOKULU\KEYPAD\KEYPAD.ASM 152 : Found opcode in column 1. (MOVWF)
Warning[203] C:\YAZOKULU\KEYPAD\KEYPAD.ASM 153 : Found opcode in column 1. (RETURN)
Warning[203] C:\YAZOKULU\KEYPAD\KEYPAD.ASM 157 : Found opcode in column 1. (MOVLW)
Warning[203] C:\YAZOKULU\KEYPAD\KEYPAD.ASM 158 : Found opcode in column 1. (MOVWF)
Warning[203] C:\YAZOKULU\KEYPAD\KEYPAD.ASM 159 : Found opcode in column 1. (BTFSC)
Warning[203] C:\YAZOKULU\KEYPAD\KEYPAD.ASM 160 : Found opcode in column 1. (GOTO)
Warning[203] C:\YAZOKULU\KEYPAD\KEYPAD.ASM 161 : Found opcode in column 1. (MOVLW)
Warning[203] C:\YAZOKULU\KEYPAD\KEYPAD.ASM 162 : Found opcode in column 1. (MOVWF)
Warning[203] C:\YAZOKULU\KEYPAD\KEYPAD.ASM 163 : Found opcode in column 1. (MOVLW)
Warning[203] C:\YAZOKULU\KEYPAD\KEYPAD.ASM 164 : Found opcode in column 1. (MOVWF)
Warning[203] C:\YAZOKULU\KEYPAD\KEYPAD.ASM 165 : Found opcode in column 1. (RETURN)
Warning[203] C:\YAZOKULU\KEYPAD\KEYPAD.ASM 167 : Found opcode in column 1. (BTFSC)
Warning[203] C:\YAZOKULU\KEYPAD\KEYPAD.ASM 168 : Found opcode in column 1. (GOTO)
Warning[203] C:\YAZOKULU\KEYPAD\KEYPAD.ASM 169 : Found opcode in column 1. (MOVLW)
Warning[203] C:\YAZOKULU\KEYPAD\KEYPAD.ASM 170 : Found opcode in column 1. (MOVWF)
Warning[203] C:\YAZOKULU\KEYPAD\KEYPAD.ASM 171 : Found opcode in column 1. (MOVLW)
Warning[203] C:\YAZOKULU\KEYPAD\KEYPAD.ASM 172 : Found opcode in column 1. (MOVWF)
Warning[203] C:\YAZOKULU\KEYPAD\KEYPAD.ASM 173 : Found opcode in column 1. (RETURN)
Warning[203] C:\YAZOKULU\KEYPAD\KEYPAD.ASM 175 : Found opcode in column 1. (BTFSC)
Warning[203] C:\YAZOKULU\KEYPAD\KEYPAD.ASM 176 : Found opcode in column 1. (GOTO)
Warning[203] C:\YAZOKULU\KEYPAD\KEYPAD.ASM 177 : Found opcode in column 1. (MOVLW)
Warning[203] C:\YAZOKULU\KEYPAD\KEYPAD.ASM 178 : Found opcode in column 1. (MOVWF)
Warning[203] C:\YAZOKULU\KEYPAD\KEYPAD.ASM 179 : Found opcode in column 1. (MOVLW)
Warning[203] C:\YAZOKULU\KEYPAD\KEYPAD.ASM 180 : Found opcode in column 1. (MOVWF)
Warning[203] C:\YAZOKULU\KEYPAD\KEYPAD.ASM 181 : Found opcode in column 1. (RETURN)
Warning[203] C:\YAZOKULU\KEYPAD\KEYPAD.ASM 183 : Found opcode in column 1. (BTFSC)
Warning[203] C:\YAZOKULU\KEYPAD\KEYPAD.ASM 184 : Found opcode in column 1. (RETURN)
Warning[203] C:\YAZOKULU\KEYPAD\KEYPAD.ASM 185 : Found opcode in column 1. (MOVLW)
Warning[203] C:\YAZOKULU\KEYPAD\KEYPAD.ASM 186 : Found opcode in column 1. (MOVWF)
Warning[203] C:\YAZOKULU\KEYPAD\KEYPAD.ASM 187 : Found opcode in column 1. (MOVLW)
Warning[203] C:\YAZOKULU\KEYPAD\KEYPAD.ASM 188 : Found opcode in column 1. (MOVWF)
Warning[203] C:\YAZOKULU\KEYPAD\KEYPAD.ASM 189 : Found opcode in column 1. (RETURN)
Warning[203] C:\YAZOKULU\KEYPAD\KEYPAD.ASM 194 : Found opcode in column 1. (MOVLW)
Warning[203] C:\YAZOKULU\KEYPAD\KEYPAD.ASM 195 : Found opcode in column 1. (MOVWF)
Warning[203] C:\YAZOKULU\KEYPAD\KEYPAD.ASM 196 : Found opcode in column 1. (MOVF)
Warning[203] C:\YAZOKULU\KEYPAD\KEYPAD.ASM 197 : Found opcode in column 1. (MOVWF)
Warning[203] C:\YAZOKULU\KEYPAD\KEYPAD.ASM 198 : Found opcode in column 1. (CALL)
Warning[203] C:\YAZOKULU\KEYPAD\KEYPAD.ASM 199 : Found opcode in column 1. (MOVLW)
Warning[203] C:\YAZOKULU\KEYPAD\KEYPAD.ASM 200 : Found opcode in column 1. (MOVWF)
Warning[203] C:\YAZOKULU\KEYPAD\KEYPAD.ASM 201 : Found opcode in column 1. (MOVF)
Warning[203] C:\YAZOKULU\KEYPAD\KEYPAD.ASM 202 : Found opcode in column 1. (MOVWF)
Warning[203] C:\YAZOKULU\KEYPAD\KEYPAD.ASM 203 : Found opcode in column 1. (CALL)
Warning[203] C:\YAZOKULU\KEYPAD\KEYPAD.ASM 204 : Found opcode in column 1. (MOVLW)
Warning[203] C:\YAZOKULU\KEYPAD\KEYPAD.ASM 205 : Found opcode in column 1. (MOVWF)
Warning[203] C:\YAZOKULU\KEYPAD\KEYPAD.ASM 206 : Found opcode in column 1. (MOVF)
Warning[203] C:\YAZOKULU\KEYPAD\KEYPAD.ASM 207 : Found opcode in column 1. (MOVWF)
Warning[203] C:\YAZOKULU\KEYPAD\KEYPAD.ASM 208 : Found opcode in column 1. (CALL)
Warning[203] C:\YAZOKULU\KEYPAD\KEYPAD.ASM 209 : Found opcode in column 1. (MOVLW)
Warning[203] C:\YAZOKULU\KEYPAD\KEYPAD.ASM 210 : Found opcode in column 1. (MOVWF)
Warning[203] C:\YAZOKULU\KEYPAD\KEYPAD.ASM 211 : Found opcode in column 1. (MOVF)
Warning[203] C:\YAZOKULU\KEYPAD\KEYPAD.ASM 212 : Found opcode in column 1. (MOVWF)
Warning[203] C:\YAZOKULU\KEYPAD\KEYPAD.ASM 213 : Found opcode in column 1. (CALL)
Warning[203] C:\YAZOKULU\KEYPAD\KEYPAD.ASM 214 : Found opcode in column 1. (CLRF)
Warning[203] C:\YAZOKULU\KEYPAD\KEYPAD.ASM 215 : Found opcode in column 1. (RETURN)
Warning[205] C:\YAZOKULU\KEYPAD\KEYPAD.ASM 218 : Found directive in column 1. (BANKSEL)
Warning[203] C:\YAZOKULU\KEYPAD\KEYPAD.ASM 219 : Found opcode in column 1. (MOVLW)
Warning[203] C:\YAZOKULU\KEYPAD\KEYPAD.ASM 220 : Found opcode in column 1. (MOVWF)
Warning[203] C:\YAZOKULU\KEYPAD\KEYPAD.ASM 222 : Found opcode in column 1. (MOVLW)
Warning[203] C:\YAZOKULU\KEYPAD\KEYPAD.ASM 223 : Found opcode in column 1. (MOVWF)
Warning[203] C:\YAZOKULU\KEYPAD\KEYPAD.ASM 225 : Found opcode in column 1. (MOVLW)
Warning[203] C:\YAZOKULU\KEYPAD\KEYPAD.ASM 226 : Found opcode in column 1. (MOVWF)
Warning[203] C:\YAZOKULU\KEYPAD\KEYPAD.ASM 228 : Found opcode in column 1. (DECFSZ)
Warning[203] C:\YAZOKULU\KEYPAD\KEYPAD.ASM 229 : Found opcode in column 1. (GOTO)
Warning[203] C:\YAZOKULU\KEYPAD\KEYPAD.ASM 230 : Found opcode in column 1. (DECFSZ)
Warning[203] C:\YAZOKULU\KEYPAD\KEYPAD.ASM 231 : Found opcode in column 1. (GOTO)
Warning[203] C:\YAZOKULU\KEYPAD\KEYPAD.ASM 232 : Found opcode in column 1. (DECFSZ)
Warning[203] C:\YAZOKULU\KEYPAD\KEYPAD.ASM 233 : Found opcode in column 1. (GOTO)
Warning[203] C:\YAZOKULU\KEYPAD\KEYPAD.ASM 234 : Found opcode in column 1. (RETURN)
Warning[205] C:\YAZOKULU\KEYPAD\KEYPAD.ASM 242 : Found directive in column 1. (END)
